#
# There is insufficient memory for the Java Runtime Environment to continue.
# Native memory allocation (malloc) failed to allocate 208848 bytes for Chunk::new
# Possible reasons:
#   The system is out of physical RAM or swap space
#   The process is running with CompressedOops enabled, and the Java Heap may be blocking the growth of the native heap
# Possible solutions:
#   Reduce memory load on the system
#   Increase physical memory or swap space
#   Check if swap backing store is full
#   Decrease Java heap size (-Xmx/-Xms)
#   Decrease number of Java threads
#   Decrease Java thread stack sizes (-Xss)
#   Set larger code cache with -XX:ReservedCodeCacheSize=
#   JVM is running with Unscaled Compressed Oops mode in which the Java heap is
#     placed in the first 4GB address space. The Java Heap base address is the
#     maximum limit for the native heap growth. Please use -XX:HeapBaseMinAddress
#     to set the Java Heap base and to place the Java Heap above 4GB virtual address.
# This output file may be truncated or incomplete.
#
#  Out of Memory Error (./open/src/hotspot/share/memory/arena.cpp:195), pid=14316, tid=12544
#
# JRE version: Java(TM) SE Runtime Environment (15.0.2+7) (build 15.0.2+7-27)
# Java VM: Java HotSpot(TM) 64-Bit Server VM (15.0.2+7-27, mixed mode, sharing, tiered, compressed oops, g1 gc, windows-amd64)
# No core dump will be written. Minidumps are not enabled by default on client versions of Windows
#

---------------  S U M M A R Y ------------

Command Line: -Dfile.encoding=Cp1250 -XX:+ShowCodeDetailsInExceptionMessages flota.Main

Host: Intel(R) Core(TM) i5-9300HF CPU @ 2.40GHz, 8 cores, 7G,  Windows 10 , 64 bit Build 19041 (10.0.19041.1023)
Time: Tue Jul  6 21:20:07 2021 Œrodkowoeuropejski czas letni elapsed time: 8.678317 seconds (0d 0h 0m 8s)

---------------  T H R E A D  ---------------

Current thread (0x0000020eebe5f870):  JavaThread "C2 CompilerThread1" daemon [_thread_in_native, id=12544, stack(0x0000005c64900000,0x0000005c64a00000)]


Current CompileTask:
C2:   8678 2443       4       java.lang.Class::getInterfaces (49 bytes)

Stack: [0x0000005c64900000,0x0000005c64a00000]
Native frames: (J=compiled Java code, j=interpreted, Vv=VM code, C=native code)
V  [jvm.dll+0x62ae9a]
V  [jvm.dll+0x7817a9]
V  [jvm.dll+0x782f03]
V  [jvm.dll+0x783563]
V  [jvm.dll+0x216325]
V  [jvm.dll+0x97f3a]
V  [jvm.dll+0x9861c]
V  [jvm.dll+0x32e305]
V  [jvm.dll+0x2f768a]
V  [jvm.dll+0x2f6a4a]
V  [jvm.dll+0x1ea705]
V  [jvm.dll+0x1e996e]
V  [jvm.dll+0x178567]
V  [jvm.dll+0x1f9225]
V  [jvm.dll+0x1f72cc]
V  [jvm.dll+0x74495d]
V  [jvm.dll+0x73d75a]
V  [jvm.dll+0x629c56]
C  [ucrtbase.dll+0x21bb2]
C  [KERNEL32.DLL+0x17034]
C  [ntdll.dll+0x52651]


---------------  P R O C E S S  ---------------

Threads class SMR info:
_java_thread_list=0x0000020ef519da30, length=18, elements={
0x0000020eebe2f740, 0x0000020eebe30220, 0x0000020eebe49670, 0x0000020eebe4bf40,
0x0000020eebe4ce10, 0x0000020eebe5c4e0, 0x0000020eebe616d0, 0x0000020eebe63ff0,
0x0000020eec8ad3e0, 0x0000020eec8cdda0, 0x0000020eecab6e30, 0x0000020eecab7300,
0x0000020eecb2d650, 0x0000020eecb2a300, 0x0000020ecb37f810, 0x0000020eed9a2170,
0x0000020ef490b4b0, 0x0000020eebe5f870
}

Java Threads: ( => current thread )
  0x0000020eebe2f740 JavaThread "Reference Handler" daemon [_thread_blocked, id=8788, stack(0x0000005c63200000,0x0000005c63300000)]
  0x0000020eebe30220 JavaThread "Finalizer" daemon [_thread_blocked, id=10388, stack(0x0000005c63300000,0x0000005c63400000)]
  0x0000020eebe49670 JavaThread "Signal Dispatcher" daemon [_thread_blocked, id=10512, stack(0x0000005c63400000,0x0000005c63500000)]
  0x0000020eebe4bf40 JavaThread "Attach Listener" daemon [_thread_blocked, id=6472, stack(0x0000005c63500000,0x0000005c63600000)]
  0x0000020eebe4ce10 JavaThread "Service Thread" daemon [_thread_blocked, id=13044, stack(0x0000005c63600000,0x0000005c63700000)]
  0x0000020eebe5c4e0 JavaThread "C2 CompilerThread0" daemon [_thread_in_native, id=10948, stack(0x0000005c63700000,0x0000005c63800000)]
  0x0000020eebe616d0 JavaThread "C1 CompilerThread0" daemon [_thread_in_native, id=13556, stack(0x0000005c63800000,0x0000005c63900000)]
  0x0000020eebe63ff0 JavaThread "Sweeper thread" daemon [_thread_blocked, id=5960, stack(0x0000005c63900000,0x0000005c63a00000)]
  0x0000020eec8ad3e0 JavaThread "Notification Thread" daemon [_thread_blocked, id=11608, stack(0x0000005c63a00000,0x0000005c63b00000)]
  0x0000020eec8cdda0 JavaThread "Common-Cleaner" daemon [_thread_blocked, id=12892, stack(0x0000005c63c00000,0x0000005c63d00000)]
  0x0000020eecab6e30 JavaThread "Java2D Disposer" daemon [_thread_blocked, id=13532, stack(0x0000005c63d00000,0x0000005c63e00000)]
  0x0000020eecab7300 JavaThread "AWT-Shutdown" [_thread_blocked, id=13496, stack(0x0000005c63e00000,0x0000005c63f00000)]
  0x0000020eecb2d650 JavaThread "AWT-Windows" daemon [_thread_in_native, id=5048, stack(0x0000005c63f00000,0x0000005c64000000)]
  0x0000020eecb2a300 JavaThread "AWT-EventQueue-0" [_thread_in_vm, id=4808, stack(0x0000005c64000000,0x0000005c64100000)]
  0x0000020ecb37f810 JavaThread "DestroyJavaVM" [_thread_blocked, id=13348, stack(0x0000005c62b00000,0x0000005c62c00000)]
  0x0000020eed9a2170 JavaThread "D3D Screen Updater" daemon [_thread_blocked, id=10536, stack(0x0000005c64700000,0x0000005c64800000)]
  0x0000020ef490b4b0 JavaThread "TimerQueue" daemon [_thread_blocked, id=12656, stack(0x0000005c64800000,0x0000005c64900000)]
=>0x0000020eebe5f870 JavaThread "C2 CompilerThread1" daemon [_thread_in_native, id=12544, stack(0x0000005c64900000,0x0000005c64a00000)]

Other Threads:
  0x0000020eebe2bfa0 VMThread "VM Thread" [stack: 0x0000005c63100000,0x0000005c63200000] [id=4056]
  0x0000020eec8bd0f0 WatcherThread [stack: 0x0000005c63b00000,0x0000005c63c00000] [id=2948]
  0x0000020ecb3bfb50 GCTaskThread "GC Thread#0" [stack: 0x0000005c62c00000,0x0000005c62d00000] [id=3276]
  0x0000020eed40c460 GCTaskThread "GC Thread#1" [stack: 0x0000005c64a00000,0x0000005c64b00000] [id=13544]
  0x0000020eed40f430 GCTaskThread "GC Thread#2" [stack: 0x0000005c64b00000,0x0000005c64c00000] [id=7088]
  0x0000020eed40f100 GCTaskThread "GC Thread#3" [stack: 0x0000005c64c00000,0x0000005c64d00000] [id=11044]
  0x0000020eed40c790 GCTaskThread "GC Thread#4" [stack: 0x0000005c64d00000,0x0000005c64e00000] [id=3744]
  0x0000020eed40d450 GCTaskThread "GC Thread#5" [stack: 0x0000005c64e00000,0x0000005c64f00000] [id=3056]
  0x0000020ecb3d2120 ConcurrentGCThread "G1 Main Marker" [stack: 0x0000005c62d00000,0x0000005c62e00000] [id=1856]
  0x0000020ecb3d2c20 ConcurrentGCThread "G1 Conc#0" [stack: 0x0000005c62e00000,0x0000005c62f00000] [id=11400]
  0x0000020ecb450700 ConcurrentGCThread "G1 Refine#0" [stack: 0x0000005c62f00000,0x0000005c63000000] [id=13584]
  0x0000020eec9adaa0 ConcurrentGCThread "G1 Refine#1" [stack: 0x0000005c64f00000,0x0000005c65000000] [id=12596]
  0x0000020ecb4510b0 ConcurrentGCThread "G1 Young RemSet Sampling" [stack: 0x0000005c63000000,0x0000005c63100000] [id=13736]

Threads with active compile tasks:
C2 CompilerThread0     8703 2442       4       java.lang.Class::getInterfaces (6 bytes)
C1 CompilerThread0     8703 2458       3       java.awt.geom.Rectangle2D$Float::<init> (14 bytes)
C2 CompilerThread1     8703 2443       4       java.lang.Class::getInterfaces (49 bytes)

VM state: not at safepoint (normal execution)

VM Mutex/Monitor currently owned by a thread: None

Heap address: 0x0000000081200000, size: 2030 MB, Compressed Oops mode: 32-bit
CDS archive(s) mapped at: [0x0000000800000000-0x0000000800b50000-0x0000000800b50000), size 11862016, SharedBaseAddress: 0x0000000800000000, ArchiveRelocationMode: 0.
Compressed class space mapped at: 0x0000000800b50000-0x0000000840b50000, size: 1073741824
Narrow klass base: 0x0000000800000000, Narrow klass shift: 3, Narrow klass range: 0x100000000

GC Precious Log:
 CPUs: 8 total, 8 available
 Memory: 8112M
 Large Page Support: Disabled
 NUMA Support: Disabled
 Compressed Oops: Enabled (32-bit)
 Heap Region Size: 1M
 Heap Min Capacity: 8M
 Heap Initial Capacity: 128M
 Heap Max Capacity: 2030M
 Pre-touch: Disabled
 Parallel Workers: 8
 Concurrent Workers: 2
 Concurrent Refinement Workers: 8
 Periodic GC: Disabled

Heap:
 garbage-first heap   total 131072K, used 10532K [0x0000000081200000, 0x0000000100000000)
  region size 1024K, 5 young (5120K), 3 survivors (3072K)
 Metaspace       used 14885K, capacity 15297K, committed 15488K, reserved 1062912K
  class space    used 1704K, capacity 1875K, committed 1920K, reserved 1048576K

Heap Regions: E=young(eden), S=young(survivor), O=old, HS=humongous(starts), HC=humongous(continues), CS=collection set, F=free, OA=open archive, CA=closed archive, TAMS=top-at-mark-start (previous, next)
|   0|0x0000000081200000, 0x0000000081300000, 0x0000000081300000|100%|HS|  |TAMS 0x0000000081200000, 0x0000000081200000| Complete 
|   1|0x0000000081300000, 0x0000000081400000, 0x0000000081400000|100%|HC|  |TAMS 0x0000000081300000, 0x0000000081300000| Complete 
|   2|0x0000000081400000, 0x0000000081500000, 0x0000000081500000|100%|HC|  |TAMS 0x0000000081400000, 0x0000000081400000| Complete 
|   3|0x0000000081500000, 0x0000000081600000, 0x0000000081600000|100%|HC|  |TAMS 0x0000000081500000, 0x0000000081500000| Complete 
|   4|0x0000000081600000, 0x0000000081700000, 0x0000000081700000|100%|HC|  |TAMS 0x0000000081600000, 0x0000000081600000| Complete 
|   5|0x0000000081700000, 0x0000000081800000, 0x0000000081800000|100%| O|  |TAMS 0x0000000081700000, 0x0000000081700000| Untracked 
|   6|0x0000000081800000, 0x0000000081849000, 0x0000000081900000| 28%| O|  |TAMS 0x0000000081800000, 0x0000000081800000| Untracked 
|   7|0x0000000081900000, 0x0000000081900000, 0x0000000081a00000|  0%| F|  |TAMS 0x0000000081900000, 0x0000000081900000| Untracked 
|   8|0x0000000081a00000, 0x0000000081a00000, 0x0000000081b00000|  0%| F|  |TAMS 0x0000000081a00000, 0x0000000081a00000| Untracked 
|   9|0x0000000081b00000, 0x0000000081b00000, 0x0000000081c00000|  0%| F|  |TAMS 0x0000000081b00000, 0x0000000081b00000| Untracked 
|  10|0x0000000081c00000, 0x0000000081c00000, 0x0000000081d00000|  0%| F|  |TAMS 0x0000000081c00000, 0x0000000081c00000| Untracked 
|  11|0x0000000081d00000, 0x0000000081d00000, 0x0000000081e00000|  0%| F|  |TAMS 0x0000000081d00000, 0x0000000081d00000| Untracked 
|  12|0x0000000081e00000, 0x0000000081e00000, 0x0000000081f00000|  0%| F|  |TAMS 0x0000000081e00000, 0x0000000081e00000| Untracked 
|  13|0x0000000081f00000, 0x0000000081f00000, 0x0000000082000000|  0%| F|  |TAMS 0x0000000081f00000, 0x0000000081f00000| Untracked 
|  14|0x0000000082000000, 0x0000000082000000, 0x0000000082100000|  0%| F|  |TAMS 0x0000000082000000, 0x0000000082000000| Untracked 
|  15|0x0000000082100000, 0x0000000082100000, 0x0000000082200000|  0%| F|  |TAMS 0x0000000082100000, 0x0000000082100000| Untracked 
|  16|0x0000000082200000, 0x0000000082200000, 0x0000000082300000|  0%| F|  |TAMS 0x0000000082200000, 0x0000000082200000| Untracked 
|  17|0x0000000082300000, 0x0000000082300000, 0x0000000082400000|  0%| F|  |TAMS 0x0000000082300000, 0x0000000082300000| Untracked 
|  18|0x0000000082400000, 0x0000000082400000, 0x0000000082500000|  0%| F|  |TAMS 0x0000000082400000, 0x0000000082400000| Untracked 
|  19|0x0000000082500000, 0x0000000082500000, 0x0000000082600000|  0%| F|  |TAMS 0x0000000082500000, 0x0000000082500000| Untracked 
|  20|0x0000000082600000, 0x0000000082600000, 0x0000000082700000|  0%| F|  |TAMS 0x0000000082600000, 0x0000000082600000| Untracked 
|  21|0x0000000082700000, 0x0000000082700000, 0x0000000082800000|  0%| F|  |TAMS 0x0000000082700000, 0x0000000082700000| Untracked 
|  22|0x0000000082800000, 0x0000000082800000, 0x0000000082900000|  0%| F|  |TAMS 0x0000000082800000, 0x0000000082800000| Untracked 
|  23|0x0000000082900000, 0x0000000082900000, 0x0000000082a00000|  0%| F|  |TAMS 0x0000000082900000, 0x0000000082900000| Untracked 
|  24|0x0000000082a00000, 0x0000000082a00000, 0x0000000082b00000|  0%| F|  |TAMS 0x0000000082a00000, 0x0000000082a00000| Untracked 
|  25|0x0000000082b00000, 0x0000000082b00000, 0x0000000082c00000|  0%| F|  |TAMS 0x0000000082b00000, 0x0000000082b00000| Untracked 
|  26|0x0000000082c00000, 0x0000000082c00000, 0x0000000082d00000|  0%| F|  |TAMS 0x0000000082c00000, 0x0000000082c00000| Untracked 
|  27|0x0000000082d00000, 0x0000000082d00000, 0x0000000082e00000|  0%| F|  |TAMS 0x0000000082d00000, 0x0000000082d00000| Untracked 
|  28|0x0000000082e00000, 0x0000000082e00000, 0x0000000082f00000|  0%| F|  |TAMS 0x0000000082e00000, 0x0000000082e00000| Untracked 
|  29|0x0000000082f00000, 0x0000000082f00000, 0x0000000083000000|  0%| F|  |TAMS 0x0000000082f00000, 0x0000000082f00000| Untracked 
|  30|0x0000000083000000, 0x0000000083000000, 0x0000000083100000|  0%| F|  |TAMS 0x0000000083000000, 0x0000000083000000| Untracked 
|  31|0x0000000083100000, 0x0000000083100000, 0x0000000083200000|  0%| F|  |TAMS 0x0000000083100000, 0x0000000083100000| Untracked 
|  32|0x0000000083200000, 0x0000000083200000, 0x0000000083300000|  0%| F|  |TAMS 0x0000000083200000, 0x0000000083200000| Untracked 
|  33|0x0000000083300000, 0x0000000083300000, 0x0000000083400000|  0%| F|  |TAMS 0x0000000083300000, 0x0000000083300000| Untracked 
|  34|0x0000000083400000, 0x0000000083400000, 0x0000000083500000|  0%| F|  |TAMS 0x0000000083400000, 0x0000000083400000| Untracked 
|  35|0x0000000083500000, 0x0000000083500000, 0x0000000083600000|  0%| F|  |TAMS 0x0000000083500000, 0x0000000083500000| Untracked 
|  36|0x0000000083600000, 0x0000000083600000, 0x0000000083700000|  0%| F|  |TAMS 0x0000000083600000, 0x0000000083600000| Untracked 
|  37|0x0000000083700000, 0x0000000083700000, 0x0000000083800000|  0%| F|  |TAMS 0x0000000083700000, 0x0000000083700000| Untracked 
|  38|0x0000000083800000, 0x0000000083800000, 0x0000000083900000|  0%| F|  |TAMS 0x0000000083800000, 0x0000000083800000| Untracked 
|  39|0x0000000083900000, 0x0000000083900000, 0x0000000083a00000|  0%| F|  |TAMS 0x0000000083900000, 0x0000000083900000| Untracked 
|  40|0x0000000083a00000, 0x0000000083a00000, 0x0000000083b00000|  0%| F|  |TAMS 0x0000000083a00000, 0x0000000083a00000| Untracked 
|  41|0x0000000083b00000, 0x0000000083b00000, 0x0000000083c00000|  0%| F|  |TAMS 0x0000000083b00000, 0x0000000083b00000| Untracked 
|  42|0x0000000083c00000, 0x0000000083c00000, 0x0000000083d00000|  0%| F|  |TAMS 0x0000000083c00000, 0x0000000083c00000| Untracked 
|  43|0x0000000083d00000, 0x0000000083d00000, 0x0000000083e00000|  0%| F|  |TAMS 0x0000000083d00000, 0x0000000083d00000| Untracked 
|  44|0x0000000083e00000, 0x0000000083e00000, 0x0000000083f00000|  0%| F|  |TAMS 0x0000000083e00000, 0x0000000083e00000| Untracked 
|  45|0x0000000083f00000, 0x0000000083f00000, 0x0000000084000000|  0%| F|  |TAMS 0x0000000083f00000, 0x0000000083f00000| Untracked 
|  46|0x0000000084000000, 0x0000000084000000, 0x0000000084100000|  0%| F|  |TAMS 0x0000000084000000, 0x0000000084000000| Untracked 
|  47|0x0000000084100000, 0x0000000084100000, 0x0000000084200000|  0%| F|  |TAMS 0x0000000084100000, 0x0000000084100000| Untracked 
|  48|0x0000000084200000, 0x0000000084200000, 0x0000000084300000|  0%| F|  |TAMS 0x0000000084200000, 0x0000000084200000| Untracked 
|  49|0x0000000084300000, 0x0000000084300000, 0x0000000084400000|  0%| F|  |TAMS 0x0000000084300000, 0x0000000084300000| Untracked 
|  50|0x0000000084400000, 0x0000000084400000, 0x0000000084500000|  0%| F|  |TAMS 0x0000000084400000, 0x0000000084400000| Untracked 
|  51|0x0000000084500000, 0x0000000084500000, 0x0000000084600000|  0%| F|  |TAMS 0x0000000084500000, 0x0000000084500000| Untracked 
|  52|0x0000000084600000, 0x0000000084600000, 0x0000000084700000|  0%| F|  |TAMS 0x0000000084600000, 0x0000000084600000| Untracked 
|  53|0x0000000084700000, 0x0000000084700000, 0x0000000084800000|  0%| F|  |TAMS 0x0000000084700000, 0x0000000084700000| Untracked 
|  54|0x0000000084800000, 0x0000000084800000, 0x0000000084900000|  0%| F|  |TAMS 0x0000000084800000, 0x0000000084800000| Untracked 
|  55|0x0000000084900000, 0x0000000084900000, 0x0000000084a00000|  0%| F|  |TAMS 0x0000000084900000, 0x0000000084900000| Untracked 
|  56|0x0000000084a00000, 0x0000000084a00000, 0x0000000084b00000|  0%| F|  |TAMS 0x0000000084a00000, 0x0000000084a00000| Untracked 
|  57|0x0000000084b00000, 0x0000000084b00000, 0x0000000084c00000|  0%| F|  |TAMS 0x0000000084b00000, 0x0000000084b00000| Untracked 
|  58|0x0000000084c00000, 0x0000000084c00000, 0x0000000084d00000|  0%| F|  |TAMS 0x0000000084c00000, 0x0000000084c00000| Untracked 
|  59|0x0000000084d00000, 0x0000000084d00000, 0x0000000084e00000|  0%| F|  |TAMS 0x0000000084d00000, 0x0000000084d00000| Untracked 
|  60|0x0000000084e00000, 0x0000000084e00000, 0x0000000084f00000|  0%| F|  |TAMS 0x0000000084e00000, 0x0000000084e00000| Untracked 
|  61|0x0000000084f00000, 0x0000000084f00000, 0x0000000085000000|  0%| F|  |TAMS 0x0000000084f00000, 0x0000000084f00000| Untracked 
|  62|0x0000000085000000, 0x0000000085000000, 0x0000000085100000|  0%| F|  |TAMS 0x0000000085000000, 0x0000000085000000| Untracked 
|  63|0x0000000085100000, 0x0000000085100000, 0x0000000085200000|  0%| F|  |TAMS 0x0000000085100000, 0x0000000085100000| Untracked 
|  64|0x0000000085200000, 0x0000000085200000, 0x0000000085300000|  0%| F|  |TAMS 0x0000000085200000, 0x0000000085200000| Untracked 
|  65|0x0000000085300000, 0x0000000085300000, 0x0000000085400000|  0%| F|  |TAMS 0x0000000085300000, 0x0000000085300000| Untracked 
|  66|0x0000000085400000, 0x0000000085400000, 0x0000000085500000|  0%| F|  |TAMS 0x0000000085400000, 0x0000000085400000| Untracked 
|  67|0x0000000085500000, 0x0000000085500000, 0x0000000085600000|  0%| F|  |TAMS 0x0000000085500000, 0x0000000085500000| Untracked 
|  68|0x0000000085600000, 0x0000000085600000, 0x0000000085700000|  0%| F|  |TAMS 0x0000000085600000, 0x0000000085600000| Untracked 
|  69|0x0000000085700000, 0x0000000085700000, 0x0000000085800000|  0%| F|  |TAMS 0x0000000085700000, 0x0000000085700000| Untracked 
|  70|0x0000000085800000, 0x0000000085800000, 0x0000000085900000|  0%| F|  |TAMS 0x0000000085800000, 0x0000000085800000| Untracked 
|  71|0x0000000085900000, 0x0000000085900000, 0x0000000085a00000|  0%| F|  |TAMS 0x0000000085900000, 0x0000000085900000| Untracked 
|  72|0x0000000085a00000, 0x0000000085a00000, 0x0000000085b00000|  0%| F|  |TAMS 0x0000000085a00000, 0x0000000085a00000| Untracked 
|  73|0x0000000085b00000, 0x0000000085b00000, 0x0000000085c00000|  0%| F|  |TAMS 0x0000000085b00000, 0x0000000085b00000| Untracked 
|  74|0x0000000085c00000, 0x0000000085c00000, 0x0000000085d00000|  0%| F|  |TAMS 0x0000000085c00000, 0x0000000085c00000| Untracked 
|  75|0x0000000085d00000, 0x0000000085d00000, 0x0000000085e00000|  0%| F|  |TAMS 0x0000000085d00000, 0x0000000085d00000| Untracked 
|  76|0x0000000085e00000, 0x0000000085e00000, 0x0000000085f00000|  0%| F|  |TAMS 0x0000000085e00000, 0x0000000085e00000| Untracked 
|  77|0x0000000085f00000, 0x0000000085f00000, 0x0000000086000000|  0%| F|  |TAMS 0x0000000085f00000, 0x0000000085f00000| Untracked 
|  78|0x0000000086000000, 0x0000000086000000, 0x0000000086100000|  0%| F|  |TAMS 0x0000000086000000, 0x0000000086000000| Untracked 
|  79|0x0000000086100000, 0x0000000086100000, 0x0000000086200000|  0%| F|  |TAMS 0x0000000086100000, 0x0000000086100000| Untracked 
|  80|0x0000000086200000, 0x0000000086200000, 0x0000000086300000|  0%| F|  |TAMS 0x0000000086200000, 0x0000000086200000| Untracked 
|  81|0x0000000086300000, 0x0000000086300000, 0x0000000086400000|  0%| F|  |TAMS 0x0000000086300000, 0x0000000086300000| Untracked 
|  82|0x0000000086400000, 0x0000000086400000, 0x0000000086500000|  0%| F|  |TAMS 0x0000000086400000, 0x0000000086400000| Untracked 
|  83|0x0000000086500000, 0x0000000086500000, 0x0000000086600000|  0%| F|  |TAMS 0x0000000086500000, 0x0000000086500000| Untracked 
|  84|0x0000000086600000, 0x0000000086600000, 0x0000000086700000|  0%| F|  |TAMS 0x0000000086600000, 0x0000000086600000| Untracked 
|  85|0x0000000086700000, 0x0000000086700000, 0x0000000086800000|  0%| F|  |TAMS 0x0000000086700000, 0x0000000086700000| Untracked 
|  86|0x0000000086800000, 0x0000000086800000, 0x0000000086900000|  0%| F|  |TAMS 0x0000000086800000, 0x0000000086800000| Untracked 
|  87|0x0000000086900000, 0x0000000086900000, 0x0000000086a00000|  0%| F|  |TAMS 0x0000000086900000, 0x0000000086900000| Untracked 
|  88|0x0000000086a00000, 0x0000000086a00000, 0x0000000086b00000|  0%| F|  |TAMS 0x0000000086a00000, 0x0000000086a00000| Untracked 
|  89|0x0000000086b00000, 0x0000000086b00000, 0x0000000086c00000|  0%| F|  |TAMS 0x0000000086b00000, 0x0000000086b00000| Untracked 
|  90|0x0000000086c00000, 0x0000000086c00000, 0x0000000086d00000|  0%| F|  |TAMS 0x0000000086c00000, 0x0000000086c00000| Untracked 
|  91|0x0000000086d00000, 0x0000000086d00000, 0x0000000086e00000|  0%| F|  |TAMS 0x0000000086d00000, 0x0000000086d00000| Untracked 
|  92|0x0000000086e00000, 0x0000000086e00000, 0x0000000086f00000|  0%| F|  |TAMS 0x0000000086e00000, 0x0000000086e00000| Untracked 
|  93|0x0000000086f00000, 0x0000000086f00000, 0x0000000087000000|  0%| F|  |TAMS 0x0000000086f00000, 0x0000000086f00000| Untracked 
|  94|0x0000000087000000, 0x0000000087000000, 0x0000000087100000|  0%| F|  |TAMS 0x0000000087000000, 0x0000000087000000| Untracked 
|  95|0x0000000087100000, 0x0000000087100000, 0x0000000087200000|  0%| F|  |TAMS 0x0000000087100000, 0x0000000087100000| Untracked 
|  96|0x0000000087200000, 0x0000000087200000, 0x0000000087300000|  0%| F|  |TAMS 0x0000000087200000, 0x0000000087200000| Untracked 
|  97|0x0000000087300000, 0x0000000087300000, 0x0000000087400000|  0%| F|  |TAMS 0x0000000087300000, 0x0000000087300000| Untracked 
|  98|0x0000000087400000, 0x0000000087400000, 0x0000000087500000|  0%| F|  |TAMS 0x0000000087400000, 0x0000000087400000| Untracked 
|  99|0x0000000087500000, 0x0000000087500000, 0x0000000087600000|  0%| F|  |TAMS 0x0000000087500000, 0x0000000087500000| Untracked 
| 100|0x0000000087600000, 0x0000000087600000, 0x0000000087700000|  0%| F|  |TAMS 0x0000000087600000, 0x0000000087600000| Untracked 
| 101|0x0000000087700000, 0x0000000087700000, 0x0000000087800000|  0%| F|  |TAMS 0x0000000087700000, 0x0000000087700000| Untracked 
| 102|0x0000000087800000, 0x0000000087900000, 0x0000000087900000|100%| S|CS|TAMS 0x0000000087800000, 0x0000000087800000| Complete 
| 103|0x0000000087900000, 0x0000000087a00000, 0x0000000087a00000|100%| S|CS|TAMS 0x0000000087900000, 0x0000000087900000| Complete 
| 104|0x0000000087a00000, 0x0000000087b00000, 0x0000000087b00000|100%| S|CS|TAMS 0x0000000087a00000, 0x0000000087a00000| Complete 
| 105|0x0000000087b00000, 0x0000000087b00000, 0x0000000087c00000|  0%| F|  |TAMS 0x0000000087b00000, 0x0000000087b00000| Untracked 
| 106|0x0000000087c00000, 0x0000000087c00000, 0x0000000087d00000|  0%| F|  |TAMS 0x0000000087c00000, 0x0000000087c00000| Untracked 
| 107|0x0000000087d00000, 0x0000000087d00000, 0x0000000087e00000|  0%| F|  |TAMS 0x0000000087d00000, 0x0000000087d00000| Untracked 
| 108|0x0000000087e00000, 0x0000000087e00000, 0x0000000087f00000|  0%| F|  |TAMS 0x0000000087e00000, 0x0000000087e00000| Untracked 
| 109|0x0000000087f00000, 0x0000000087f00000, 0x0000000088000000|  0%| F|  |TAMS 0x0000000087f00000, 0x0000000087f00000| Untracked 
| 110|0x0000000088000000, 0x0000000088000000, 0x0000000088100000|  0%| F|  |TAMS 0x0000000088000000, 0x0000000088000000| Untracked 
| 111|0x0000000088100000, 0x0000000088100000, 0x0000000088200000|  0%| F|  |TAMS 0x0000000088100000, 0x0000000088100000| Untracked 
| 112|0x0000000088200000, 0x0000000088200000, 0x0000000088300000|  0%| F|  |TAMS 0x0000000088200000, 0x0000000088200000| Untracked 
| 113|0x0000000088300000, 0x0000000088300000, 0x0000000088400000|  0%| F|  |TAMS 0x0000000088300000, 0x0000000088300000| Untracked 
| 114|0x0000000088400000, 0x0000000088400000, 0x0000000088500000|  0%| F|  |TAMS 0x0000000088400000, 0x0000000088400000| Untracked 
| 115|0x0000000088500000, 0x0000000088500000, 0x0000000088600000|  0%| F|  |TAMS 0x0000000088500000, 0x0000000088500000| Untracked 
| 116|0x0000000088600000, 0x0000000088600000, 0x0000000088700000|  0%| F|  |TAMS 0x0000000088600000, 0x0000000088600000| Untracked 
| 117|0x0000000088700000, 0x0000000088700000, 0x0000000088800000|  0%| F|  |TAMS 0x0000000088700000, 0x0000000088700000| Untracked 
| 118|0x0000000088800000, 0x0000000088800000, 0x0000000088900000|  0%| F|  |TAMS 0x0000000088800000, 0x0000000088800000| Untracked 
| 119|0x0000000088900000, 0x0000000088900000, 0x0000000088a00000|  0%| F|  |TAMS 0x0000000088900000, 0x0000000088900000| Untracked 
| 120|0x0000000088a00000, 0x0000000088a00000, 0x0000000088b00000|  0%| F|  |TAMS 0x0000000088a00000, 0x0000000088a00000| Untracked 
| 121|0x0000000088b00000, 0x0000000088b00000, 0x0000000088c00000|  0%| F|  |TAMS 0x0000000088b00000, 0x0000000088b00000| Untracked 
| 122|0x0000000088c00000, 0x0000000088c00000, 0x0000000088d00000|  0%| F|  |TAMS 0x0000000088c00000, 0x0000000088c00000| Untracked 
| 123|0x0000000088d00000, 0x0000000088d00000, 0x0000000088e00000|  0%| F|  |TAMS 0x0000000088d00000, 0x0000000088d00000| Untracked 
| 124|0x0000000088e00000, 0x0000000088e00000, 0x0000000088f00000|  0%| F|  |TAMS 0x0000000088e00000, 0x0000000088e00000| Untracked 
| 125|0x0000000088f00000, 0x0000000088f00000, 0x0000000089000000|  0%| F|  |TAMS 0x0000000088f00000, 0x0000000088f00000| Untracked 
| 126|0x0000000089000000, 0x0000000089048310, 0x0000000089100000| 28%| E|  |TAMS 0x0000000089000000, 0x0000000089000000| Complete 
| 127|0x0000000089100000, 0x0000000089200000, 0x0000000089200000|100%| E|CS|TAMS 0x0000000089100000, 0x0000000089100000| Complete 

Card table byte_map: [0x0000020ee4c10000,0x0000020ee5010000] _byte_map_base: 0x0000020ee4807000

Marking Bits (Prev, Next): (CMBitMap*) 0x0000020ecb3c1260, (CMBitMap*) 0x0000020ecb3c12a0
 Prev Bits: [0x0000020ee5410000, 0x0000020ee73c8000)
 Next Bits: [0x0000020ee73d0000, 0x0000020ee9388000)

Polling page: 0x0000020ecb460000

Metaspace:

Usage:
  Non-class:     13.11 MB capacity,    12.87 MB ( 98%) used,   203.52 KB (  2%) free+waste,    37.31 KB ( <1%) overhead. 
      Class:      1.83 MB capacity,     1.66 MB ( 91%) used,   155.59 KB (  8%) free+waste,    15.00 KB ( <1%) overhead. 
       Both:     14.94 MB capacity,    14.54 MB ( 97%) used,   359.11 KB (  2%) free+waste,    52.31 KB ( <1%) overhead. 

Virtual space:
  Non-class space:       14.00 MB reserved,      13.25 MB ( 95%) committed 
      Class space:        1.00 GB reserved,       1.88 MB ( <1%) committed 
             Both:        1.01 GB reserved,      15.12 MB (  1%) committed 

Chunk freelists:
   Non-Class:  18.00 KB
       Class:  13.00 KB
        Both:  31.00 KB

MaxMetaspaceSize: 17179869184.00 GB
CompressedClassSpaceSize: 1.00 GB

CodeHeap 'non-profiled nmethods': size=120000Kb used=818Kb max_used=818Kb free=119181Kb
 bounds [0x0000020edc860000, 0x0000020edcad0000, 0x0000020ee3d90000]
CodeHeap 'profiled nmethods': size=120000Kb used=4623Kb max_used=4623Kb free=115376Kb
 bounds [0x0000020ed5330000, 0x0000020ed57c0000, 0x0000020edc860000]
CodeHeap 'non-nmethods': size=5760Kb used=1371Kb max_used=1392Kb free=4388Kb
 bounds [0x0000020ed4d90000, 0x0000020ed5000000, 0x0000020ed5330000]
 total_blobs=3135 nmethods=2455 adapters=592
 compilation: enabled
              stopped_count=0, restarted_count=0
 full_count=0

Compilation events (20 events):
Event: 8.670 Thread 0x0000020eebe616d0 nmethod 2438 0x0000020ed57ad890 code [0x0000020ed57ada40, 0x0000020ed57add88]
Event: 8.670 Thread 0x0000020eebe616d0 2440       3       sun.awt.SunToolkit::isInstanceOf (71 bytes)
Event: 8.670 Thread 0x0000020eebe5f870 nmethod 2439 0x0000020edc929c90 code [0x0000020edc929e20, 0x0000020edc929ef8]
Event: 8.670 Thread 0x0000020eebe5f870 2443       4       java.lang.Class::getInterfaces (49 bytes)
Event: 8.670 Thread 0x0000020eebe616d0 nmethod 2440 0x0000020ed57ade90 code [0x0000020ed57ae0c0, 0x0000020ed57ae6c8]
Event: 8.670 Thread 0x0000020eebe616d0 2441       3       java.lang.ref.SoftReference::get (29 bytes)
Event: 8.670 Thread 0x0000020eebe616d0 nmethod 2441 0x0000020ed57ae990 code [0x0000020ed57aeb20, 0x0000020ed57aecf8]
Event: 8.670 Thread 0x0000020eebe616d0 2444       3       java.lang.Class::reflectionData (43 bytes)
Event: 8.671 Thread 0x0000020eebe616d0 nmethod 2444 0x0000020ed57aed90 code [0x0000020ed57aef60, 0x0000020ed57af358]
Event: 8.671 Thread 0x0000020eebe616d0 2445  s    3       java.util.Hashtable::remove (133 bytes)
Event: 8.671 Thread 0x0000020eebe616d0 nmethod 2445 0x0000020ed57af490 code [0x0000020ed57af680, 0x0000020ed57afe78]
Event: 8.671 Thread 0x0000020eebe616d0 2446       3       java.util.Hashtable$Enumerator::hasMoreElements (53 bytes)
Event: 8.671 Thread 0x0000020eebe616d0 nmethod 2446 0x0000020ed57b0110 code [0x0000020ed57b02c0, 0x0000020ed57b0598]
Event: 8.674 Thread 0x0000020eebe616d0 2447       3       sun.java2d.SunGraphics2D::constrain (11 bytes)
Event: 8.674 Thread 0x0000020eebe616d0 nmethod 2447 0x0000020ed57b0690 code [0x0000020ed57b0840, 0x0000020ed57b0968]
Event: 8.675 Thread 0x0000020eebe616d0 2448       3       sun.java2d.loops.ProcessPath::TESTANDCLIP (99 bytes)
Event: 8.675 Thread 0x0000020eebe616d0 nmethod 2448 0x0000020ed57b0a10 code [0x0000020ed57b0be0, 0x0000020ed57b1028]
Event: 8.675 Thread 0x0000020eebe616d0 2450       1       javax.swing.text.AbstractDocument$LeafElement::isLeaf (2 bytes)
Event: 8.675 Thread 0x0000020eebe616d0 nmethod 2450 0x0000020edc92a010 code [0x0000020edc92a1a0, 0x0000020edc92a258]
Event: 8.675 Thread 0x0000020eebe616d0 2451       3       sun.swing.ImageCache$Entry::equals (147 bytes)

GC Heap History (2 events):
Event: 8.663 GC heap before
{Heap before GC invocations=0 (full 0):
 garbage-first heap   total 131072K, used 28672K [0x0000000081200000, 0x0000000100000000)
  region size 1024K, 23 young (23552K), 0 survivors (0K)
 Metaspace       used 14870K, capacity 15297K, committed 15488K, reserved 1062912K
  class space    used 1703K, capacity 1875K, committed 1920K, reserved 1048576K
}
Event: 8.668 GC heap after
{Heap after GC invocations=1 (full 0):
 garbage-first heap   total 131072K, used 9508K [0x0000000081200000, 0x0000000100000000)
  region size 1024K, 3 young (3072K), 3 survivors (3072K)
 Metaspace       used 14870K, capacity 15297K, committed 15488K, reserved 1062912K
  class space    used 1703K, capacity 1875K, committed 1920K, reserved 1048576K
}

Deoptimization events (20 events):
Event: 8.669 Thread 0x0000020eecb2a300 Uncommon trap: trap_request=0xffffff45 fr.pc=0x0000020edc8f3af0 relative=0x00000000000014d0
Event: 8.669 Thread 0x0000020eecb2a300 Uncommon trap: reason=unstable_if action=reinterpret pc=0x0000020edc8f3af0 method=java.beans.ChangeListenerMap.get(Ljava/lang/String;)[Ljava/util/EventListener; @ 4 c2
Event: 8.669 Thread 0x0000020eecb2a300 DEOPT PACKING pc=0x0000020edc8f3af0 sp=0x0000005c640fd8f0
Event: 8.669 Thread 0x0000020eecb2a300 DEOPT UNPACKING pc=0x0000020ed4dde42f sp=0x0000005c640fd758 mode 2
Event: 8.670 Thread 0x0000020eecb2a300 Uncommon trap: trap_request=0xffffff45 fr.pc=0x0000020edc8f529c relative=0x000000000000017c
Event: 8.670 Thread 0x0000020eecb2a300 Uncommon trap: reason=unstable_if action=reinterpret pc=0x0000020edc8f529c method=java.lang.ref.SoftReference.get()Ljava/lang/Object; @ 17 c2
Event: 8.670 Thread 0x0000020eecb2a300 DEOPT PACKING pc=0x0000020edc8f529c sp=0x0000005c640fd640
Event: 8.670 Thread 0x0000020eecb2a300 DEOPT UNPACKING pc=0x0000020ed4dde42f sp=0x0000005c640fd588 mode 2
Event: 8.670 Thread 0x0000020eecb2a300 Uncommon trap: trap_request=0xffffff45 fr.pc=0x0000020edc8d5070 relative=0x00000000000000f0
Event: 8.670 Thread 0x0000020eecb2a300 Uncommon trap: reason=unstable_if action=reinterpret pc=0x0000020edc8d5070 method=java.lang.ref.SoftReference.get()Ljava/lang/Object; @ 17 c2
Event: 8.670 Thread 0x0000020eecb2a300 DEOPT PACKING pc=0x0000020edc8d5070 sp=0x0000005c640fd540
Event: 8.670 Thread 0x0000020eecb2a300 DEOPT UNPACKING pc=0x0000020ed4dde42f sp=0x0000005c640fd4f8 mode 2
Event: 8.673 Thread 0x0000020eecb2a300 Uncommon trap: trap_request=0xffffff45 fr.pc=0x0000020edc87a04c relative=0x000000000000022c
Event: 8.673 Thread 0x0000020eecb2a300 Uncommon trap: reason=unstable_if action=reinterpret pc=0x0000020edc87a04c method=java.lang.String.isLatin1()Z @ 10 c2
Event: 8.673 Thread 0x0000020eecb2a300 DEOPT PACKING pc=0x0000020edc87a04c sp=0x0000005c640fd2c0
Event: 8.673 Thread 0x0000020eecb2a300 DEOPT UNPACKING pc=0x0000020ed4dde42f sp=0x0000005c640fd1f0 mode 2
Event: 8.673 Thread 0x0000020eecb2a300 Uncommon trap: trap_request=0xffffff45 fr.pc=0x0000020edc8ec3c4 relative=0x00000000000001a4
Event: 8.673 Thread 0x0000020eecb2a300 Uncommon trap: reason=unstable_if action=reinterpret pc=0x0000020edc8ec3c4 method=java.util.Calendar.getSetStateFields()I @ 19 c2
Event: 8.673 Thread 0x0000020eecb2a300 DEOPT PACKING pc=0x0000020edc8ec3c4 sp=0x0000005c640fd3e0
Event: 8.673 Thread 0x0000020eecb2a300 DEOPT UNPACKING pc=0x0000020ed4dde42f sp=0x0000005c640fd368 mode 2

Classes unloaded (0 events):
No events

Classes redefined (0 events):
No events

Internal exceptions (20 events):
Event: 0.363 Thread 0x0000020eecb2a300 Exception <a 'java/lang/ClassNotFoundException'{0x0000000088d4f6e0}: com/sun/swing/internal/plaf/basic/resources/spi/basicProvider> (0x0000000088d4f6e0) 
thrown [./open/src/hotspot/share/classfile/systemDictionary.cpp, line 295]
Event: 0.421 Thread 0x0000020eecb2a300 Exception <a 'java/lang/NoSuchMethodError'{0x0000000088c64578}: 'java.lang.Object java.lang.invoke.DirectMethodHandle$Holder.invokeSpecial(java.lang.Object, java.lang.Object, long, java.lang.Object, int, int, int, int, java.lang.Object, java.lang.Object, java.lang.Object)'> (0x0000000088c64578) 
thrown [./open/src/hotspot/share/interpreter/linkResolver.cpp, line 782]
Event: 0.421 Thread 0x0000020eecb2a300 Exception <a 'java/lang/NoSuchMethodError'{0x0000000088c68f78}: 'java.lang.Object java.lang.invoke.DelegatingMethodHandle$Holder.reinvoke_L(java.lang.Object, long, java.lang.Object, int, int, int, int, java.lang.Object, java.lang.Object, java.lang.Object)'> (0x0000000088c68f78) 
thrown [./open/src/hotspot/share/interpreter/linkResolver.cpp, line 782]
Event: 0.431 Thread 0x0000020eecb2a300 Exception <a 'java/lang/NoSuchMethodError'{0x0000000088cdd488}: 'java.lang.Object java.lang.invoke.DirectMethodHandle$Holder.invokeSpecial(java.lang.Object, java.lang.Object, long, java.lang.Object, java.lang.Object, java.lang.Object, java.lang.Object, int, java.lang.Object, java.lang.Object, java.lang.Object)'> (0x0000000088cdd488) 
thrown [./open/src/hotspot/share/interpreter/linkResolver.cpp, line 782]
Event: 0.431 Thread 0x0000020eecb2a300 Exception <a 'java/lang/NoSuchMethodError'{0x0000000088ce21e8}: 'java.lang.Object java.lang.invoke.DelegatingMethodHandle$Holder.reinvoke_L(java.lang.Object, long, java.lang.Object, java.lang.Object, java.lang.Object, java.lang.Object, int, java.lang.Object, java.lang.Object, java.lang.Object)'> (0x0000000088ce21e8) 
thrown [./open/src/hotspot/share/interpreter/linkResolver.cpp, line 782]
Event: 0.442 Thread 0x0000020eecb2a300 Exception <a 'java/lang/NoSuchMethodError'{0x0000000088b63800}: 'java.lang.Object java.lang.invoke.DirectMethodHandle$Holder.invokeSpecial(java.lang.Object, java.lang.Object, long, java.lang.Object, java.lang.Object, java.lang.Object, java.lang.Object, java.lang.Object, java.lang.Object, java.lang.Object)'> (0x0000000088b63800) 
thrown [./open/src/hotspot/share/interpreter/linkResolver.cpp, line 782]
Event: 0.442 Thread 0x0000020eecb2a300 Exception <a 'java/lang/NoSuchMethodError'{0x0000000088b68508}: 'java.lang.Object java.lang.invoke.DelegatingMethodHandle$Holder.reinvoke_L(java.lang.Object, long, java.lang.Object, java.lang.Object, java.lang.Object, java.lang.Object, java.lang.Object, java.lang.Object, java.lang.Object)'> (0x0000000088b68508) 
thrown [./open/src/hotspot/share/interpreter/linkResolver.cpp, line 782]
Event: 0.443 Thread 0x0000020eecb2a300 Exception <a 'java/lang/NoSuchMethodError'{0x0000000088b80dc0}: 'java.lang.Object java.lang.invoke.DirectMethodHandle$Holder.invokeSpecial(java.lang.Object, java.lang.Object, java.lang.Object, java.lang.Object, java.lang.Object, java.lang.Object, java.lang.Object, java.lang.Object, java.lang.Object)'> (0x0000000088b80dc0) 
thrown [./open/src/hotspot/share/interpreter/linkResolver.cpp, line 782]
Event: 0.444 Thread 0x0000020eecb2a300 Exception <a 'java/lang/NoSuchMethodError'{0x0000000088b85c48}: 'java.lang.Object java.lang.invoke.Invokers$Holder.linkToTargetMethod(java.lang.Object, java.lang.Object, java.lang.Object, java.lang.Object, java.lang.Object, java.lang.Object, java.lang.Object, java.lang.Object)'> (0x0000000088b85c48) 
thrown [./open/src/hotspot/share/interpreter/linkResolver.cpp, line 782]
Event: 1.610 Thread 0x0000020eecb2a300 Exception <a 'java/lang/NoSuchMethodError'{0x000000008869f458}: 'void java.lang.invoke.DirectMethodHandle$Holder.invokeStatic(java.lang.Object, java.lang.Object)'> (0x000000008869f458) 
thrown [./open/src/hotspot/share/interpreter/linkResolver.cpp, line 782]
Event: 1.610 Thread 0x0000020eecb2a300 Exception <a 'java/lang/NoSuchMethodError'{0x00000000886a3220}: 'void java.lang.invoke.DirectMethodHandle$Holder.invokeStaticInit(java.lang.Object, java.lang.Object)'> (0x00000000886a3220) 
thrown [./open/src/hotspot/share/interpreter/linkResolver.cpp, line 782]
Event: 1.615 Thread 0x0000020eecb2a300 Exception <a 'java/lang/NoSuchMethodError'{0x00000000886ccd48}: 'java.lang.Object java.lang.invoke.DirectMethodHandle$Holder.invokeStatic(java.lang.Object, int, int, int, int)'> (0x00000000886ccd48) 
thrown [./open/src/hotspot/share/interpreter/linkResolver.cpp, line 782]
Event: 1.615 Thread 0x0000020eecb2a300 Exception <a 'java/lang/NoSuchMethodError'{0x00000000886d0b10}: 'java.lang.Object java.lang.invoke.DirectMethodHandle$Holder.invokeStaticInit(java.lang.Object, int, int, int, int)'> (0x00000000886d0b10) 
thrown [./open/src/hotspot/share/interpreter/linkResolver.cpp, line 782]
Event: 1.644 Thread 0x0000020eecb2a300 Exception <a 'java/lang/NoSuchMethodError'{0x000000008853fe48}: 'java.lang.Object java.lang.invoke.DirectMethodHandle$Holder.invokeStatic(java.lang.Object, java.lang.Object, int, int, int, int)'> (0x000000008853fe48) 
thrown [./open/src/hotspot/share/interpreter/linkResolver.cpp, line 782]
Event: 1.645 Thread 0x0000020eecb2a300 Exception <a 'java/lang/NoSuchMethodError'{0x0000000088543db0}: 'java.lang.Object java.lang.invoke.DirectMethodHandle$Holder.invokeStaticInit(java.lang.Object, java.lang.Object, int, int, int, int)'> (0x0000000088543db0) 
thrown [./open/src/hotspot/share/interpreter/linkResolver.cpp, line 782]
Event: 1.706 Thread 0x0000020ef4e76180 Exception <a 'java/lang/NoSuchMethodError'{0x00000000885face0}: 'java.lang.Object java.lang.invoke.DirectMethodHandle$Holder.newInvokeSpecial(java.lang.Object, java.lang.Object, java.lang.Object, int, int, int, int, int)'> (0x00000000885face0) 
thrown [./open/src/hotspot/share/interpreter/linkResolver.cpp, line 782]
Event: 1.717 Thread 0x0000020eecb2a300 Exception <a 'java/lang/NoSuchMethodError'{0x00000000885bd388}: 'void java.lang.invoke.DirectMethodHandle$Holder.invokeStaticInit(java.lang.Object)'> (0x00000000885bd388) 
thrown [./open/src/hotspot/share/interpreter/linkResolver.cpp, line 782]
Event: 1.733 Thread 0x0000020eecb2a300 Exception <a 'java/lang/NoSuchMethodError'{0x00000000885cdc00}: 'int java.lang.invoke.DirectMethodHandle$Holder.invokeStatic(java.lang.Object)'> (0x00000000885cdc00) 
thrown [./open/src/hotspot/share/interpreter/linkResolver.cpp, line 782]
Event: 2.745 Thread 0x0000020eecb2a300 Exception <a 'java/lang/NoSuchMethodError'{0x0000000088494e10}: 'void java.lang.invoke.DirectMethodHandle$Holder.invokeStatic(java.lang.Object, java.lang.Object, java.lang.Object)'> (0x0000000088494e10) 
thrown [./open/src/hotspot/share/interpreter/linkResolver.cpp, line 782]
Event: 8.669 Thread 0x0000020eecb2a300 Implicit null exception at 0x0000020edc8f2a2a to 0x0000020edc8f3acc

Events (20 events):
Event: 6.340 loading class javax/swing/JMenuBar
Event: 6.340 loading class javax/swing/JMenuBar done
Event: 6.341 loading class javax/swing/JComponent$ActionStandin
Event: 6.341 loading class javax/swing/JComponent$ActionStandin done
Event: 7.431 loading class sun/swing/MenuItemLayoutHelper
Event: 7.431 loading class sun/swing/MenuItemLayoutHelper done
Event: 7.440 loading class java/text/ParsePosition
Event: 7.440 loading class java/text/ParsePosition done
Event: 7.440 loading class java/text/CalendarBuilder
Event: 7.440 loading class java/text/CalendarBuilder done
Event: 7.443 loading class javax/swing/plaf/basic/BasicPopupMenuUI$Actions
Event: 7.443 loading class javax/swing/plaf/basic/BasicPopupMenuUI$Actions done
Event: 7.444 Thread 0x0000020eebe607a0 Thread added: 0x0000020eebe607a0
Event: 7.703 Thread 0x0000020eebe607a0 Thread exited: 0x0000020eebe607a0
Event: 7.917 Thread 0x0000020ef4e76180 Thread exited: 0x0000020ef4e76180
Event: 8.027 Executing VM operation: HandshakeAllThreads
Event: 8.027 Executing VM operation: HandshakeAllThreads done
Event: 8.655 Thread 0x0000020eebe5f870 Thread added: 0x0000020eebe5f870
Event: 8.663 Executing VM operation: G1CollectForAllocation
Event: 8.668 Executing VM operation: G1CollectForAllocation done


Dynamic libraries:
0x00007ff62dce0000 - 0x00007ff62dcef000 	C:\Program Files\Java\jdk-15.0.2\bin\javaw.exe
0x00007ffed5f70000 - 0x00007ffed6165000 	C:\Windows\SYSTEM32\ntdll.dll
0x00007ffed5580000 - 0x00007ffed563d000 	C:\Windows\System32\KERNEL32.DLL
0x00007ffed3780000 - 0x00007ffed3a48000 	C:\Windows\System32\KERNELBASE.dll
0x00007ffed3bb0000 - 0x00007ffed3cb0000 	C:\Windows\System32\ucrtbase.dll
0x00007ffec3890000 - 0x00007ffec38a8000 	C:\Program Files\Java\jdk-15.0.2\bin\jli.dll
0x00007ffec3760000 - 0x00007ffec3779000 	C:\Program Files\Java\jdk-15.0.2\bin\VCRUNTIME140.dll
0x00007ffed4120000 - 0x00007ffed41cc000 	C:\Windows\System32\ADVAPI32.dll
0x00007ffed4c00000 - 0x00007ffed4c9e000 	C:\Windows\System32\msvcrt.dll
0x00007ffed5c20000 - 0x00007ffed5cbb000 	C:\Windows\System32\sechost.dll
0x00007ffed4230000 - 0x00007ffed435b000 	C:\Windows\System32\RPCRT4.dll
0x00007ffed56d0000 - 0x00007ffed5870000 	C:\Windows\System32\USER32.dll
0x00007ffed3d40000 - 0x00007ffed3d62000 	C:\Windows\System32\win32u.dll
0x00007ffeb5150000 - 0x00007ffeb53ea000 	C:\Windows\WinSxS\amd64_microsoft.windows.common-controls_6595b64144ccf1df_6.0.19041.1052_none_60b8f8fd71f5e8cb\COMCTL32.dll
0x00007ffed41d0000 - 0x00007ffed41fa000 	C:\Windows\System32\GDI32.dll
0x00007ffed3ed0000 - 0x00007ffed3fdb000 	C:\Windows\System32\gdi32full.dll
0x00007ffed36b0000 - 0x00007ffed374d000 	C:\Windows\System32\msvcp_win.dll
0x00007ffecae70000 - 0x00007ffecae7a000 	C:\Windows\SYSTEM32\VERSION.dll
0x00007ffed4200000 - 0x00007ffed4230000 	C:\Windows\System32\IMM32.DLL
0x00007ffecb970000 - 0x00007ffecb97c000 	C:\Program Files\Java\jdk-15.0.2\bin\vcruntime140_1.dll
0x00007ffeb5ec0000 - 0x00007ffeb5f51000 	C:\Program Files\Java\jdk-15.0.2\bin\msvcp140.dll
0x00007ffe64720000 - 0x00007ffe6527e000 	C:\Program Files\Java\jdk-15.0.2\bin\server\jvm.dll
0x00007ffed5980000 - 0x00007ffed5988000 	C:\Windows\System32\PSAPI.DLL
0x00007ffec3880000 - 0x00007ffec3889000 	C:\Windows\SYSTEM32\WSOCK32.dll
0x00007ffed5cc0000 - 0x00007ffed5d2b000 	C:\Windows\System32\WS2_32.dll
0x00007ffec5230000 - 0x00007ffec5257000 	C:\Windows\SYSTEM32\WINMM.dll
0x00007ffed1f80000 - 0x00007ffed1f92000 	C:\Windows\SYSTEM32\kernel.appcore.dll
0x00007ffec36d0000 - 0x00007ffec36da000 	C:\Program Files\Java\jdk-15.0.2\bin\jimage.dll
0x00007ffed1500000 - 0x00007ffed16e4000 	C:\Windows\SYSTEM32\DBGHELP.DLL
0x00007ffeb8700000 - 0x00007ffeb872c000 	C:\Windows\SYSTEM32\dbgcore.DLL
0x00007ffed3cb0000 - 0x00007ffed3d33000 	C:\Windows\System32\bcryptPrimitives.dll
0x00007ffec0540000 - 0x00007ffec0565000 	C:\Program Files\Java\jdk-15.0.2\bin\java.dll
0x00007ffed4d00000 - 0x00007ffed543f000 	C:\Windows\System32\SHELL32.dll
0x00007ffed16f0000 - 0x00007ffed1e80000 	C:\Windows\SYSTEM32\windows.storage.dll
0x00007ffed48a0000 - 0x00007ffed4bf5000 	C:\Windows\System32\combase.dll
0x00007ffed3120000 - 0x00007ffed314c000 	C:\Windows\SYSTEM32\Wldp.dll
0x00007ffed5870000 - 0x00007ffed591e000 	C:\Windows\System32\SHCORE.dll
0x00007ffed5990000 - 0x00007ffed59e5000 	C:\Windows\System32\shlwapi.dll
0x00007ffed35f0000 - 0x00007ffed360f000 	C:\Windows\SYSTEM32\profapi.dll
0x00007ffe7b640000 - 0x00007ffe7b7c0000 	C:\Program Files\Java\jdk-15.0.2\bin\awt.dll
0x00007ffed4360000 - 0x00007ffed442d000 	C:\Windows\System32\OLEAUT32.dll
0x00007ffed01d0000 - 0x00007ffed0260000 	C:\Windows\SYSTEM32\apphelp.dll
0x00007ffeb7190000 - 0x00007ffeb71a9000 	C:\Program Files\Java\jdk-15.0.2\bin\net.dll
0x00007ffeca6d0000 - 0x00007ffeca7db000 	C:\Windows\SYSTEM32\WINHTTP.dll
0x00007ffed2e90000 - 0x00007ffed2efa000 	C:\Windows\system32\mswsock.dll
0x00007ffeb7170000 - 0x00007ffeb7182000 	C:\Program Files\Java\jdk-15.0.2\bin\nio.dll
0x00007ffeb7150000 - 0x00007ffeb7168000 	C:\Program Files\Java\jdk-15.0.2\bin\zip.dll
0x00007ffed0310000 - 0x00007ffed03ae000 	C:\Windows\system32\uxtheme.dll
0x00007ffed5d30000 - 0x00007ffed5e45000 	C:\Windows\System32\MSCTF.dll
0x00007ffed3ff0000 - 0x00007ffed411a000 	C:\Windows\System32\ole32.dll
0x00007ffed1150000 - 0x00007ffed117f000 	C:\Windows\system32\DWMAPI.DLL
0x00007ffe6e120000 - 0x00007ffe6e246000 	C:\Windows\system32\opengl32.dll
0x00007ffe6e0f0000 - 0x00007ffe6e11c000 	C:\Windows\SYSTEM32\GLU32.dll
0x00007ffec4b20000 - 0x00007ffec4cee000 	C:\Windows\system32\d3d9.dll
0x00007ffec81f0000 - 0x00007ffec82f2000 	C:\Windows\System32\DriverStore\FileRepository\nvlt.inf_amd64_04baa46c48be5bb8\nvldumdx.dll
0x00007ffed32a0000 - 0x00007ffed32b2000 	C:\Windows\SYSTEM32\msasn1.dll
0x00007ffeca8b0000 - 0x00007ffeca8e1000 	C:\Windows\SYSTEM32\cryptnet.dll
0x00007ffed3d70000 - 0x00007ffed3ecf000 	C:\Windows\System32\CRYPT32.dll
0x00007ffed3080000 - 0x00007ffed308c000 	C:\Windows\SYSTEM32\cryptbase.dll
0x00007ffed3aa0000 - 0x00007ffed3b00000 	C:\Windows\System32\WINTRUST.DLL
0x00007ffed5440000 - 0x00007ffed545d000 	C:\Windows\System32\imagehlp.dll
0x00007ffed3060000 - 0x00007ffed3078000 	C:\Windows\SYSTEM32\CRYPTSP.dll
0x00007ffed27c0000 - 0x00007ffed27f4000 	C:\Windows\system32\rsaenh.dll
0x00007ffed3750000 - 0x00007ffed3777000 	C:\Windows\System32\bcrypt.dll
0x00007ffe61680000 - 0x00007ffe6309c000 	C:\Windows\System32\DriverStore\FileRepository\nvlt.inf_amd64_04baa46c48be5bb8\nvd3dumx.dll
0x00007ffed1fa0000 - 0x00007ffed1fc3000 	C:\Windows\SYSTEM32\gpapi.dll
0x00007ffec8400000 - 0x00007ffec843b000 	C:\Windows\SYSTEM32\dxcore.dll
0x00007ffed3a50000 - 0x00007ffed3a9e000 	C:\Windows\System32\cfgmgr32.dll
0x00007ffeaf4b0000 - 0x00007ffeaf535000 	C:\Program Files\Java\jdk-15.0.2\bin\freetype.dll
0x00007ffe934b0000 - 0x00007ffe93559000 	C:\Program Files\Java\jdk-15.0.2\bin\fontmanager.dll
0x00007ffed5470000 - 0x00007ffed5519000 	C:\Windows\System32\clbcatq.dll
0x00007ffecacb0000 - 0x00007ffecae64000 	C:\Windows\SYSTEM32\WindowsCodecs.dll
0x00007ffeaa2d0000 - 0x00007ffeaa30e000 	C:\Windows\system32\dataexchange.dll
0x00007ffece960000 - 0x00007ffecebc4000 	C:\Windows\system32\d3d11.dll
0x00007ffecf5f0000 - 0x00007ffecf7d6000 	C:\Windows\system32\dcomp.dll
0x00007ffed1ff0000 - 0x00007ffed20e4000 	C:\Windows\system32\dxgi.dll
0x00007ffecb630000 - 0x00007ffecb831000 	C:\Windows\system32\twinapi.appcore.dll
0x00007ffeb2820000 - 0x00007ffeb2919000 	C:\Windows\SYSTEM32\textinputframework.dll
0x00007ffecfec0000 - 0x00007ffecffb2000 	C:\Windows\System32\CoreMessaging.dll
0x00007ffecfb60000 - 0x00007ffecfebe000 	C:\Windows\System32\CoreUIComponents.dll
0x00007ffed23f0000 - 0x00007ffed2423000 	C:\Windows\SYSTEM32\ntmarta.dll
0x00007ffed0540000 - 0x00007ffed0694000 	C:\Windows\SYSTEM32\wintypes.dll
0x00007ffed35b0000 - 0x00007ffed35de000 	C:\Windows\SYSTEM32\USERENV.dll
0x00007ffed2b30000 - 0x00007ffed2b6b000 	C:\Windows\SYSTEM32\IPHLPAPI.DLL
0x00007ffed3fe0000 - 0x00007ffed3fe8000 	C:\Windows\System32\NSI.dll
0x00007ffeca7e0000 - 0x00007ffeca7f7000 	C:\Windows\SYSTEM32\dhcpcsvc6.DLL
0x00007ffecba90000 - 0x00007ffecbaad000 	C:\Windows\SYSTEM32\dhcpcsvc.DLL
0x00007ffed2b80000 - 0x00007ffed2c4c000 	C:\Windows\SYSTEM32\DNSAPI.dll
0x0000000067740000 - 0x0000000067818000 	C:\Users\slawe\AppData\Local\Temp\sqlite-3.34.0-e762e45c-7d2a-46c5-9d02-bed53313634d-sqlitejdbc.dll
0x00007ffec36c0000 - 0x00007ffec36d0000 	C:\Program Files\Java\jdk-15.0.2\bin\verify.dll

dbghelp: loaded successfully - version: 4.0.5 - missing functions: none
symbol engine: initialized successfully - sym options: 0x614 - pdb path: .;C:\Program Files\Java\jdk-15.0.2\bin;C:\Windows\SYSTEM32;C:\Windows\WinSxS\amd64_microsoft.windows.common-controls_6595b64144ccf1df_6.0.19041.1052_none_60b8f8fd71f5e8cb;C:\Program Files\Java\jdk-15.0.2\bin\server;C:\Windows\System32\DriverStore\FileRepository\nvlt.inf_amd64_04baa46c48be5bb8;C:\Users\slawe\AppData\Local\Temp

VM Arguments:
jvm_args: -Dfile.encoding=Cp1250 -XX:+ShowCodeDetailsInExceptionMessages 
java_command: flota.Main
java_class_path (initial): C:\JAVA\Nowy folder\Git\Flota9 Eclipse\bin;C:\sqlite\sqlite-jdbc-3.34.0.jar;C:\JAVA\Moje bazy danych\jdatepicker-2.0.3.jar;C:\JAVA\Nowy folder\Git\Flota9 Eclipse\jcalendar-1.4.jar;C:\JAVA\Moje bazy danych\rs2xml.jar
Launcher Type: SUN_STANDARD

[Global flags]
     intx CICompilerCount                          = 4                                         {product} {ergonomic}
     uint ConcGCThreads                            = 2                                         {product} {ergonomic}
     uint G1ConcRefinementThreads                  = 8                                         {product} {ergonomic}
   size_t G1HeapRegionSize                         = 1048576                                   {product} {ergonomic}
    uintx GCDrainStackTargetSize                   = 64                                        {product} {ergonomic}
   size_t InitialHeapSize                          = 134217728                                 {product} {ergonomic}
   size_t MarkStackSize                            = 4194304                                   {product} {ergonomic}
   size_t MaxHeapSize                              = 2128609280                                {product} {ergonomic}
   size_t MaxNewSize                               = 1277165568                                {product} {ergonomic}
   size_t MinHeapDeltaBytes                        = 1048576                                   {product} {ergonomic}
   size_t MinHeapSize                              = 8388608                                   {product} {ergonomic}
    uintx NonNMethodCodeHeapSize                   = 5839372                                {pd product} {ergonomic}
    uintx NonProfiledCodeHeapSize                  = 122909434                              {pd product} {ergonomic}
    uintx ProfiledCodeHeapSize                     = 122909434                              {pd product} {ergonomic}
    uintx ReservedCodeCacheSize                    = 251658240                              {pd product} {ergonomic}
     bool SegmentedCodeCache                       = true                                      {product} {ergonomic}
     bool ShowCodeDetailsInExceptionMessages       = true                                   {manageable} {command line}
   size_t SoftMaxHeapSize                          = 2128609280                             {manageable} {ergonomic}
     bool UseCompressedClassPointers               = true                                 {lp64_product} {ergonomic}
     bool UseCompressedOops                        = true                                 {lp64_product} {ergonomic}
     bool UseG1GC                                  = true                                      {product} {ergonomic}
     bool UseLargePagesIndividualAllocation        = false                                  {pd product} {ergonomic}

Logging:
Log output configuration:
 #0: stdout all=warning uptime,level,tags
 #1: stderr all=off uptime,level,tags

Environment Variables:
JAVA_HOME=C:\Program Files\Java\jdk-15.0.2
PATH=C:\Program Files\Common Files\Oracle\Java\javapath;C:\Windows\system32;C:\Windows;C:\Windows\System32\Wbem;C:\Windows\System32\WindowsPowerShell\v1.0\;C:\Windows\System32\OpenSSH\;C:\Program Files\Microsoft SQL Server\Client SDK\ODBC\110\Tools\Binn\;C:\Program Files (x86)\Microsoft SQL Server\120\Tools\Binn\;C:\Program Files\Microsoft SQL Server\120\Tools\Binn\;C:\Program Files\Microsoft SQL Server\120\DTS\Binn\;C:\Program Files (x86)\Microsoft SQL Server\120\Tools\Binn\ManagementStudio\;C:\Program Files (x86)\Microsoft SQL Server\120\DTS\Binn\;C:\Program Files\Git\cmd;"C:\Program Files\Java\jdk-15.0.2\bin"
USERNAME=slawe
OS=Windows_NT
PROCESSOR_IDENTIFIER=Intel64 Family 6 Model 158 Stepping 13, GenuineIntel



---------------  S Y S T E M  ---------------

OS:
 Windows 10 , 64 bit Build 19041 (10.0.19041.1023)
OS uptime: 0 days 13:33 hours

CPU: total 8 (initial active 8) (4 cores per cpu, 2 threads per core) family 6 model 158 stepping 13 microcode 0xde, cmov, cx8, fxsr, mmx, sse, sse2, sse3, ssse3, sse4.1, sse4.2, popcnt, vzeroupper, avx, avx2, aes, clmul, erms, 3dnowpref, lzcnt, ht, tsc, tscinvbit, bmi1, bmi2, adx, fma, clflush, clflushopt

Memory: 4k page, system-wide physical 8112M (1392M free)
TotalPageFile size 32688M (AvailPageFile size 2M)
current process WorkingSet (physical memory assigned to process): 120M, peak: 123M
current process commit charge ("private bytes"): 278M, peak: 278M

vm_info: Java HotSpot(TM) 64-Bit Server VM (15.0.2+7-27) for windows-amd64 JRE (15.0.2+7-27), built on Dec  7 2020 20:07:01 by "mach5one" with unknown MS VC++:1925

END.
