#
# There is insufficient memory for the Java Runtime Environment to continue.
# Native memory allocation (malloc) failed to allocate 101792 bytes for Chunk::new
# Possible reasons:
#   The system is out of physical RAM or swap space
#   The process is running with CompressedOops enabled, and the Java Heap may be blocking the growth of the native heap
# Possible solutions:
#   Reduce memory load on the system
#   Increase physical memory or swap space
#   Check if swap backing store is full
#   Decrease Java heap size (-Xmx/-Xms)
#   Decrease number of Java threads
#   Decrease Java thread stack sizes (-Xss)
#   Set larger code cache with -XX:ReservedCodeCacheSize=
#   JVM is running with Unscaled Compressed Oops mode in which the Java heap is
#     placed in the first 4GB address space. The Java Heap base address is the
#     maximum limit for the native heap growth. Please use -XX:HeapBaseMinAddress
#     to set the Java Heap base and to place the Java Heap above 4GB virtual address.
# This output file may be truncated or incomplete.
#
#  Out of Memory Error (./open/src/hotspot/share/memory/arena.cpp:195), pid=10372, tid=4668
#
# JRE version: Java(TM) SE Runtime Environment (15.0.2+7) (build 15.0.2+7-27)
# Java VM: Java HotSpot(TM) 64-Bit Server VM (15.0.2+7-27, mixed mode, sharing, tiered, compressed oops, g1 gc, windows-amd64)
# No core dump will be written. Minidumps are not enabled by default on client versions of Windows
#

---------------  S U M M A R Y ------------

Command Line: -Dfile.encoding=Cp1250 -XX:+ShowCodeDetailsInExceptionMessages flota.Main

Host: Intel(R) Core(TM) i5-9300HF CPU @ 2.40GHz, 8 cores, 7G,  Windows 10 , 64 bit Build 19041 (10.0.19041.1023)
Time: Tue Jul  6 21:20:44 2021 Œrodkowoeuropejski czas letni elapsed time: 0.515818 seconds (0d 0h 0m 0s)

---------------  T H R E A D  ---------------

Current thread (0x0000016d1ebf2d60):  JavaThread "C2 CompilerThread0" daemon [_thread_in_native, id=4668, stack(0x00000063e3d00000,0x00000063e3e00000)]


Current CompileTask:
C2:    515  570       4       jdk.internal.org.objectweb.asm.Frame::execute (2305 bytes)

Stack: [0x00000063e3d00000,0x00000063e3e00000]
Native frames: (J=compiled Java code, j=interpreted, Vv=VM code, C=native code)
V  [jvm.dll+0x62ae9a]
V  [jvm.dll+0x7817a9]
V  [jvm.dll+0x782f03]
V  [jvm.dll+0x783563]
V  [jvm.dll+0x216325]
V  [jvm.dll+0x97f3a]
V  [jvm.dll+0x9861c]
V  [jvm.dll+0x27a4fc]
V  [jvm.dll+0x540794]
V  [jvm.dll+0x1f3124]
V  [jvm.dll+0x1ecaf1]
V  [jvm.dll+0x1e9867]
V  [jvm.dll+0x178567]
V  [jvm.dll+0x1f9225]
V  [jvm.dll+0x1f72cc]
V  [jvm.dll+0x74495d]
V  [jvm.dll+0x73d75a]
V  [jvm.dll+0x629c56]
C  [ucrtbase.dll+0x21bb2]
C  [KERNEL32.DLL+0x17034]
C  [ntdll.dll+0x52651]


---------------  P R O C E S S  ---------------

Threads class SMR info:
_java_thread_list=0x0000016d20540e20, length=17, elements={
0x0000016d1ebce8b0, 0x0000016d1ebcfa30, 0x0000016d1ebe9820, 0x0000016d1ebec0f0,
0x0000016d1ebed150, 0x0000016d1ebf2d60, 0x0000016d1ebf6b60, 0x0000016d1ec08c30,
0x0000016d1f62d3c0, 0x0000016d1f648460, 0x0000016d1f87e7e0, 0x0000016d1f88ece0,
0x0000016d1f886e90, 0x0000016d1f893920, 0x0000016d7f87f410, 0x0000016d20323e80,
0x0000016d20592cc0
}

Java Threads: ( => current thread )
  0x0000016d1ebce8b0 JavaThread "Reference Handler" daemon [_thread_blocked, id=9232, stack(0x00000063e3800000,0x00000063e3900000)]
  0x0000016d1ebcfa30 JavaThread "Finalizer" daemon [_thread_blocked, id=8412, stack(0x00000063e3900000,0x00000063e3a00000)]
  0x0000016d1ebe9820 JavaThread "Signal Dispatcher" daemon [_thread_blocked, id=11520, stack(0x00000063e3a00000,0x00000063e3b00000)]
  0x0000016d1ebec0f0 JavaThread "Attach Listener" daemon [_thread_blocked, id=13980, stack(0x00000063e3b00000,0x00000063e3c00000)]
  0x0000016d1ebed150 JavaThread "Service Thread" daemon [_thread_blocked, id=13292, stack(0x00000063e3c00000,0x00000063e3d00000)]
=>0x0000016d1ebf2d60 JavaThread "C2 CompilerThread0" daemon [_thread_in_native, id=4668, stack(0x00000063e3d00000,0x00000063e3e00000)]
  0x0000016d1ebf6b60 JavaThread "C1 CompilerThread0" daemon [_thread_blocked, id=7564, stack(0x00000063e3e00000,0x00000063e3f00000)]
  0x0000016d1ec08c30 JavaThread "Sweeper thread" daemon [_thread_blocked, id=3184, stack(0x00000063e3f00000,0x00000063e4000000)]
  0x0000016d1f62d3c0 JavaThread "Notification Thread" daemon [_thread_blocked, id=12920, stack(0x00000063e4000000,0x00000063e4100000)]
  0x0000016d1f648460 JavaThread "Common-Cleaner" daemon [_thread_blocked, id=10348, stack(0x00000063e4200000,0x00000063e4300000)]
  0x0000016d1f87e7e0 JavaThread "Java2D Disposer" daemon [_thread_blocked, id=8676, stack(0x00000063e4300000,0x00000063e4400000)]
  0x0000016d1f88ece0 JavaThread "AWT-Shutdown" [_thread_blocked, id=14220, stack(0x00000063e4400000,0x00000063e4500000)]
  0x0000016d1f886e90 JavaThread "AWT-Windows" daemon [_thread_in_native, id=3584, stack(0x00000063e4500000,0x00000063e4600000)]
  0x0000016d1f893920 JavaThread "AWT-EventQueue-0" [_thread_blocked, id=12360, stack(0x00000063e4600000,0x00000063e4700000)]
  0x0000016d7f87f410 JavaThread "DestroyJavaVM" [_thread_blocked, id=9900, stack(0x00000063e3100000,0x00000063e3200000)]
  0x0000016d20323e80 JavaThread "C2 CompilerThread1" daemon [_thread_blocked, id=9624, stack(0x00000063e4900000,0x00000063e4a00000)]
  0x0000016d20592cc0 JavaThread "D3D Screen Updater" daemon [_thread_in_native, id=12636, stack(0x00000063e4d00000,0x00000063e4e00000)]

Other Threads:
  0x0000016d1ebcaa70 VMThread "VM Thread" [stack: 0x00000063e3700000,0x00000063e3800000] [id=11036]
  0x0000016d1f6318a0 WatcherThread [stack: 0x00000063e4100000,0x00000063e4200000] [id=6252]
  0x0000016d7f8c17b0 GCTaskThread "GC Thread#0" [stack: 0x00000063e3200000,0x00000063e3300000] [id=11336]
  0x0000016d7f8d3e00 ConcurrentGCThread "G1 Main Marker" [stack: 0x00000063e3300000,0x00000063e3400000] [id=11184]
  0x0000016d7f8d4880 ConcurrentGCThread "G1 Conc#0" [stack: 0x00000063e3400000,0x00000063e3500000] [id=11052]
  0x0000016d1ea50090 ConcurrentGCThread "G1 Refine#0" [stack: 0x00000063e3500000,0x00000063e3600000] [id=1684]
  0x0000016d1ea51950 ConcurrentGCThread "G1 Young RemSet Sampling" [stack: 0x00000063e3600000,0x00000063e3700000] [id=14332]

Threads with active compile tasks:
C2 CompilerThread0      532  570       4       jdk.internal.org.objectweb.asm.Frame::execute (2305 bytes)

VM state: not at safepoint (normal execution)

VM Mutex/Monitor currently owned by a thread: None

Heap address: 0x0000000081200000, size: 2030 MB, Compressed Oops mode: 32-bit
CDS archive(s) mapped at: [0x0000000800000000-0x0000000800b50000-0x0000000800b50000), size 11862016, SharedBaseAddress: 0x0000000800000000, ArchiveRelocationMode: 0.
Compressed class space mapped at: 0x0000000800b50000-0x0000000840b50000, size: 1073741824
Narrow klass base: 0x0000000800000000, Narrow klass shift: 3, Narrow klass range: 0x100000000

GC Precious Log:
 CPUs: 8 total, 8 available
 Memory: 8112M
 Large Page Support: Disabled
 NUMA Support: Disabled
 Compressed Oops: Enabled (32-bit)
 Heap Region Size: 1M
 Heap Min Capacity: 8M
 Heap Initial Capacity: 128M
 Heap Max Capacity: 2030M
 Pre-touch: Disabled
 Parallel Workers: 8
 Concurrent Workers: 2
 Concurrent Refinement Workers: 8
 Periodic GC: Disabled

Heap:
 garbage-first heap   total 131072K, used 7168K [0x0000000081200000, 0x0000000100000000)
  region size 1024K, 8 young (8192K), 0 survivors (0K)
 Metaspace       used 7872K, capacity 8121K, committed 8320K, reserved 1056768K
  class space    used 924K, capacity 1040K, committed 1152K, reserved 1048576K

Heap Regions: E=young(eden), S=young(survivor), O=old, HS=humongous(starts), HC=humongous(continues), CS=collection set, F=free, OA=open archive, CA=closed archive, TAMS=top-at-mark-start (previous, next)
|   0|0x0000000081200000, 0x0000000081200000, 0x0000000081300000|  0%| F|  |TAMS 0x0000000081200000, 0x0000000081200000| Untracked 
|   1|0x0000000081300000, 0x0000000081300000, 0x0000000081400000|  0%| F|  |TAMS 0x0000000081300000, 0x0000000081300000| Untracked 
|   2|0x0000000081400000, 0x0000000081400000, 0x0000000081500000|  0%| F|  |TAMS 0x0000000081400000, 0x0000000081400000| Untracked 
|   3|0x0000000081500000, 0x0000000081500000, 0x0000000081600000|  0%| F|  |TAMS 0x0000000081500000, 0x0000000081500000| Untracked 
|   4|0x0000000081600000, 0x0000000081600000, 0x0000000081700000|  0%| F|  |TAMS 0x0000000081600000, 0x0000000081600000| Untracked 
|   5|0x0000000081700000, 0x0000000081700000, 0x0000000081800000|  0%| F|  |TAMS 0x0000000081700000, 0x0000000081700000| Untracked 
|   6|0x0000000081800000, 0x0000000081800000, 0x0000000081900000|  0%| F|  |TAMS 0x0000000081800000, 0x0000000081800000| Untracked 
|   7|0x0000000081900000, 0x0000000081900000, 0x0000000081a00000|  0%| F|  |TAMS 0x0000000081900000, 0x0000000081900000| Untracked 
|   8|0x0000000081a00000, 0x0000000081a00000, 0x0000000081b00000|  0%| F|  |TAMS 0x0000000081a00000, 0x0000000081a00000| Untracked 
|   9|0x0000000081b00000, 0x0000000081b00000, 0x0000000081c00000|  0%| F|  |TAMS 0x0000000081b00000, 0x0000000081b00000| Untracked 
|  10|0x0000000081c00000, 0x0000000081c00000, 0x0000000081d00000|  0%| F|  |TAMS 0x0000000081c00000, 0x0000000081c00000| Untracked 
|  11|0x0000000081d00000, 0x0000000081d00000, 0x0000000081e00000|  0%| F|  |TAMS 0x0000000081d00000, 0x0000000081d00000| Untracked 
|  12|0x0000000081e00000, 0x0000000081e00000, 0x0000000081f00000|  0%| F|  |TAMS 0x0000000081e00000, 0x0000000081e00000| Untracked 
|  13|0x0000000081f00000, 0x0000000081f00000, 0x0000000082000000|  0%| F|  |TAMS 0x0000000081f00000, 0x0000000081f00000| Untracked 
|  14|0x0000000082000000, 0x0000000082000000, 0x0000000082100000|  0%| F|  |TAMS 0x0000000082000000, 0x0000000082000000| Untracked 
|  15|0x0000000082100000, 0x0000000082100000, 0x0000000082200000|  0%| F|  |TAMS 0x0000000082100000, 0x0000000082100000| Untracked 
|  16|0x0000000082200000, 0x0000000082200000, 0x0000000082300000|  0%| F|  |TAMS 0x0000000082200000, 0x0000000082200000| Untracked 
|  17|0x0000000082300000, 0x0000000082300000, 0x0000000082400000|  0%| F|  |TAMS 0x0000000082300000, 0x0000000082300000| Untracked 
|  18|0x0000000082400000, 0x0000000082400000, 0x0000000082500000|  0%| F|  |TAMS 0x0000000082400000, 0x0000000082400000| Untracked 
|  19|0x0000000082500000, 0x0000000082500000, 0x0000000082600000|  0%| F|  |TAMS 0x0000000082500000, 0x0000000082500000| Untracked 
|  20|0x0000000082600000, 0x0000000082600000, 0x0000000082700000|  0%| F|  |TAMS 0x0000000082600000, 0x0000000082600000| Untracked 
|  21|0x0000000082700000, 0x0000000082700000, 0x0000000082800000|  0%| F|  |TAMS 0x0000000082700000, 0x0000000082700000| Untracked 
|  22|0x0000000082800000, 0x0000000082800000, 0x0000000082900000|  0%| F|  |TAMS 0x0000000082800000, 0x0000000082800000| Untracked 
|  23|0x0000000082900000, 0x0000000082900000, 0x0000000082a00000|  0%| F|  |TAMS 0x0000000082900000, 0x0000000082900000| Untracked 
|  24|0x0000000082a00000, 0x0000000082a00000, 0x0000000082b00000|  0%| F|  |TAMS 0x0000000082a00000, 0x0000000082a00000| Untracked 
|  25|0x0000000082b00000, 0x0000000082b00000, 0x0000000082c00000|  0%| F|  |TAMS 0x0000000082b00000, 0x0000000082b00000| Untracked 
|  26|0x0000000082c00000, 0x0000000082c00000, 0x0000000082d00000|  0%| F|  |TAMS 0x0000000082c00000, 0x0000000082c00000| Untracked 
|  27|0x0000000082d00000, 0x0000000082d00000, 0x0000000082e00000|  0%| F|  |TAMS 0x0000000082d00000, 0x0000000082d00000| Untracked 
|  28|0x0000000082e00000, 0x0000000082e00000, 0x0000000082f00000|  0%| F|  |TAMS 0x0000000082e00000, 0x0000000082e00000| Untracked 
|  29|0x0000000082f00000, 0x0000000082f00000, 0x0000000083000000|  0%| F|  |TAMS 0x0000000082f00000, 0x0000000082f00000| Untracked 
|  30|0x0000000083000000, 0x0000000083000000, 0x0000000083100000|  0%| F|  |TAMS 0x0000000083000000, 0x0000000083000000| Untracked 
|  31|0x0000000083100000, 0x0000000083100000, 0x0000000083200000|  0%| F|  |TAMS 0x0000000083100000, 0x0000000083100000| Untracked 
|  32|0x0000000083200000, 0x0000000083200000, 0x0000000083300000|  0%| F|  |TAMS 0x0000000083200000, 0x0000000083200000| Untracked 
|  33|0x0000000083300000, 0x0000000083300000, 0x0000000083400000|  0%| F|  |TAMS 0x0000000083300000, 0x0000000083300000| Untracked 
|  34|0x0000000083400000, 0x0000000083400000, 0x0000000083500000|  0%| F|  |TAMS 0x0000000083400000, 0x0000000083400000| Untracked 
|  35|0x0000000083500000, 0x0000000083500000, 0x0000000083600000|  0%| F|  |TAMS 0x0000000083500000, 0x0000000083500000| Untracked 
|  36|0x0000000083600000, 0x0000000083600000, 0x0000000083700000|  0%| F|  |TAMS 0x0000000083600000, 0x0000000083600000| Untracked 
|  37|0x0000000083700000, 0x0000000083700000, 0x0000000083800000|  0%| F|  |TAMS 0x0000000083700000, 0x0000000083700000| Untracked 
|  38|0x0000000083800000, 0x0000000083800000, 0x0000000083900000|  0%| F|  |TAMS 0x0000000083800000, 0x0000000083800000| Untracked 
|  39|0x0000000083900000, 0x0000000083900000, 0x0000000083a00000|  0%| F|  |TAMS 0x0000000083900000, 0x0000000083900000| Untracked 
|  40|0x0000000083a00000, 0x0000000083a00000, 0x0000000083b00000|  0%| F|  |TAMS 0x0000000083a00000, 0x0000000083a00000| Untracked 
|  41|0x0000000083b00000, 0x0000000083b00000, 0x0000000083c00000|  0%| F|  |TAMS 0x0000000083b00000, 0x0000000083b00000| Untracked 
|  42|0x0000000083c00000, 0x0000000083c00000, 0x0000000083d00000|  0%| F|  |TAMS 0x0000000083c00000, 0x0000000083c00000| Untracked 
|  43|0x0000000083d00000, 0x0000000083d00000, 0x0000000083e00000|  0%| F|  |TAMS 0x0000000083d00000, 0x0000000083d00000| Untracked 
|  44|0x0000000083e00000, 0x0000000083e00000, 0x0000000083f00000|  0%| F|  |TAMS 0x0000000083e00000, 0x0000000083e00000| Untracked 
|  45|0x0000000083f00000, 0x0000000083f00000, 0x0000000084000000|  0%| F|  |TAMS 0x0000000083f00000, 0x0000000083f00000| Untracked 
|  46|0x0000000084000000, 0x0000000084000000, 0x0000000084100000|  0%| F|  |TAMS 0x0000000084000000, 0x0000000084000000| Untracked 
|  47|0x0000000084100000, 0x0000000084100000, 0x0000000084200000|  0%| F|  |TAMS 0x0000000084100000, 0x0000000084100000| Untracked 
|  48|0x0000000084200000, 0x0000000084200000, 0x0000000084300000|  0%| F|  |TAMS 0x0000000084200000, 0x0000000084200000| Untracked 
|  49|0x0000000084300000, 0x0000000084300000, 0x0000000084400000|  0%| F|  |TAMS 0x0000000084300000, 0x0000000084300000| Untracked 
|  50|0x0000000084400000, 0x0000000084400000, 0x0000000084500000|  0%| F|  |TAMS 0x0000000084400000, 0x0000000084400000| Untracked 
|  51|0x0000000084500000, 0x0000000084500000, 0x0000000084600000|  0%| F|  |TAMS 0x0000000084500000, 0x0000000084500000| Untracked 
|  52|0x0000000084600000, 0x0000000084600000, 0x0000000084700000|  0%| F|  |TAMS 0x0000000084600000, 0x0000000084600000| Untracked 
|  53|0x0000000084700000, 0x0000000084700000, 0x0000000084800000|  0%| F|  |TAMS 0x0000000084700000, 0x0000000084700000| Untracked 
|  54|0x0000000084800000, 0x0000000084800000, 0x0000000084900000|  0%| F|  |TAMS 0x0000000084800000, 0x0000000084800000| Untracked 
|  55|0x0000000084900000, 0x0000000084900000, 0x0000000084a00000|  0%| F|  |TAMS 0x0000000084900000, 0x0000000084900000| Untracked 
|  56|0x0000000084a00000, 0x0000000084a00000, 0x0000000084b00000|  0%| F|  |TAMS 0x0000000084a00000, 0x0000000084a00000| Untracked 
|  57|0x0000000084b00000, 0x0000000084b00000, 0x0000000084c00000|  0%| F|  |TAMS 0x0000000084b00000, 0x0000000084b00000| Untracked 
|  58|0x0000000084c00000, 0x0000000084c00000, 0x0000000084d00000|  0%| F|  |TAMS 0x0000000084c00000, 0x0000000084c00000| Untracked 
|  59|0x0000000084d00000, 0x0000000084d00000, 0x0000000084e00000|  0%| F|  |TAMS 0x0000000084d00000, 0x0000000084d00000| Untracked 
|  60|0x0000000084e00000, 0x0000000084e00000, 0x0000000084f00000|  0%| F|  |TAMS 0x0000000084e00000, 0x0000000084e00000| Untracked 
|  61|0x0000000084f00000, 0x0000000084f00000, 0x0000000085000000|  0%| F|  |TAMS 0x0000000084f00000, 0x0000000084f00000| Untracked 
|  62|0x0000000085000000, 0x0000000085000000, 0x0000000085100000|  0%| F|  |TAMS 0x0000000085000000, 0x0000000085000000| Untracked 
|  63|0x0000000085100000, 0x0000000085100000, 0x0000000085200000|  0%| F|  |TAMS 0x0000000085100000, 0x0000000085100000| Untracked 
|  64|0x0000000085200000, 0x0000000085200000, 0x0000000085300000|  0%| F|  |TAMS 0x0000000085200000, 0x0000000085200000| Untracked 
|  65|0x0000000085300000, 0x0000000085300000, 0x0000000085400000|  0%| F|  |TAMS 0x0000000085300000, 0x0000000085300000| Untracked 
|  66|0x0000000085400000, 0x0000000085400000, 0x0000000085500000|  0%| F|  |TAMS 0x0000000085400000, 0x0000000085400000| Untracked 
|  67|0x0000000085500000, 0x0000000085500000, 0x0000000085600000|  0%| F|  |TAMS 0x0000000085500000, 0x0000000085500000| Untracked 
|  68|0x0000000085600000, 0x0000000085600000, 0x0000000085700000|  0%| F|  |TAMS 0x0000000085600000, 0x0000000085600000| Untracked 
|  69|0x0000000085700000, 0x0000000085700000, 0x0000000085800000|  0%| F|  |TAMS 0x0000000085700000, 0x0000000085700000| Untracked 
|  70|0x0000000085800000, 0x0000000085800000, 0x0000000085900000|  0%| F|  |TAMS 0x0000000085800000, 0x0000000085800000| Untracked 
|  71|0x0000000085900000, 0x0000000085900000, 0x0000000085a00000|  0%| F|  |TAMS 0x0000000085900000, 0x0000000085900000| Untracked 
|  72|0x0000000085a00000, 0x0000000085a00000, 0x0000000085b00000|  0%| F|  |TAMS 0x0000000085a00000, 0x0000000085a00000| Untracked 
|  73|0x0000000085b00000, 0x0000000085b00000, 0x0000000085c00000|  0%| F|  |TAMS 0x0000000085b00000, 0x0000000085b00000| Untracked 
|  74|0x0000000085c00000, 0x0000000085c00000, 0x0000000085d00000|  0%| F|  |TAMS 0x0000000085c00000, 0x0000000085c00000| Untracked 
|  75|0x0000000085d00000, 0x0000000085d00000, 0x0000000085e00000|  0%| F|  |TAMS 0x0000000085d00000, 0x0000000085d00000| Untracked 
|  76|0x0000000085e00000, 0x0000000085e00000, 0x0000000085f00000|  0%| F|  |TAMS 0x0000000085e00000, 0x0000000085e00000| Untracked 
|  77|0x0000000085f00000, 0x0000000085f00000, 0x0000000086000000|  0%| F|  |TAMS 0x0000000085f00000, 0x0000000085f00000| Untracked 
|  78|0x0000000086000000, 0x0000000086000000, 0x0000000086100000|  0%| F|  |TAMS 0x0000000086000000, 0x0000000086000000| Untracked 
|  79|0x0000000086100000, 0x0000000086100000, 0x0000000086200000|  0%| F|  |TAMS 0x0000000086100000, 0x0000000086100000| Untracked 
|  80|0x0000000086200000, 0x0000000086200000, 0x0000000086300000|  0%| F|  |TAMS 0x0000000086200000, 0x0000000086200000| Untracked 
|  81|0x0000000086300000, 0x0000000086300000, 0x0000000086400000|  0%| F|  |TAMS 0x0000000086300000, 0x0000000086300000| Untracked 
|  82|0x0000000086400000, 0x0000000086400000, 0x0000000086500000|  0%| F|  |TAMS 0x0000000086400000, 0x0000000086400000| Untracked 
|  83|0x0000000086500000, 0x0000000086500000, 0x0000000086600000|  0%| F|  |TAMS 0x0000000086500000, 0x0000000086500000| Untracked 
|  84|0x0000000086600000, 0x0000000086600000, 0x0000000086700000|  0%| F|  |TAMS 0x0000000086600000, 0x0000000086600000| Untracked 
|  85|0x0000000086700000, 0x0000000086700000, 0x0000000086800000|  0%| F|  |TAMS 0x0000000086700000, 0x0000000086700000| Untracked 
|  86|0x0000000086800000, 0x0000000086800000, 0x0000000086900000|  0%| F|  |TAMS 0x0000000086800000, 0x0000000086800000| Untracked 
|  87|0x0000000086900000, 0x0000000086900000, 0x0000000086a00000|  0%| F|  |TAMS 0x0000000086900000, 0x0000000086900000| Untracked 
|  88|0x0000000086a00000, 0x0000000086a00000, 0x0000000086b00000|  0%| F|  |TAMS 0x0000000086a00000, 0x0000000086a00000| Untracked 
|  89|0x0000000086b00000, 0x0000000086b00000, 0x0000000086c00000|  0%| F|  |TAMS 0x0000000086b00000, 0x0000000086b00000| Untracked 
|  90|0x0000000086c00000, 0x0000000086c00000, 0x0000000086d00000|  0%| F|  |TAMS 0x0000000086c00000, 0x0000000086c00000| Untracked 
|  91|0x0000000086d00000, 0x0000000086d00000, 0x0000000086e00000|  0%| F|  |TAMS 0x0000000086d00000, 0x0000000086d00000| Untracked 
|  92|0x0000000086e00000, 0x0000000086e00000, 0x0000000086f00000|  0%| F|  |TAMS 0x0000000086e00000, 0x0000000086e00000| Untracked 
|  93|0x0000000086f00000, 0x0000000086f00000, 0x0000000087000000|  0%| F|  |TAMS 0x0000000086f00000, 0x0000000086f00000| Untracked 
|  94|0x0000000087000000, 0x0000000087000000, 0x0000000087100000|  0%| F|  |TAMS 0x0000000087000000, 0x0000000087000000| Untracked 
|  95|0x0000000087100000, 0x0000000087100000, 0x0000000087200000|  0%| F|  |TAMS 0x0000000087100000, 0x0000000087100000| Untracked 
|  96|0x0000000087200000, 0x0000000087200000, 0x0000000087300000|  0%| F|  |TAMS 0x0000000087200000, 0x0000000087200000| Untracked 
|  97|0x0000000087300000, 0x0000000087300000, 0x0000000087400000|  0%| F|  |TAMS 0x0000000087300000, 0x0000000087300000| Untracked 
|  98|0x0000000087400000, 0x0000000087400000, 0x0000000087500000|  0%| F|  |TAMS 0x0000000087400000, 0x0000000087400000| Untracked 
|  99|0x0000000087500000, 0x0000000087500000, 0x0000000087600000|  0%| F|  |TAMS 0x0000000087500000, 0x0000000087500000| Untracked 
| 100|0x0000000087600000, 0x0000000087600000, 0x0000000087700000|  0%| F|  |TAMS 0x0000000087600000, 0x0000000087600000| Untracked 
| 101|0x0000000087700000, 0x0000000087700000, 0x0000000087800000|  0%| F|  |TAMS 0x0000000087700000, 0x0000000087700000| Untracked 
| 102|0x0000000087800000, 0x0000000087800000, 0x0000000087900000|  0%| F|  |TAMS 0x0000000087800000, 0x0000000087800000| Untracked 
| 103|0x0000000087900000, 0x0000000087900000, 0x0000000087a00000|  0%| F|  |TAMS 0x0000000087900000, 0x0000000087900000| Untracked 
| 104|0x0000000087a00000, 0x0000000087a00000, 0x0000000087b00000|  0%| F|  |TAMS 0x0000000087a00000, 0x0000000087a00000| Untracked 
| 105|0x0000000087b00000, 0x0000000087b00000, 0x0000000087c00000|  0%| F|  |TAMS 0x0000000087b00000, 0x0000000087b00000| Untracked 
| 106|0x0000000087c00000, 0x0000000087c00000, 0x0000000087d00000|  0%| F|  |TAMS 0x0000000087c00000, 0x0000000087c00000| Untracked 
| 107|0x0000000087d00000, 0x0000000087d00000, 0x0000000087e00000|  0%| F|  |TAMS 0x0000000087d00000, 0x0000000087d00000| Untracked 
| 108|0x0000000087e00000, 0x0000000087e00000, 0x0000000087f00000|  0%| F|  |TAMS 0x0000000087e00000, 0x0000000087e00000| Untracked 
| 109|0x0000000087f00000, 0x0000000087f00000, 0x0000000088000000|  0%| F|  |TAMS 0x0000000087f00000, 0x0000000087f00000| Untracked 
| 110|0x0000000088000000, 0x0000000088000000, 0x0000000088100000|  0%| F|  |TAMS 0x0000000088000000, 0x0000000088000000| Untracked 
| 111|0x0000000088100000, 0x0000000088100000, 0x0000000088200000|  0%| F|  |TAMS 0x0000000088100000, 0x0000000088100000| Untracked 
| 112|0x0000000088200000, 0x0000000088200000, 0x0000000088300000|  0%| F|  |TAMS 0x0000000088200000, 0x0000000088200000| Untracked 
| 113|0x0000000088300000, 0x0000000088300000, 0x0000000088400000|  0%| F|  |TAMS 0x0000000088300000, 0x0000000088300000| Untracked 
| 114|0x0000000088400000, 0x0000000088400000, 0x0000000088500000|  0%| F|  |TAMS 0x0000000088400000, 0x0000000088400000| Untracked 
| 115|0x0000000088500000, 0x0000000088500000, 0x0000000088600000|  0%| F|  |TAMS 0x0000000088500000, 0x0000000088500000| Untracked 
| 116|0x0000000088600000, 0x0000000088600000, 0x0000000088700000|  0%| F|  |TAMS 0x0000000088600000, 0x0000000088600000| Untracked 
| 117|0x0000000088700000, 0x0000000088700000, 0x0000000088800000|  0%| F|  |TAMS 0x0000000088700000, 0x0000000088700000| Untracked 
| 118|0x0000000088800000, 0x0000000088800000, 0x0000000088900000|  0%| F|  |TAMS 0x0000000088800000, 0x0000000088800000| Untracked 
| 119|0x0000000088900000, 0x0000000088900000, 0x0000000088a00000|  0%| F|  |TAMS 0x0000000088900000, 0x0000000088900000| Untracked 
| 120|0x0000000088a00000, 0x0000000088b00000, 0x0000000088b00000|100%| E|  |TAMS 0x0000000088a00000, 0x0000000088a00000| Complete 
| 121|0x0000000088b00000, 0x0000000088c00000, 0x0000000088c00000|100%| E|CS|TAMS 0x0000000088b00000, 0x0000000088b00000| Complete 
| 122|0x0000000088c00000, 0x0000000088d00000, 0x0000000088d00000|100%| E|CS|TAMS 0x0000000088c00000, 0x0000000088c00000| Complete 
| 123|0x0000000088d00000, 0x0000000088e00000, 0x0000000088e00000|100%| E|CS|TAMS 0x0000000088d00000, 0x0000000088d00000| Complete 
| 124|0x0000000088e00000, 0x0000000088f00000, 0x0000000088f00000|100%| E|CS|TAMS 0x0000000088e00000, 0x0000000088e00000| Complete 
| 125|0x0000000088f00000, 0x0000000089000000, 0x0000000089000000|100%| E|CS|TAMS 0x0000000088f00000, 0x0000000088f00000| Complete 
| 126|0x0000000089000000, 0x0000000089100000, 0x0000000089100000|100%| E|CS|TAMS 0x0000000089000000, 0x0000000089000000| Complete 
| 127|0x0000000089100000, 0x0000000089200000, 0x0000000089200000|100%| E|CS|TAMS 0x0000000089100000, 0x0000000089100000| Complete 

Card table byte_map: [0x0000016d179b0000,0x0000016d17db0000] _byte_map_base: 0x0000016d175a7000

Marking Bits (Prev, Next): (CMBitMap*) 0x0000016d7f8c2e40, (CMBitMap*) 0x0000016d7f8c2e80
 Prev Bits: [0x0000016d181b0000, 0x0000016d1a168000)
 Next Bits: [0x0000016d1a170000, 0x0000016d1c128000)

Polling page: 0x0000016d7e210000

Metaspace:

Usage:
  Non-class:      6.92 MB capacity,     6.79 MB ( 98%) used,   105.16 KB (  1%) free+waste,    27.81 KB ( <1%) overhead. 
      Class:      1.02 MB capacity,   924.26 KB ( 89%) used,   104.12 KB ( 10%) free+waste,    11.62 KB (  1%) overhead. 
       Both:      7.93 MB capacity,     7.69 MB ( 97%) used,   209.28 KB (  3%) free+waste,    39.44 KB ( <1%) overhead. 

Virtual space:
  Non-class space:        8.00 MB reserved,       7.00 MB ( 88%) committed 
      Class space:        1.00 GB reserved,       1.12 MB ( <1%) committed 
             Both:        1.01 GB reserved,       8.12 MB ( <1%) committed 

Chunk freelists:
   Non-Class:  23.00 KB
       Class:  16.00 KB
        Both:  39.00 KB

MaxMetaspaceSize: 17179869184.00 GB
CompressedClassSpaceSize: 1.00 GB

CodeHeap 'non-profiled nmethods': size=120000Kb used=226Kb max_used=226Kb free=119773Kb
 bounds [0x0000016d0fc30000, 0x0000016d0fea0000, 0x0000016d17160000]
CodeHeap 'profiled nmethods': size=120000Kb used=1128Kb max_used=1128Kb free=118871Kb
 bounds [0x0000016d08700000, 0x0000016d08970000, 0x0000016d0fc30000]
CodeHeap 'non-nmethods': size=5760Kb used=1289Kb max_used=1303Kb free=4470Kb
 bounds [0x0000016d08160000, 0x0000016d083d0000, 0x0000016d08700000]
 total_blobs=1343 nmethods=760 adapters=496
 compilation: enabled
              stopped_count=0, restarted_count=0
 full_count=0

Compilation events (20 events):
Event: 0.501 Thread 0x0000016d1ebf6b60  732       1       sun.nio.ch.NativeThread::current (2 bytes)
Event: 0.501 Thread 0x0000016d1ebf6b60 nmethod 732 0x0000016d0fc66d10 code [0x0000016d0fc66ea0, 0x0000016d0fc66f38]
Event: 0.503 Thread 0x0000016d1ebf6b60  734       3       java.nio.channels.spi.AbstractInterruptibleChannel::blockedOn (10 bytes)
Event: 0.503 Thread 0x0000016d1ebf6b60 nmethod 734 0x0000016d08812a90 code [0x0000016d08812c40, 0x0000016d08812e68]
Event: 0.503 Thread 0x0000016d1ebf6b60  735       3       java.lang.System$2::blockedOn (5 bytes)
Event: 0.503 Thread 0x0000016d1ebf6b60 nmethod 735 0x0000016d08812f90 code [0x0000016d08813140, 0x0000016d08813268]
Event: 0.503 Thread 0x0000016d1ebf6b60  736   !   3       java.lang.Thread::blockedOn (27 bytes)
Event: 0.503 Thread 0x0000016d1ebf6b60 nmethod 736 0x0000016d08813310 code [0x0000016d088134c0, 0x0000016d08813718]
Event: 0.503 Thread 0x0000016d1ebf6b60  737       3       java.nio.ByteBufferAsIntBufferB::get (30 bytes)
Event: 0.504 Thread 0x0000016d1ebf6b60 nmethod 737 0x0000016d08813810 code [0x0000016d08813a00, 0x0000016d08813e48]
Event: 0.504 Thread 0x0000016d1ebf6b60  738       3       java.nio.ByteBufferAsIntBufferB::byteOffset (9 bytes)
Event: 0.504 Thread 0x0000016d1ebf6b60 nmethod 738 0x0000016d08814010 code [0x0000016d088141a0, 0x0000016d088142b8]
Event: 0.504 Thread 0x0000016d1ebf6b60  739       3       java.nio.ByteBuffer::<init> (47 bytes)
Event: 0.504 Thread 0x0000016d1ebf6b60 nmethod 739 0x0000016d08814390 code [0x0000016d08814540, 0x0000016d08814748]
Event: 0.505 Thread 0x0000016d1ebf6b60  740       3       sun.nio.ch.FileChannelImpl::ensureOpen (16 bytes)
Event: 0.505 Thread 0x0000016d1ebf6b60 nmethod 740 0x0000016d08814890 code [0x0000016d08814a40, 0x0000016d08814ca8]
Event: 0.505 Thread 0x0000016d1ebf6b60  741       3       sun.nio.ch.FileChannelImpl::beginBlocking (12 bytes)
Event: 0.505 Thread 0x0000016d1ebf6b60 nmethod 741 0x0000016d08814d90 code [0x0000016d08814f40, 0x0000016d088150a8]
Event: 0.505 Thread 0x0000016d1ebf6b60  742   !   3       sun.nio.ch.NativeThreadSet::remove (50 bytes)
Event: 0.506 Thread 0x0000016d1ebf6b60 nmethod 742 0x0000016d08815190 code [0x0000016d08815340, 0x0000016d08815608]

GC Heap History (0 events):
No events

Deoptimization events (12 events):
Event: 0.055 Thread 0x0000016d7f87f410 Uncommon trap: trap_request=0xffffff45 fr.pc=0x0000016d0fc34040 relative=0x0000000000000220
Event: 0.055 Thread 0x0000016d7f87f410 Uncommon trap: reason=unstable_if action=reinterpret pc=0x0000016d0fc34040 method=java.lang.String.hashCode()I @ 13 c2
Event: 0.055 Thread 0x0000016d7f87f410 DEOPT PACKING pc=0x0000016d0fc34040 sp=0x00000063e31fdf50
Event: 0.055 Thread 0x0000016d7f87f410 DEOPT UNPACKING pc=0x0000016d081ae42f sp=0x00000063e31fdee8 mode 2
Event: 0.395 Thread 0x0000016d1f893920 Uncommon trap: trap_request=0xffffff45 fr.pc=0x0000016d0fc4e124 relative=0x0000000000000184
Event: 0.395 Thread 0x0000016d1f893920 Uncommon trap: reason=unstable_if action=reinterpret pc=0x0000016d0fc4e124 method=java.lang.String.equals(Ljava/lang/Object;)Z @ 33 c2
Event: 0.395 Thread 0x0000016d1f893920 DEOPT PACKING pc=0x0000016d0fc4e124 sp=0x00000063e46fe850
Event: 0.395 Thread 0x0000016d1f893920 DEOPT UNPACKING pc=0x0000016d081ae42f sp=0x00000063e46fe7f0 mode 2
Event: 0.395 Thread 0x0000016d1f893920 Uncommon trap: trap_request=0xffffff45 fr.pc=0x0000016d0fc3b598 relative=0x0000000000000078
Event: 0.395 Thread 0x0000016d1f893920 Uncommon trap: reason=unstable_if action=reinterpret pc=0x0000016d0fc3b598 method=java.lang.String.isLatin1()Z @ 10 c2
Event: 0.395 Thread 0x0000016d1f893920 DEOPT PACKING pc=0x0000016d0fc3b598 sp=0x00000063e46fe5c0
Event: 0.395 Thread 0x0000016d1f893920 DEOPT UNPACKING pc=0x0000016d081ae42f sp=0x00000063e46fe500 mode 2

Classes unloaded (0 events):
No events

Classes redefined (0 events):
No events

Internal exceptions (19 events):
Event: 0.055 Thread 0x0000016d7f87f410 Exception <a 'java/lang/ClassNotFoundException'{0x0000000089028238}: sun/awt/resources/spi/awtProvider> (0x0000000089028238) 
thrown [./open/src/hotspot/share/classfile/systemDictionary.cpp, line 295]
Event: 0.082 Thread 0x0000016d7f87f410 Exception <a 'java/io/FileNotFoundException'{0x0000000089089ca8}> (0x0000000089089ca8) 
thrown [./open/src/hotspot/share/prims/jni.cpp, line 578]
Event: 0.089 Thread 0x0000016d7f87f410 Exception <a 'java/io/FileNotFoundException'{0x00000000890b8808}> (0x00000000890b8808) 
thrown [./open/src/hotspot/share/prims/jni.cpp, line 578]
Event: 0.089 Thread 0x0000016d7f87f410 Exception <a 'java/lang/NoSuchMethodError'{0x00000000890b9df0}: 'java.lang.Object java.lang.invoke.DirectMethodHandle$Holder.invokeStatic(java.lang.Object)'> (0x00000000890b9df0) 
thrown [./open/src/hotspot/share/interpreter/linkResolver.cpp, line 782]
Event: 0.095 Thread 0x0000016d7f87f410 Exception <a 'java/lang/NoSuchMethodError'{0x00000000890c7ed0}: 'void java.lang.invoke.DirectMethodHandle$Holder.invokeSpecial(java.lang.Object, java.lang.Object, java.lang.Object)'> (0x00000000890c7ed0) 
thrown [./open/src/hotspot/share/interpreter/linkResolver.cpp, line 782]
Event: 0.129 Thread 0x0000016d7f87f410 Exception <a 'java/lang/NoSuchMethodError'{0x0000000088f202f0}: 'java.lang.Object java.lang.invoke.DirectMethodHandle$Holder.invokeStaticInit(java.lang.Object)'> (0x0000000088f202f0) 
thrown [./open/src/hotspot/share/interpreter/linkResolver.cpp, line 782]
Event: 0.294 Thread 0x0000016d1f893920 Exception <a 'java/lang/NoSuchMethodError'{0x0000000088e60ee0}: 'java.lang.Object java.lang.invoke.DirectMethodHandle$Holder.newInvokeSpecial(java.lang.Object, java.lang.Object, java.lang.Object, java.lang.Object, java.lang.Object)'> (0x0000000088e60ee0) 
thrown [./open/src/hotspot/share/interpreter/linkResolver.cpp, line 782]
Event: 0.295 Thread 0x0000016d1f893920 Exception <a 'java/lang/NoSuchMethodError'{0x0000000088e6c970}: 'java.lang.Object java.lang.invoke.DirectMethodHandle$Holder.invokeStatic(java.lang.Object, int, java.lang.Object, java.lang.Object, java.lang.Object, java.lang.Object)'> (0x0000000088e6c970) 
thrown [./open/src/hotspot/share/interpreter/linkResolver.cpp, line 782]
Event: 0.299 Thread 0x0000016d1f893920 Exception <a 'java/lang/NoSuchMethodError'{0x0000000088e92e68}: 'java.lang.Object java.lang.invoke.DirectMethodHandle$Holder.invokeStatic(java.lang.Object, int, java.lang.Object)'> (0x0000000088e92e68) 
thrown [./open/src/hotspot/share/interpreter/linkResolver.cpp, line 782]
Event: 0.319 Thread 0x0000016d1f893920 Exception <a 'java/lang/ClassNotFoundException'{0x0000000088d4b510}: com/sun/swing/internal/plaf/metal/resources/spi/metalProvider> (0x0000000088d4b510) 
thrown [./open/src/hotspot/share/classfile/systemDictionary.cpp, line 295]
Event: 0.320 Thread 0x0000016d1f893920 Exception <a 'java/lang/ClassNotFoundException'{0x0000000088d4f6e0}: com/sun/swing/internal/plaf/basic/resources/spi/basicProvider> (0x0000000088d4f6e0) 
thrown [./open/src/hotspot/share/classfile/systemDictionary.cpp, line 295]
Event: 0.372 Thread 0x0000016d1f893920 Exception <a 'java/lang/NoSuchMethodError'{0x0000000088c64578}: 'java.lang.Object java.lang.invoke.DirectMethodHandle$Holder.invokeSpecial(java.lang.Object, java.lang.Object, long, java.lang.Object, int, int, int, int, java.lang.Object, java.lang.Object, java.lang.Object)'> (0x0000000088c64578) 
thrown [./open/src/hotspot/share/interpreter/linkResolver.cpp, line 782]
Event: 0.372 Thread 0x0000016d1f893920 Exception <a 'java/lang/NoSuchMethodError'{0x0000000088c68f78}: 'java.lang.Object java.lang.invoke.DelegatingMethodHandle$Holder.reinvoke_L(java.lang.Object, long, java.lang.Object, int, int, int, int, java.lang.Object, java.lang.Object, java.lang.Object)'> (0x0000000088c68f78) 
thrown [./open/src/hotspot/share/interpreter/linkResolver.cpp, line 782]
Event: 0.378 Thread 0x0000016d1f893920 Exception <a 'java/lang/NoSuchMethodError'{0x0000000088cdd4f8}: 'java.lang.Object java.lang.invoke.DirectMethodHandle$Holder.invokeSpecial(java.lang.Object, java.lang.Object, long, java.lang.Object, java.lang.Object, java.lang.Object, java.lang.Object, int, java.lang.Object, java.lang.Object, java.lang.Object)'> (0x0000000088cdd4f8) 
thrown [./open/src/hotspot/share/interpreter/linkResolver.cpp, line 782]
Event: 0.378 Thread 0x0000016d1f893920 Exception <a 'java/lang/NoSuchMethodError'{0x0000000088ce2258}: 'java.lang.Object java.lang.invoke.DelegatingMethodHandle$Holder.reinvoke_L(java.lang.Object, long, java.lang.Object, java.lang.Object, java.lang.Object, java.lang.Object, int, java.lang.Object, java.lang.Object, java.lang.Object)'> (0x0000000088ce2258) 
thrown [./open/src/hotspot/share/interpreter/linkResolver.cpp, line 782]
Event: 0.385 Thread 0x0000016d1f893920 Exception <a 'java/lang/NoSuchMethodError'{0x0000000088b63800}: 'java.lang.Object java.lang.invoke.DirectMethodHandle$Holder.invokeSpecial(java.lang.Object, java.lang.Object, long, java.lang.Object, java.lang.Object, java.lang.Object, java.lang.Object, java.lang.Object, java.lang.Object, java.lang.Object)'> (0x0000000088b63800) 
thrown [./open/src/hotspot/share/interpreter/linkResolver.cpp, line 782]
Event: 0.385 Thread 0x0000016d1f893920 Exception <a 'java/lang/NoSuchMethodError'{0x0000000088b68508}: 'java.lang.Object java.lang.invoke.DelegatingMethodHandle$Holder.reinvoke_L(java.lang.Object, long, java.lang.Object, java.lang.Object, java.lang.Object, java.lang.Object, java.lang.Object, java.lang.Object, java.lang.Object)'> (0x0000000088b68508) 
thrown [./open/src/hotspot/share/interpreter/linkResolver.cpp, line 782]
Event: 0.386 Thread 0x0000016d1f893920 Exception <a 'java/lang/NoSuchMethodError'{0x0000000088b80d68}: 'java.lang.Object java.lang.invoke.DirectMethodHandle$Holder.invokeSpecial(java.lang.Object, java.lang.Object, java.lang.Object, java.lang.Object, java.lang.Object, java.lang.Object, java.lang.Object, java.lang.Object, java.lang.Object)'> (0x0000000088b80d68) 
thrown [./open/src/hotspot/share/interpreter/linkResolver.cpp, line 782]
Event: 0.386 Thread 0x0000016d1f893920 Exception <a 'java/lang/NoSuchMethodError'{0x0000000088b85bf0}: 'java.lang.Object java.lang.invoke.Invokers$Holder.linkToTargetMethod(java.lang.Object, java.lang.Object, java.lang.Object, java.lang.Object, java.lang.Object, java.lang.Object, java.lang.Object, java.lang.Object)'> (0x0000000088b85bf0) 
thrown [./open/src/hotspot/share/interpreter/linkResolver.cpp, line 782]

Events (20 events):
Event: 0.494 loading class sun/font/FontScaler
Event: 0.494 loading class sun/font/FontScaler done
Event: 0.494 loading class sun/font/FreetypeFontScaler
Event: 0.494 loading class sun/font/FreetypeFontScaler done
Event: 0.495 loading class sun/font/TrueTypeGlyphMapper
Event: 0.495 loading class sun/font/TrueTypeGlyphMapper done
Event: 0.495 loading class sun/font/CMap
Event: 0.495 loading class sun/font/CMap done
Event: 0.495 loading class sun/font/CMap$NullCMapClass
Event: 0.495 loading class sun/font/CMap$NullCMapClass done
Event: 0.495 loading class sun/font/CMap$CMapFormat4
Event: 0.495 loading class sun/font/CMap$CMapFormat4 done
Event: 0.495 loading class java/nio/ByteBufferAsCharBufferB
Event: 0.496 loading class java/nio/ByteBufferAsCharBufferB done
Event: 0.498 loading class sun/font/FontDesignMetrics$KeyReference
Event: 0.499 loading class sun/font/FontDesignMetrics$KeyReference done
Event: 0.499 loading class sun/font/CompositeGlyphMapper
Event: 0.499 loading class sun/font/CompositeGlyphMapper done
Event: 0.503 loading class sun/font/CMap$CMapFormat12
Event: 0.504 loading class sun/font/CMap$CMapFormat12 done


Dynamic libraries:
0x00007ff62dce0000 - 0x00007ff62dcef000 	C:\Program Files\Java\jdk-15.0.2\bin\javaw.exe
0x00007ffed5f70000 - 0x00007ffed6165000 	C:\Windows\SYSTEM32\ntdll.dll
0x00007ffed5580000 - 0x00007ffed563d000 	C:\Windows\System32\KERNEL32.DLL
0x00007ffed3780000 - 0x00007ffed3a48000 	C:\Windows\System32\KERNELBASE.dll
0x00007ffed3bb0000 - 0x00007ffed3cb0000 	C:\Windows\System32\ucrtbase.dll
0x00007ffec3760000 - 0x00007ffec3779000 	C:\Program Files\Java\jdk-15.0.2\bin\VCRUNTIME140.dll
0x00007ffec3890000 - 0x00007ffec38a8000 	C:\Program Files\Java\jdk-15.0.2\bin\jli.dll
0x00007ffed4120000 - 0x00007ffed41cc000 	C:\Windows\System32\ADVAPI32.dll
0x00007ffed4c00000 - 0x00007ffed4c9e000 	C:\Windows\System32\msvcrt.dll
0x00007ffed5c20000 - 0x00007ffed5cbb000 	C:\Windows\System32\sechost.dll
0x00007ffed4230000 - 0x00007ffed435b000 	C:\Windows\System32\RPCRT4.dll
0x00007ffed56d0000 - 0x00007ffed5870000 	C:\Windows\System32\USER32.dll
0x00007ffed3d40000 - 0x00007ffed3d62000 	C:\Windows\System32\win32u.dll
0x00007ffeb5150000 - 0x00007ffeb53ea000 	C:\Windows\WinSxS\amd64_microsoft.windows.common-controls_6595b64144ccf1df_6.0.19041.1052_none_60b8f8fd71f5e8cb\COMCTL32.dll
0x00007ffed41d0000 - 0x00007ffed41fa000 	C:\Windows\System32\GDI32.dll
0x00007ffed3ed0000 - 0x00007ffed3fdb000 	C:\Windows\System32\gdi32full.dll
0x00007ffed36b0000 - 0x00007ffed374d000 	C:\Windows\System32\msvcp_win.dll
0x00007ffecae70000 - 0x00007ffecae7a000 	C:\Windows\SYSTEM32\VERSION.dll
0x00007ffed4200000 - 0x00007ffed4230000 	C:\Windows\System32\IMM32.DLL
0x00007ffecb970000 - 0x00007ffecb97c000 	C:\Program Files\Java\jdk-15.0.2\bin\vcruntime140_1.dll
0x00007ffeb5ec0000 - 0x00007ffeb5f51000 	C:\Program Files\Java\jdk-15.0.2\bin\msvcp140.dll
0x00007ffe64720000 - 0x00007ffe6527e000 	C:\Program Files\Java\jdk-15.0.2\bin\server\jvm.dll
0x00007ffed5980000 - 0x00007ffed5988000 	C:\Windows\System32\PSAPI.DLL
0x00007ffec3880000 - 0x00007ffec3889000 	C:\Windows\SYSTEM32\WSOCK32.dll
0x00007ffec5230000 - 0x00007ffec5257000 	C:\Windows\SYSTEM32\WINMM.dll
0x00007ffed5cc0000 - 0x00007ffed5d2b000 	C:\Windows\System32\WS2_32.dll
0x00007ffed1f80000 - 0x00007ffed1f92000 	C:\Windows\SYSTEM32\kernel.appcore.dll
0x00007ffec36d0000 - 0x00007ffec36da000 	C:\Program Files\Java\jdk-15.0.2\bin\jimage.dll
0x00007ffed1500000 - 0x00007ffed16e4000 	C:\Windows\SYSTEM32\DBGHELP.DLL
0x00007ffeb8700000 - 0x00007ffeb872c000 	C:\Windows\SYSTEM32\dbgcore.DLL
0x00007ffed3cb0000 - 0x00007ffed3d33000 	C:\Windows\System32\bcryptPrimitives.dll
0x00007ffec0540000 - 0x00007ffec0565000 	C:\Program Files\Java\jdk-15.0.2\bin\java.dll
0x00007ffed4d00000 - 0x00007ffed543f000 	C:\Windows\System32\SHELL32.dll
0x00007ffed16f0000 - 0x00007ffed1e80000 	C:\Windows\SYSTEM32\windows.storage.dll
0x00007ffed48a0000 - 0x00007ffed4bf5000 	C:\Windows\System32\combase.dll
0x00007ffed3120000 - 0x00007ffed314c000 	C:\Windows\SYSTEM32\Wldp.dll
0x00007ffed5870000 - 0x00007ffed591e000 	C:\Windows\System32\SHCORE.dll
0x00007ffed5990000 - 0x00007ffed59e5000 	C:\Windows\System32\shlwapi.dll
0x00007ffed35f0000 - 0x00007ffed360f000 	C:\Windows\SYSTEM32\profapi.dll
0x00007ffe7b640000 - 0x00007ffe7b7c0000 	C:\Program Files\Java\jdk-15.0.2\bin\awt.dll
0x00007ffed4360000 - 0x00007ffed442d000 	C:\Windows\System32\OLEAUT32.dll
0x00007ffed01d0000 - 0x00007ffed0260000 	C:\Windows\SYSTEM32\apphelp.dll
0x00007ffeb7190000 - 0x00007ffeb71a9000 	C:\Program Files\Java\jdk-15.0.2\bin\net.dll
0x00007ffeca6d0000 - 0x00007ffeca7db000 	C:\Windows\SYSTEM32\WINHTTP.dll
0x00007ffed2e90000 - 0x00007ffed2efa000 	C:\Windows\system32\mswsock.dll
0x00007ffeb7170000 - 0x00007ffeb7182000 	C:\Program Files\Java\jdk-15.0.2\bin\nio.dll
0x00007ffeb7150000 - 0x00007ffeb7168000 	C:\Program Files\Java\jdk-15.0.2\bin\zip.dll
0x00007ffed0310000 - 0x00007ffed03ae000 	C:\Windows\system32\uxtheme.dll
0x00007ffed5d30000 - 0x00007ffed5e45000 	C:\Windows\System32\MSCTF.dll
0x00007ffed3ff0000 - 0x00007ffed411a000 	C:\Windows\System32\ole32.dll
0x00007ffed1150000 - 0x00007ffed117f000 	C:\Windows\system32\DWMAPI.DLL
0x00007ffe6e120000 - 0x00007ffe6e246000 	C:\Windows\system32\opengl32.dll
0x00007ffe6e0f0000 - 0x00007ffe6e11c000 	C:\Windows\SYSTEM32\GLU32.dll
0x00007ffec4b20000 - 0x00007ffec4cee000 	C:\Windows\system32\d3d9.dll
0x00007ffec81f0000 - 0x00007ffec82f2000 	C:\Windows\System32\DriverStore\FileRepository\nvlt.inf_amd64_04baa46c48be5bb8\nvldumdx.dll
0x00007ffed32a0000 - 0x00007ffed32b2000 	C:\Windows\SYSTEM32\msasn1.dll
0x00007ffeca8b0000 - 0x00007ffeca8e1000 	C:\Windows\SYSTEM32\cryptnet.dll
0x00007ffed3d70000 - 0x00007ffed3ecf000 	C:\Windows\System32\CRYPT32.dll
0x00007ffed3080000 - 0x00007ffed308c000 	C:\Windows\SYSTEM32\cryptbase.dll
0x00007ffed3aa0000 - 0x00007ffed3b00000 	C:\Windows\System32\WINTRUST.DLL
0x00007ffed5440000 - 0x00007ffed545d000 	C:\Windows\System32\imagehlp.dll
0x00007ffed3060000 - 0x00007ffed3078000 	C:\Windows\SYSTEM32\CRYPTSP.dll
0x00007ffed27c0000 - 0x00007ffed27f4000 	C:\Windows\system32\rsaenh.dll
0x00007ffed3750000 - 0x00007ffed3777000 	C:\Windows\System32\bcrypt.dll
0x00007ffe61680000 - 0x00007ffe6309c000 	C:\Windows\System32\DriverStore\FileRepository\nvlt.inf_amd64_04baa46c48be5bb8\nvd3dumx.dll
0x00007ffed1fa0000 - 0x00007ffed1fc3000 	C:\Windows\SYSTEM32\gpapi.dll
0x00007ffec8400000 - 0x00007ffec843b000 	C:\Windows\SYSTEM32\dxcore.dll
0x00007ffed3a50000 - 0x00007ffed3a9e000 	C:\Windows\System32\cfgmgr32.dll
0x00007ffeaf4b0000 - 0x00007ffeaf535000 	C:\Program Files\Java\jdk-15.0.2\bin\freetype.dll
0x00007ffe934b0000 - 0x00007ffe93559000 	C:\Program Files\Java\jdk-15.0.2\bin\fontmanager.dll
0x00007ffed5470000 - 0x00007ffed5519000 	C:\Windows\System32\clbcatq.dll
0x00007ffecacb0000 - 0x00007ffecae64000 	C:\Windows\SYSTEM32\WindowsCodecs.dll
0x00007ffeaa2d0000 - 0x00007ffeaa30e000 	C:\Windows\system32\dataexchange.dll
0x00007ffecf5f0000 - 0x00007ffecf7d6000 	C:\Windows\system32\dcomp.dll
0x00007ffece960000 - 0x00007ffecebc4000 	C:\Windows\system32\d3d11.dll
0x00007ffed1ff0000 - 0x00007ffed20e4000 	C:\Windows\system32\dxgi.dll
0x00007ffecb630000 - 0x00007ffecb831000 	C:\Windows\system32\twinapi.appcore.dll
0x00007ffeb2820000 - 0x00007ffeb2919000 	C:\Windows\SYSTEM32\textinputframework.dll
0x00007ffecfec0000 - 0x00007ffecffb2000 	C:\Windows\System32\CoreMessaging.dll
0x00007ffecfb60000 - 0x00007ffecfebe000 	C:\Windows\System32\CoreUIComponents.dll
0x00007ffed23f0000 - 0x00007ffed2423000 	C:\Windows\SYSTEM32\ntmarta.dll
0x00007ffed0540000 - 0x00007ffed0694000 	C:\Windows\SYSTEM32\wintypes.dll

dbghelp: loaded successfully - version: 4.0.5 - missing functions: none
symbol engine: initialized successfully - sym options: 0x614 - pdb path: .;C:\Program Files\Java\jdk-15.0.2\bin;C:\Windows\SYSTEM32;C:\Windows\WinSxS\amd64_microsoft.windows.common-controls_6595b64144ccf1df_6.0.19041.1052_none_60b8f8fd71f5e8cb;C:\Program Files\Java\jdk-15.0.2\bin\server;C:\Windows\System32\DriverStore\FileRepository\nvlt.inf_amd64_04baa46c48be5bb8

VM Arguments:
jvm_args: -Dfile.encoding=Cp1250 -XX:+ShowCodeDetailsInExceptionMessages 
java_command: flota.Main
java_class_path (initial): C:\JAVA\Nowy folder\Git\Flota9 Eclipse\bin;C:\sqlite\sqlite-jdbc-3.34.0.jar;C:\JAVA\Moje bazy danych\jdatepicker-2.0.3.jar;C:\JAVA\Nowy folder\Git\Flota9 Eclipse\jcalendar-1.4.jar;C:\JAVA\Moje bazy danych\rs2xml.jar
Launcher Type: SUN_STANDARD

[Global flags]
     intx CICompilerCount                          = 4                                         {product} {ergonomic}
     uint ConcGCThreads                            = 2                                         {product} {ergonomic}
     uint G1ConcRefinementThreads                  = 8                                         {product} {ergonomic}
   size_t G1HeapRegionSize                         = 1048576                                   {product} {ergonomic}
    uintx GCDrainStackTargetSize                   = 64                                        {product} {ergonomic}
   size_t InitialHeapSize                          = 134217728                                 {product} {ergonomic}
   size_t MarkStackSize                            = 4194304                                   {product} {ergonomic}
   size_t MaxHeapSize                              = 2128609280                                {product} {ergonomic}
   size_t MaxNewSize                               = 1277165568                                {product} {ergonomic}
   size_t MinHeapDeltaBytes                        = 1048576                                   {product} {ergonomic}
   size_t MinHeapSize                              = 8388608                                   {product} {ergonomic}
    uintx NonNMethodCodeHeapSize                   = 5839372                                {pd product} {ergonomic}
    uintx NonProfiledCodeHeapSize                  = 122909434                              {pd product} {ergonomic}
    uintx ProfiledCodeHeapSize                     = 122909434                              {pd product} {ergonomic}
    uintx ReservedCodeCacheSize                    = 251658240                              {pd product} {ergonomic}
     bool SegmentedCodeCache                       = true                                      {product} {ergonomic}
     bool ShowCodeDetailsInExceptionMessages       = true                                   {manageable} {command line}
   size_t SoftMaxHeapSize                          = 2128609280                             {manageable} {ergonomic}
     bool UseCompressedClassPointers               = true                                 {lp64_product} {ergonomic}
     bool UseCompressedOops                        = true                                 {lp64_product} {ergonomic}
     bool UseG1GC                                  = true                                      {product} {ergonomic}
     bool UseLargePagesIndividualAllocation        = false                                  {pd product} {ergonomic}

Logging:
Log output configuration:
 #0: stdout all=warning uptime,level,tags
 #1: stderr all=off uptime,level,tags

Environment Variables:
JAVA_HOME=C:\Program Files\Java\jdk-15.0.2
PATH=C:\Program Files\Common Files\Oracle\Java\javapath;C:\Windows\system32;C:\Windows;C:\Windows\System32\Wbem;C:\Windows\System32\WindowsPowerShell\v1.0\;C:\Windows\System32\OpenSSH\;C:\Program Files\Microsoft SQL Server\Client SDK\ODBC\110\Tools\Binn\;C:\Program Files (x86)\Microsoft SQL Server\120\Tools\Binn\;C:\Program Files\Microsoft SQL Server\120\Tools\Binn\;C:\Program Files\Microsoft SQL Server\120\DTS\Binn\;C:\Program Files (x86)\Microsoft SQL Server\120\Tools\Binn\ManagementStudio\;C:\Program Files (x86)\Microsoft SQL Server\120\DTS\Binn\;C:\Program Files\Git\cmd;"C:\Program Files\Java\jdk-15.0.2\bin"
USERNAME=slawe
OS=Windows_NT
PROCESSOR_IDENTIFIER=Intel64 Family 6 Model 158 Stepping 13, GenuineIntel



---------------  S Y S T E M  ---------------

OS:
 Windows 10 , 64 bit Build 19041 (10.0.19041.1023)
OS uptime: 0 days 13:34 hours

CPU: total 8 (initial active 8) (4 cores per cpu, 2 threads per core) family 6 model 158 stepping 13 microcode 0xde, cmov, cx8, fxsr, mmx, sse, sse2, sse3, ssse3, sse4.1, sse4.2, popcnt, vzeroupper, avx, avx2, aes, clmul, erms, 3dnowpref, lzcnt, ht, tsc, tscinvbit, bmi1, bmi2, adx, fma, clflush, clflushopt

Memory: 4k page, system-wide physical 8112M (1380M free)
TotalPageFile size 32688M (AvailPageFile size 3M)
current process WorkingSet (physical memory assigned to process): 83M, peak: 83M
current process commit charge ("private bytes"): 251M, peak: 252M

vm_info: Java HotSpot(TM) 64-Bit Server VM (15.0.2+7-27) for windows-amd64 JRE (15.0.2+7-27), built on Dec  7 2020 20:07:01 by "mach5one" with unknown MS VC++:1925

END.
