#
# There is insufficient memory for the Java Runtime Environment to continue.
# Native memory allocation (malloc) failed to allocate 688976 bytes for Chunk::new
# Possible reasons:
#   The system is out of physical RAM or swap space
#   The process is running with CompressedOops enabled, and the Java Heap may be blocking the growth of the native heap
# Possible solutions:
#   Reduce memory load on the system
#   Increase physical memory or swap space
#   Check if swap backing store is full
#   Decrease Java heap size (-Xmx/-Xms)
#   Decrease number of Java threads
#   Decrease Java thread stack sizes (-Xss)
#   Set larger code cache with -XX:ReservedCodeCacheSize=
#   JVM is running with Unscaled Compressed Oops mode in which the Java heap is
#     placed in the first 4GB address space. The Java Heap base address is the
#     maximum limit for the native heap growth. Please use -XX:HeapBaseMinAddress
#     to set the Java Heap base and to place the Java Heap above 4GB virtual address.
# This output file may be truncated or incomplete.
#
#  Out of Memory Error (./open/src/hotspot/share/memory/arena.cpp:195), pid=12296, tid=8692
#
# JRE version: Java(TM) SE Runtime Environment (15.0.2+7) (build 15.0.2+7-27)
# Java VM: Java HotSpot(TM) 64-Bit Server VM (15.0.2+7-27, mixed mode, sharing, tiered, compressed oops, g1 gc, windows-amd64)
# No core dump will be written. Minidumps are not enabled by default on client versions of Windows
#

---------------  S U M M A R Y ------------

Command Line: -Dfile.encoding=Cp1250 -XX:+ShowCodeDetailsInExceptionMessages flota.Main

Host: Intel(R) Core(TM) i5-9300HF CPU @ 2.40GHz, 8 cores, 7G,  Windows 10 , 64 bit Build 19041 (10.0.19041.1023)
Time: Tue Jul  6 21:20:39 2021 Œrodkowoeuropejski czas letni elapsed time: 3.532076 seconds (0d 0h 0m 3s)

---------------  T H R E A D  ---------------

Current thread (0x000001e726920690):  JavaThread "C2 CompilerThread0" daemon [_thread_in_native, id=8692, stack(0x00000021f9100000,0x00000021f9200000)]


Current CompileTask:
C2:   3532 1345       4       sun.util.locale.BaseLocale::getInstance (186 bytes)

Stack: [0x00000021f9100000,0x00000021f9200000]
Native frames: (J=compiled Java code, j=interpreted, Vv=VM code, C=native code)
V  [jvm.dll+0x62ae9a]
V  [jvm.dll+0x7817a9]
V  [jvm.dll+0x782f03]
V  [jvm.dll+0x783563]
V  [jvm.dll+0x216325]
V  [jvm.dll+0x97f3a]
V  [jvm.dll+0x9861c]
V  [jvm.dll+0x32e2a8]
V  [jvm.dll+0x2f768a]
V  [jvm.dll+0x2f6a4a]
V  [jvm.dll+0x1ea705]
V  [jvm.dll+0x1e996e]
V  [jvm.dll+0x178567]
V  [jvm.dll+0x1f9225]
V  [jvm.dll+0x1f72cc]
V  [jvm.dll+0x74495d]
V  [jvm.dll+0x73d75a]
V  [jvm.dll+0x629c56]
C  [ucrtbase.dll+0x21bb2]
C  [KERNEL32.DLL+0x17034]
C  [ntdll.dll+0x52651]


---------------  P R O C E S S  ---------------

Threads class SMR info:
_java_thread_list=0x000001e72f011b10, length=19, elements={
0x000001e7268fbc00, 0x000001e7268fce80, 0x000001e726916a70, 0x000001e726919340,
0x000001e72691a4a0, 0x000001e726920690, 0x000001e726927fc0, 0x000001e72693a490,
0x000001e72737eb90, 0x000001e7273863d0, 0x000001e7275d5d50, 0x000001e7275e9350,
0x000001e7275eb900, 0x000001e7275e7770, 0x000001e705e1d8b0, 0x000001e72f091880,
0x000001e72fce1c50, 0x000001e72f05ee50, 0x000001e72fb591c0
}

Java Threads: ( => current thread )
  0x000001e7268fbc00 JavaThread "Reference Handler" daemon [_thread_blocked, id=12192, stack(0x00000021f8c00000,0x00000021f8d00000)]
  0x000001e7268fce80 JavaThread "Finalizer" daemon [_thread_blocked, id=4440, stack(0x00000021f8d00000,0x00000021f8e00000)]
  0x000001e726916a70 JavaThread "Signal Dispatcher" daemon [_thread_blocked, id=5572, stack(0x00000021f8e00000,0x00000021f8f00000)]
  0x000001e726919340 JavaThread "Attach Listener" daemon [_thread_blocked, id=3088, stack(0x00000021f8f00000,0x00000021f9000000)]
  0x000001e72691a4a0 JavaThread "Service Thread" daemon [_thread_blocked, id=13228, stack(0x00000021f9000000,0x00000021f9100000)]
=>0x000001e726920690 JavaThread "C2 CompilerThread0" daemon [_thread_in_native, id=8692, stack(0x00000021f9100000,0x00000021f9200000)]
  0x000001e726927fc0 JavaThread "C1 CompilerThread0" daemon [_thread_in_vm, id=9528, stack(0x00000021f9200000,0x00000021f9300000)]
  0x000001e72693a490 JavaThread "Sweeper thread" daemon [_thread_blocked, id=13968, stack(0x00000021f9300000,0x00000021f9400000)]
  0x000001e72737eb90 JavaThread "Notification Thread" daemon [_thread_blocked, id=12884, stack(0x00000021f9400000,0x00000021f9500000)]
  0x000001e7273863d0 JavaThread "Common-Cleaner" daemon [_thread_blocked, id=1268, stack(0x00000021f9600000,0x00000021f9700000)]
  0x000001e7275d5d50 JavaThread "Java2D Disposer" daemon [_thread_blocked, id=4992, stack(0x00000021f9700000,0x00000021f9800000)]
  0x000001e7275e9350 JavaThread "AWT-Shutdown" [_thread_blocked, id=9672, stack(0x00000021f9800000,0x00000021f9900000)]
  0x000001e7275eb900 JavaThread "AWT-Windows" daemon [_thread_in_native, id=6892, stack(0x00000021f9900000,0x00000021f9a00000)]
  0x000001e7275e7770 JavaThread "AWT-EventQueue-0" [_thread_in_Java, id=3764, stack(0x00000021f9a00000,0x00000021f9b00000)]
  0x000001e705e1d8b0 JavaThread "DestroyJavaVM" [_thread_blocked, id=1676, stack(0x00000021f8500000,0x00000021f8600000)]
  0x000001e72f091880 JavaThread "D3D Screen Updater" daemon [_thread_blocked, id=8496, stack(0x00000021fa200000,0x00000021fa300000)]
  0x000001e72fce1c50 JavaThread "TimerQueue" daemon [_thread_blocked, id=7880, stack(0x00000021fa300000,0x00000021fa400000)]
  0x000001e72f05ee50 JavaThread "Image Fetcher 0" daemon [_thread_blocked, id=5388, stack(0x00000021f9e00000,0x00000021f9f00000)]
  0x000001e72fb591c0 JavaThread "C2 CompilerThread1" daemon [_thread_blocked, id=11368, stack(0x00000021f9d00000,0x00000021f9e00000)]

Other Threads:
  0x000001e7268f9cd0 VMThread "VM Thread" [stack: 0x00000021f8b00000,0x00000021f8c00000] [id=3012]
  0x000001e7273858a0 WatcherThread [stack: 0x00000021f9500000,0x00000021f9600000] [id=11824]
  0x000001e705e5fd90 GCTaskThread "GC Thread#0" [stack: 0x00000021f8600000,0x00000021f8700000] [id=3112]
  0x000001e705e724e0 ConcurrentGCThread "G1 Main Marker" [stack: 0x00000021f8700000,0x00000021f8800000] [id=6188]
  0x000001e705e73060 ConcurrentGCThread "G1 Conc#0" [stack: 0x00000021f8800000,0x00000021f8900000] [id=12588]
  0x000001e705efc540 ConcurrentGCThread "G1 Refine#0" [stack: 0x00000021f8900000,0x00000021f8a00000] [id=10384]
  0x000001e705efdf80 ConcurrentGCThread "G1 Young RemSet Sampling" [stack: 0x00000021f8a00000,0x00000021f8b00000] [id=4220]

Threads with active compile tasks:
C2 CompilerThread0     3548 1345       4       sun.util.locale.BaseLocale::getInstance (186 bytes)

VM state: not at safepoint (normal execution)

VM Mutex/Monitor currently owned by a thread: None

Heap address: 0x0000000081200000, size: 2030 MB, Compressed Oops mode: 32-bit
CDS archive(s) mapped at: [0x0000000800000000-0x0000000800b50000-0x0000000800b50000), size 11862016, SharedBaseAddress: 0x0000000800000000, ArchiveRelocationMode: 0.
Compressed class space mapped at: 0x0000000800b50000-0x0000000840b50000, size: 1073741824
Narrow klass base: 0x0000000800000000, Narrow klass shift: 3, Narrow klass range: 0x100000000

GC Precious Log:
 CPUs: 8 total, 8 available
 Memory: 8112M
 Large Page Support: Disabled
 NUMA Support: Disabled
 Compressed Oops: Enabled (32-bit)
 Heap Region Size: 1M
 Heap Min Capacity: 8M
 Heap Initial Capacity: 128M
 Heap Max Capacity: 2030M
 Pre-touch: Disabled
 Parallel Workers: 8
 Concurrent Workers: 2
 Concurrent Refinement Workers: 8
 Periodic GC: Disabled

Heap:
 garbage-first heap   total 131072K, used 14336K [0x0000000081200000, 0x0000000100000000)
  region size 1024K, 15 young (15360K), 0 survivors (0K)
 Metaspace       used 12923K, capacity 13280K, committed 13568K, reserved 1060864K
  class space    used 1582K, capacity 1715K, committed 1792K, reserved 1048576K

Heap Regions: E=young(eden), S=young(survivor), O=old, HS=humongous(starts), HC=humongous(continues), CS=collection set, F=free, OA=open archive, CA=closed archive, TAMS=top-at-mark-start (previous, next)
|   0|0x0000000081200000, 0x0000000081200000, 0x0000000081300000|  0%| F|  |TAMS 0x0000000081200000, 0x0000000081200000| Untracked 
|   1|0x0000000081300000, 0x0000000081300000, 0x0000000081400000|  0%| F|  |TAMS 0x0000000081300000, 0x0000000081300000| Untracked 
|   2|0x0000000081400000, 0x0000000081400000, 0x0000000081500000|  0%| F|  |TAMS 0x0000000081400000, 0x0000000081400000| Untracked 
|   3|0x0000000081500000, 0x0000000081500000, 0x0000000081600000|  0%| F|  |TAMS 0x0000000081500000, 0x0000000081500000| Untracked 
|   4|0x0000000081600000, 0x0000000081600000, 0x0000000081700000|  0%| F|  |TAMS 0x0000000081600000, 0x0000000081600000| Untracked 
|   5|0x0000000081700000, 0x0000000081700000, 0x0000000081800000|  0%| F|  |TAMS 0x0000000081700000, 0x0000000081700000| Untracked 
|   6|0x0000000081800000, 0x0000000081800000, 0x0000000081900000|  0%| F|  |TAMS 0x0000000081800000, 0x0000000081800000| Untracked 
|   7|0x0000000081900000, 0x0000000081900000, 0x0000000081a00000|  0%| F|  |TAMS 0x0000000081900000, 0x0000000081900000| Untracked 
|   8|0x0000000081a00000, 0x0000000081a00000, 0x0000000081b00000|  0%| F|  |TAMS 0x0000000081a00000, 0x0000000081a00000| Untracked 
|   9|0x0000000081b00000, 0x0000000081b00000, 0x0000000081c00000|  0%| F|  |TAMS 0x0000000081b00000, 0x0000000081b00000| Untracked 
|  10|0x0000000081c00000, 0x0000000081c00000, 0x0000000081d00000|  0%| F|  |TAMS 0x0000000081c00000, 0x0000000081c00000| Untracked 
|  11|0x0000000081d00000, 0x0000000081d00000, 0x0000000081e00000|  0%| F|  |TAMS 0x0000000081d00000, 0x0000000081d00000| Untracked 
|  12|0x0000000081e00000, 0x0000000081e00000, 0x0000000081f00000|  0%| F|  |TAMS 0x0000000081e00000, 0x0000000081e00000| Untracked 
|  13|0x0000000081f00000, 0x0000000081f00000, 0x0000000082000000|  0%| F|  |TAMS 0x0000000081f00000, 0x0000000081f00000| Untracked 
|  14|0x0000000082000000, 0x0000000082000000, 0x0000000082100000|  0%| F|  |TAMS 0x0000000082000000, 0x0000000082000000| Untracked 
|  15|0x0000000082100000, 0x0000000082100000, 0x0000000082200000|  0%| F|  |TAMS 0x0000000082100000, 0x0000000082100000| Untracked 
|  16|0x0000000082200000, 0x0000000082200000, 0x0000000082300000|  0%| F|  |TAMS 0x0000000082200000, 0x0000000082200000| Untracked 
|  17|0x0000000082300000, 0x0000000082300000, 0x0000000082400000|  0%| F|  |TAMS 0x0000000082300000, 0x0000000082300000| Untracked 
|  18|0x0000000082400000, 0x0000000082400000, 0x0000000082500000|  0%| F|  |TAMS 0x0000000082400000, 0x0000000082400000| Untracked 
|  19|0x0000000082500000, 0x0000000082500000, 0x0000000082600000|  0%| F|  |TAMS 0x0000000082500000, 0x0000000082500000| Untracked 
|  20|0x0000000082600000, 0x0000000082600000, 0x0000000082700000|  0%| F|  |TAMS 0x0000000082600000, 0x0000000082600000| Untracked 
|  21|0x0000000082700000, 0x0000000082700000, 0x0000000082800000|  0%| F|  |TAMS 0x0000000082700000, 0x0000000082700000| Untracked 
|  22|0x0000000082800000, 0x0000000082800000, 0x0000000082900000|  0%| F|  |TAMS 0x0000000082800000, 0x0000000082800000| Untracked 
|  23|0x0000000082900000, 0x0000000082900000, 0x0000000082a00000|  0%| F|  |TAMS 0x0000000082900000, 0x0000000082900000| Untracked 
|  24|0x0000000082a00000, 0x0000000082a00000, 0x0000000082b00000|  0%| F|  |TAMS 0x0000000082a00000, 0x0000000082a00000| Untracked 
|  25|0x0000000082b00000, 0x0000000082b00000, 0x0000000082c00000|  0%| F|  |TAMS 0x0000000082b00000, 0x0000000082b00000| Untracked 
|  26|0x0000000082c00000, 0x0000000082c00000, 0x0000000082d00000|  0%| F|  |TAMS 0x0000000082c00000, 0x0000000082c00000| Untracked 
|  27|0x0000000082d00000, 0x0000000082d00000, 0x0000000082e00000|  0%| F|  |TAMS 0x0000000082d00000, 0x0000000082d00000| Untracked 
|  28|0x0000000082e00000, 0x0000000082e00000, 0x0000000082f00000|  0%| F|  |TAMS 0x0000000082e00000, 0x0000000082e00000| Untracked 
|  29|0x0000000082f00000, 0x0000000082f00000, 0x0000000083000000|  0%| F|  |TAMS 0x0000000082f00000, 0x0000000082f00000| Untracked 
|  30|0x0000000083000000, 0x0000000083000000, 0x0000000083100000|  0%| F|  |TAMS 0x0000000083000000, 0x0000000083000000| Untracked 
|  31|0x0000000083100000, 0x0000000083100000, 0x0000000083200000|  0%| F|  |TAMS 0x0000000083100000, 0x0000000083100000| Untracked 
|  32|0x0000000083200000, 0x0000000083200000, 0x0000000083300000|  0%| F|  |TAMS 0x0000000083200000, 0x0000000083200000| Untracked 
|  33|0x0000000083300000, 0x0000000083300000, 0x0000000083400000|  0%| F|  |TAMS 0x0000000083300000, 0x0000000083300000| Untracked 
|  34|0x0000000083400000, 0x0000000083400000, 0x0000000083500000|  0%| F|  |TAMS 0x0000000083400000, 0x0000000083400000| Untracked 
|  35|0x0000000083500000, 0x0000000083500000, 0x0000000083600000|  0%| F|  |TAMS 0x0000000083500000, 0x0000000083500000| Untracked 
|  36|0x0000000083600000, 0x0000000083600000, 0x0000000083700000|  0%| F|  |TAMS 0x0000000083600000, 0x0000000083600000| Untracked 
|  37|0x0000000083700000, 0x0000000083700000, 0x0000000083800000|  0%| F|  |TAMS 0x0000000083700000, 0x0000000083700000| Untracked 
|  38|0x0000000083800000, 0x0000000083800000, 0x0000000083900000|  0%| F|  |TAMS 0x0000000083800000, 0x0000000083800000| Untracked 
|  39|0x0000000083900000, 0x0000000083900000, 0x0000000083a00000|  0%| F|  |TAMS 0x0000000083900000, 0x0000000083900000| Untracked 
|  40|0x0000000083a00000, 0x0000000083a00000, 0x0000000083b00000|  0%| F|  |TAMS 0x0000000083a00000, 0x0000000083a00000| Untracked 
|  41|0x0000000083b00000, 0x0000000083b00000, 0x0000000083c00000|  0%| F|  |TAMS 0x0000000083b00000, 0x0000000083b00000| Untracked 
|  42|0x0000000083c00000, 0x0000000083c00000, 0x0000000083d00000|  0%| F|  |TAMS 0x0000000083c00000, 0x0000000083c00000| Untracked 
|  43|0x0000000083d00000, 0x0000000083d00000, 0x0000000083e00000|  0%| F|  |TAMS 0x0000000083d00000, 0x0000000083d00000| Untracked 
|  44|0x0000000083e00000, 0x0000000083e00000, 0x0000000083f00000|  0%| F|  |TAMS 0x0000000083e00000, 0x0000000083e00000| Untracked 
|  45|0x0000000083f00000, 0x0000000083f00000, 0x0000000084000000|  0%| F|  |TAMS 0x0000000083f00000, 0x0000000083f00000| Untracked 
|  46|0x0000000084000000, 0x0000000084000000, 0x0000000084100000|  0%| F|  |TAMS 0x0000000084000000, 0x0000000084000000| Untracked 
|  47|0x0000000084100000, 0x0000000084100000, 0x0000000084200000|  0%| F|  |TAMS 0x0000000084100000, 0x0000000084100000| Untracked 
|  48|0x0000000084200000, 0x0000000084200000, 0x0000000084300000|  0%| F|  |TAMS 0x0000000084200000, 0x0000000084200000| Untracked 
|  49|0x0000000084300000, 0x0000000084300000, 0x0000000084400000|  0%| F|  |TAMS 0x0000000084300000, 0x0000000084300000| Untracked 
|  50|0x0000000084400000, 0x0000000084400000, 0x0000000084500000|  0%| F|  |TAMS 0x0000000084400000, 0x0000000084400000| Untracked 
|  51|0x0000000084500000, 0x0000000084500000, 0x0000000084600000|  0%| F|  |TAMS 0x0000000084500000, 0x0000000084500000| Untracked 
|  52|0x0000000084600000, 0x0000000084600000, 0x0000000084700000|  0%| F|  |TAMS 0x0000000084600000, 0x0000000084600000| Untracked 
|  53|0x0000000084700000, 0x0000000084700000, 0x0000000084800000|  0%| F|  |TAMS 0x0000000084700000, 0x0000000084700000| Untracked 
|  54|0x0000000084800000, 0x0000000084800000, 0x0000000084900000|  0%| F|  |TAMS 0x0000000084800000, 0x0000000084800000| Untracked 
|  55|0x0000000084900000, 0x0000000084900000, 0x0000000084a00000|  0%| F|  |TAMS 0x0000000084900000, 0x0000000084900000| Untracked 
|  56|0x0000000084a00000, 0x0000000084a00000, 0x0000000084b00000|  0%| F|  |TAMS 0x0000000084a00000, 0x0000000084a00000| Untracked 
|  57|0x0000000084b00000, 0x0000000084b00000, 0x0000000084c00000|  0%| F|  |TAMS 0x0000000084b00000, 0x0000000084b00000| Untracked 
|  58|0x0000000084c00000, 0x0000000084c00000, 0x0000000084d00000|  0%| F|  |TAMS 0x0000000084c00000, 0x0000000084c00000| Untracked 
|  59|0x0000000084d00000, 0x0000000084d00000, 0x0000000084e00000|  0%| F|  |TAMS 0x0000000084d00000, 0x0000000084d00000| Untracked 
|  60|0x0000000084e00000, 0x0000000084e00000, 0x0000000084f00000|  0%| F|  |TAMS 0x0000000084e00000, 0x0000000084e00000| Untracked 
|  61|0x0000000084f00000, 0x0000000084f00000, 0x0000000085000000|  0%| F|  |TAMS 0x0000000084f00000, 0x0000000084f00000| Untracked 
|  62|0x0000000085000000, 0x0000000085000000, 0x0000000085100000|  0%| F|  |TAMS 0x0000000085000000, 0x0000000085000000| Untracked 
|  63|0x0000000085100000, 0x0000000085100000, 0x0000000085200000|  0%| F|  |TAMS 0x0000000085100000, 0x0000000085100000| Untracked 
|  64|0x0000000085200000, 0x0000000085200000, 0x0000000085300000|  0%| F|  |TAMS 0x0000000085200000, 0x0000000085200000| Untracked 
|  65|0x0000000085300000, 0x0000000085300000, 0x0000000085400000|  0%| F|  |TAMS 0x0000000085300000, 0x0000000085300000| Untracked 
|  66|0x0000000085400000, 0x0000000085400000, 0x0000000085500000|  0%| F|  |TAMS 0x0000000085400000, 0x0000000085400000| Untracked 
|  67|0x0000000085500000, 0x0000000085500000, 0x0000000085600000|  0%| F|  |TAMS 0x0000000085500000, 0x0000000085500000| Untracked 
|  68|0x0000000085600000, 0x0000000085600000, 0x0000000085700000|  0%| F|  |TAMS 0x0000000085600000, 0x0000000085600000| Untracked 
|  69|0x0000000085700000, 0x0000000085700000, 0x0000000085800000|  0%| F|  |TAMS 0x0000000085700000, 0x0000000085700000| Untracked 
|  70|0x0000000085800000, 0x0000000085800000, 0x0000000085900000|  0%| F|  |TAMS 0x0000000085800000, 0x0000000085800000| Untracked 
|  71|0x0000000085900000, 0x0000000085900000, 0x0000000085a00000|  0%| F|  |TAMS 0x0000000085900000, 0x0000000085900000| Untracked 
|  72|0x0000000085a00000, 0x0000000085a00000, 0x0000000085b00000|  0%| F|  |TAMS 0x0000000085a00000, 0x0000000085a00000| Untracked 
|  73|0x0000000085b00000, 0x0000000085b00000, 0x0000000085c00000|  0%| F|  |TAMS 0x0000000085b00000, 0x0000000085b00000| Untracked 
|  74|0x0000000085c00000, 0x0000000085c00000, 0x0000000085d00000|  0%| F|  |TAMS 0x0000000085c00000, 0x0000000085c00000| Untracked 
|  75|0x0000000085d00000, 0x0000000085d00000, 0x0000000085e00000|  0%| F|  |TAMS 0x0000000085d00000, 0x0000000085d00000| Untracked 
|  76|0x0000000085e00000, 0x0000000085e00000, 0x0000000085f00000|  0%| F|  |TAMS 0x0000000085e00000, 0x0000000085e00000| Untracked 
|  77|0x0000000085f00000, 0x0000000085f00000, 0x0000000086000000|  0%| F|  |TAMS 0x0000000085f00000, 0x0000000085f00000| Untracked 
|  78|0x0000000086000000, 0x0000000086000000, 0x0000000086100000|  0%| F|  |TAMS 0x0000000086000000, 0x0000000086000000| Untracked 
|  79|0x0000000086100000, 0x0000000086100000, 0x0000000086200000|  0%| F|  |TAMS 0x0000000086100000, 0x0000000086100000| Untracked 
|  80|0x0000000086200000, 0x0000000086200000, 0x0000000086300000|  0%| F|  |TAMS 0x0000000086200000, 0x0000000086200000| Untracked 
|  81|0x0000000086300000, 0x0000000086300000, 0x0000000086400000|  0%| F|  |TAMS 0x0000000086300000, 0x0000000086300000| Untracked 
|  82|0x0000000086400000, 0x0000000086400000, 0x0000000086500000|  0%| F|  |TAMS 0x0000000086400000, 0x0000000086400000| Untracked 
|  83|0x0000000086500000, 0x0000000086500000, 0x0000000086600000|  0%| F|  |TAMS 0x0000000086500000, 0x0000000086500000| Untracked 
|  84|0x0000000086600000, 0x0000000086600000, 0x0000000086700000|  0%| F|  |TAMS 0x0000000086600000, 0x0000000086600000| Untracked 
|  85|0x0000000086700000, 0x0000000086700000, 0x0000000086800000|  0%| F|  |TAMS 0x0000000086700000, 0x0000000086700000| Untracked 
|  86|0x0000000086800000, 0x0000000086800000, 0x0000000086900000|  0%| F|  |TAMS 0x0000000086800000, 0x0000000086800000| Untracked 
|  87|0x0000000086900000, 0x0000000086900000, 0x0000000086a00000|  0%| F|  |TAMS 0x0000000086900000, 0x0000000086900000| Untracked 
|  88|0x0000000086a00000, 0x0000000086a00000, 0x0000000086b00000|  0%| F|  |TAMS 0x0000000086a00000, 0x0000000086a00000| Untracked 
|  89|0x0000000086b00000, 0x0000000086b00000, 0x0000000086c00000|  0%| F|  |TAMS 0x0000000086b00000, 0x0000000086b00000| Untracked 
|  90|0x0000000086c00000, 0x0000000086c00000, 0x0000000086d00000|  0%| F|  |TAMS 0x0000000086c00000, 0x0000000086c00000| Untracked 
|  91|0x0000000086d00000, 0x0000000086d00000, 0x0000000086e00000|  0%| F|  |TAMS 0x0000000086d00000, 0x0000000086d00000| Untracked 
|  92|0x0000000086e00000, 0x0000000086e00000, 0x0000000086f00000|  0%| F|  |TAMS 0x0000000086e00000, 0x0000000086e00000| Untracked 
|  93|0x0000000086f00000, 0x0000000086f00000, 0x0000000087000000|  0%| F|  |TAMS 0x0000000086f00000, 0x0000000086f00000| Untracked 
|  94|0x0000000087000000, 0x0000000087000000, 0x0000000087100000|  0%| F|  |TAMS 0x0000000087000000, 0x0000000087000000| Untracked 
|  95|0x0000000087100000, 0x0000000087100000, 0x0000000087200000|  0%| F|  |TAMS 0x0000000087100000, 0x0000000087100000| Untracked 
|  96|0x0000000087200000, 0x0000000087200000, 0x0000000087300000|  0%| F|  |TAMS 0x0000000087200000, 0x0000000087200000| Untracked 
|  97|0x0000000087300000, 0x0000000087300000, 0x0000000087400000|  0%| F|  |TAMS 0x0000000087300000, 0x0000000087300000| Untracked 
|  98|0x0000000087400000, 0x0000000087400000, 0x0000000087500000|  0%| F|  |TAMS 0x0000000087400000, 0x0000000087400000| Untracked 
|  99|0x0000000087500000, 0x0000000087500000, 0x0000000087600000|  0%| F|  |TAMS 0x0000000087500000, 0x0000000087500000| Untracked 
| 100|0x0000000087600000, 0x0000000087600000, 0x0000000087700000|  0%| F|  |TAMS 0x0000000087600000, 0x0000000087600000| Untracked 
| 101|0x0000000087700000, 0x0000000087700000, 0x0000000087800000|  0%| F|  |TAMS 0x0000000087700000, 0x0000000087700000| Untracked 
| 102|0x0000000087800000, 0x0000000087800000, 0x0000000087900000|  0%| F|  |TAMS 0x0000000087800000, 0x0000000087800000| Untracked 
| 103|0x0000000087900000, 0x0000000087900000, 0x0000000087a00000|  0%| F|  |TAMS 0x0000000087900000, 0x0000000087900000| Untracked 
| 104|0x0000000087a00000, 0x0000000087a00000, 0x0000000087b00000|  0%| F|  |TAMS 0x0000000087a00000, 0x0000000087a00000| Untracked 
| 105|0x0000000087b00000, 0x0000000087b00000, 0x0000000087c00000|  0%| F|  |TAMS 0x0000000087b00000, 0x0000000087b00000| Untracked 
| 106|0x0000000087c00000, 0x0000000087c00000, 0x0000000087d00000|  0%| F|  |TAMS 0x0000000087c00000, 0x0000000087c00000| Untracked 
| 107|0x0000000087d00000, 0x0000000087d00000, 0x0000000087e00000|  0%| F|  |TAMS 0x0000000087d00000, 0x0000000087d00000| Untracked 
| 108|0x0000000087e00000, 0x0000000087e00000, 0x0000000087f00000|  0%| F|  |TAMS 0x0000000087e00000, 0x0000000087e00000| Untracked 
| 109|0x0000000087f00000, 0x0000000087f00000, 0x0000000088000000|  0%| F|  |TAMS 0x0000000087f00000, 0x0000000087f00000| Untracked 
| 110|0x0000000088000000, 0x0000000088000000, 0x0000000088100000|  0%| F|  |TAMS 0x0000000088000000, 0x0000000088000000| Untracked 
| 111|0x0000000088100000, 0x0000000088100000, 0x0000000088200000|  0%| F|  |TAMS 0x0000000088100000, 0x0000000088100000| Untracked 
| 112|0x0000000088200000, 0x0000000088200000, 0x0000000088300000|  0%| F|  |TAMS 0x0000000088200000, 0x0000000088200000| Untracked 
| 113|0x0000000088300000, 0x0000000088376440, 0x0000000088400000| 46%| E|  |TAMS 0x0000000088300000, 0x0000000088300000| Complete 
| 114|0x0000000088400000, 0x0000000088500000, 0x0000000088500000|100%| E|CS|TAMS 0x0000000088400000, 0x0000000088400000| Complete 
| 115|0x0000000088500000, 0x0000000088600000, 0x0000000088600000|100%| E|CS|TAMS 0x0000000088500000, 0x0000000088500000| Complete 
| 116|0x0000000088600000, 0x0000000088700000, 0x0000000088700000|100%| E|CS|TAMS 0x0000000088600000, 0x0000000088600000| Complete 
| 117|0x0000000088700000, 0x0000000088800000, 0x0000000088800000|100%| E|CS|TAMS 0x0000000088700000, 0x0000000088700000| Complete 
| 118|0x0000000088800000, 0x0000000088900000, 0x0000000088900000|100%| E|CS|TAMS 0x0000000088800000, 0x0000000088800000| Complete 
| 119|0x0000000088900000, 0x0000000088a00000, 0x0000000088a00000|100%| E|CS|TAMS 0x0000000088900000, 0x0000000088900000| Complete 
| 120|0x0000000088a00000, 0x0000000088b00000, 0x0000000088b00000|100%| E|CS|TAMS 0x0000000088a00000, 0x0000000088a00000| Complete 
| 121|0x0000000088b00000, 0x0000000088c00000, 0x0000000088c00000|100%| E|CS|TAMS 0x0000000088b00000, 0x0000000088b00000| Complete 
| 122|0x0000000088c00000, 0x0000000088d00000, 0x0000000088d00000|100%| E|CS|TAMS 0x0000000088c00000, 0x0000000088c00000| Complete 
| 123|0x0000000088d00000, 0x0000000088e00000, 0x0000000088e00000|100%| E|CS|TAMS 0x0000000088d00000, 0x0000000088d00000| Complete 
| 124|0x0000000088e00000, 0x0000000088f00000, 0x0000000088f00000|100%| E|CS|TAMS 0x0000000088e00000, 0x0000000088e00000| Complete 
| 125|0x0000000088f00000, 0x0000000089000000, 0x0000000089000000|100%| E|CS|TAMS 0x0000000088f00000, 0x0000000088f00000| Complete 
| 126|0x0000000089000000, 0x0000000089100000, 0x0000000089100000|100%| E|CS|TAMS 0x0000000089000000, 0x0000000089000000| Complete 
| 127|0x0000000089100000, 0x0000000089200000, 0x0000000089200000|100%| E|CS|TAMS 0x0000000089100000, 0x0000000089100000| Complete 

Card table byte_map: [0x000001e71f6e0000,0x000001e71fae0000] _byte_map_base: 0x000001e71f2d7000

Marking Bits (Prev, Next): (CMBitMap*) 0x000001e705e61520, (CMBitMap*) 0x000001e705e61560
 Prev Bits: [0x000001e71fee0000, 0x000001e721e98000)
 Next Bits: [0x000001e721ea0000, 0x000001e723e58000)

Polling page: 0x000001e705f00000

Metaspace:

Usage:
  Non-class:     11.29 MB capacity,    11.09 MB ( 98%) used,   176.52 KB (  2%) free+waste,    35.44 KB ( <1%) overhead. 
      Class:      1.67 MB capacity,     1.55 MB ( 92%) used,   117.64 KB (  7%) free+waste,    14.69 KB ( <1%) overhead. 
       Both:     12.97 MB capacity,    12.63 MB ( 97%) used,   294.16 KB (  2%) free+waste,    50.12 KB ( <1%) overhead. 

Virtual space:
  Non-class space:       12.00 MB reserved,      11.50 MB ( 96%) committed 
      Class space:        1.00 GB reserved,       1.75 MB ( <1%) committed 
             Both:        1.01 GB reserved,      13.25 MB (  1%) committed 

Chunk freelists:
   Non-Class:  19.00 KB
       Class:  13.00 KB
        Both:  32.00 KB

MaxMetaspaceSize: 17179869184.00 GB
CompressedClassSpaceSize: 1.00 GB

CodeHeap 'non-profiled nmethods': size=120000Kb used=462Kb max_used=462Kb free=119537Kb
 bounds [0x000001e717330000, 0x000001e7175a0000, 0x000001e71e860000]
CodeHeap 'profiled nmethods': size=120000Kb used=2424Kb max_used=2424Kb free=117575Kb
 bounds [0x000001e70fe00000, 0x000001e710070000, 0x000001e717330000]
CodeHeap 'non-nmethods': size=5760Kb used=1352Kb max_used=1363Kb free=4407Kb
 bounds [0x000001e70f860000, 0x000001e70fad0000, 0x000001e70fe00000]
 total_blobs=2123 nmethods=1465 adapters=570
 compilation: enabled
              stopped_count=0, restarted_count=0
 full_count=0

Compilation events (20 events):
Event: 3.526 Thread 0x000001e726927fc0 nmethod 1391 0x000001e710040410 code [0x000001e7100405c0, 0x000001e710040778]
Event: 3.526 Thread 0x000001e726927fc0 1392       3       jdk.internal.reflect.ByteVectorImpl::get (26 bytes)
Event: 3.526 Thread 0x000001e726927fc0 nmethod 1392 0x000001e710040810 code [0x000001e7100409c0, 0x000001e710040b88]
Event: 3.527 Thread 0x000001e726927fc0 1393       3       java.awt.Container::countComponents (10 bytes)
Event: 3.527 Thread 0x000001e726927fc0 nmethod 1393 0x000001e710040c90 code [0x000001e710040e40, 0x000001e710041008]
Event: 3.527 Thread 0x000001e726927fc0 1394       3       java.awt.Component::firePropertyChange (26 bytes)
Event: 3.527 Thread 0x000001e726927fc0 nmethod 1394 0x000001e710041110 code [0x000001e7100412e0, 0x000001e7100417c8]
Event: 3.527 Thread 0x000001e726927fc0 1396       3       java.util.Calendar::internalSet (8 bytes)
Event: 3.527 Thread 0x000001e726927fc0 nmethod 1396 0x000001e710041910 code [0x000001e710041aa0, 0x000001e710041bd8]
Event: 3.527 Thread 0x000001e726927fc0 1395       3       java.awt.Insets::<init> (26 bytes)
Event: 3.527 Thread 0x000001e726927fc0 nmethod 1395 0x000001e710041c90 code [0x000001e710041e20, 0x000001e710041f78]
Event: 3.528 Thread 0x000001e726927fc0 1397       3       java.nio.Buffer::clear (20 bytes)
Event: 3.528 Thread 0x000001e726927fc0 nmethod 1397 0x000001e710042010 code [0x000001e7100421a0, 0x000001e7100422b8]
Event: 3.529 Thread 0x000001e726927fc0 1398       3       java.nio.ByteBuffer::clear (7 bytes)
Event: 3.529 Thread 0x000001e726927fc0 nmethod 1398 0x000001e710042390 code [0x000001e710042520, 0x000001e710042698]
Event: 3.529 Thread 0x000001e726927fc0 1399       1       sun.font.FontDesignMetrics$MetricsKey::hashCode (5 bytes)
Event: 3.529 Thread 0x000001e726927fc0 nmethod 1399 0x000001e71739d690 code [0x000001e71739d820, 0x000001e71739d8d8]
Event: 3.529 Thread 0x000001e726927fc0 1400       1       sun.font.SunFontManager::usingAlternateCompositeFonts (5 bytes)
Event: 3.529 Thread 0x000001e726927fc0 nmethod 1400 0x000001e71739d990 code [0x000001e71739db20, 0x000001e71739dbd8]
Event: 3.530 Thread 0x000001e726927fc0 1401       3       java.awt.font.FontRenderContext::equals (127 bytes)

GC Heap History (0 events):
No events

Deoptimization events (20 events):
Event: 1.796 Thread 0x000001e7275e7770 DEOPT PACKING pc=0x000001e70ffa8cae sp=0x00000021f9afdab0
Event: 1.796 Thread 0x000001e7275e7770 DEOPT UNPACKING pc=0x000001e70f8ae23f sp=0x00000021f9afcfb8 mode 0
Event: 1.797 Thread 0x000001e7275e7770 DEOPT PACKING pc=0x000001e70ffa8cae sp=0x00000021f9afdab0
Event: 1.797 Thread 0x000001e7275e7770 DEOPT UNPACKING pc=0x000001e70f8ae23f sp=0x00000021f9afcfb8 mode 0
Event: 1.797 Thread 0x000001e7275e7770 DEOPT PACKING pc=0x000001e70ffa8cae sp=0x00000021f9afdab0
Event: 1.797 Thread 0x000001e7275e7770 DEOPT UNPACKING pc=0x000001e70f8ae23f sp=0x00000021f9afcfb8 mode 0
Event: 1.798 Thread 0x000001e7275e7770 DEOPT PACKING pc=0x000001e70ffa8cae sp=0x00000021f9afdab0
Event: 1.798 Thread 0x000001e7275e7770 DEOPT UNPACKING pc=0x000001e70f8ae23f sp=0x00000021f9afcfb8 mode 0
Event: 1.798 Thread 0x000001e7275e7770 DEOPT PACKING pc=0x000001e70ffa8cae sp=0x00000021f9afdab0
Event: 1.798 Thread 0x000001e7275e7770 DEOPT UNPACKING pc=0x000001e70f8ae23f sp=0x00000021f9afcfb8 mode 0
Event: 1.798 Thread 0x000001e7275e7770 DEOPT PACKING pc=0x000001e70ffa8cae sp=0x00000021f9afdab0
Event: 1.798 Thread 0x000001e7275e7770 DEOPT UNPACKING pc=0x000001e70f8ae23f sp=0x00000021f9afcfb8 mode 0
Event: 1.799 Thread 0x000001e7275e7770 DEOPT PACKING pc=0x000001e70ffa8cae sp=0x00000021f9afdab0
Event: 1.799 Thread 0x000001e7275e7770 DEOPT UNPACKING pc=0x000001e70f8ae23f sp=0x00000021f9afcfb8 mode 0
Event: 1.799 Thread 0x000001e7275e7770 DEOPT PACKING pc=0x000001e70ffa8cae sp=0x00000021f9afdab0
Event: 1.799 Thread 0x000001e7275e7770 DEOPT UNPACKING pc=0x000001e70f8ae23f sp=0x00000021f9afcfb8 mode 0
Event: 1.821 Thread 0x000001e7275e7770 Uncommon trap: trap_request=0xffffff45 fr.pc=0x000001e71738d468 relative=0x0000000000000628
Event: 1.821 Thread 0x000001e7275e7770 Uncommon trap: reason=unstable_if action=reinterpret pc=0x000001e71738d468 method=org.sqlite.SQLiteJDBCLoader.contentsEquals(Ljava/io/InputStream;Ljava/io/InputStream;)Z @ 39 c2
Event: 1.821 Thread 0x000001e7275e7770 DEOPT PACKING pc=0x000001e71738d468 sp=0x00000021f9afdaf0
Event: 1.821 Thread 0x000001e7275e7770 DEOPT UNPACKING pc=0x000001e70f8ae42f sp=0x00000021f9afdab8 mode 2

Classes unloaded (0 events):
No events

Classes redefined (0 events):
No events

Internal exceptions (20 events):
Event: 0.344 Thread 0x000001e7275e7770 Exception <a 'java/lang/ClassNotFoundException'{0x0000000088d4b5b8}: com/sun/swing/internal/plaf/metal/resources/spi/metalProvider> (0x0000000088d4b5b8) 
thrown [./open/src/hotspot/share/classfile/systemDictionary.cpp, line 295]
Event: 0.345 Thread 0x000001e7275e7770 Exception <a 'java/lang/ClassNotFoundException'{0x0000000088d4f788}: com/sun/swing/internal/plaf/basic/resources/spi/basicProvider> (0x0000000088d4f788) 
thrown [./open/src/hotspot/share/classfile/systemDictionary.cpp, line 295]
Event: 0.399 Thread 0x000001e7275e7770 Exception <a 'java/lang/NoSuchMethodError'{0x0000000088c64870}: 'java.lang.Object java.lang.invoke.DirectMethodHandle$Holder.invokeSpecial(java.lang.Object, java.lang.Object, long, java.lang.Object, int, int, int, int, java.lang.Object, java.lang.Object, java.lang.Object)'> (0x0000000088c64870) 
thrown [./open/src/hotspot/share/interpreter/linkResolver.cpp, line 782]
Event: 0.399 Thread 0x000001e7275e7770 Exception <a 'java/lang/NoSuchMethodError'{0x0000000088c69270}: 'java.lang.Object java.lang.invoke.DelegatingMethodHandle$Holder.reinvoke_L(java.lang.Object, long, java.lang.Object, int, int, int, int, java.lang.Object, java.lang.Object, java.lang.Object)'> (0x0000000088c69270) 
thrown [./open/src/hotspot/share/interpreter/linkResolver.cpp, line 782]
Event: 0.408 Thread 0x000001e7275e7770 Exception <a 'java/lang/NoSuchMethodError'{0x0000000088cdd5a0}: 'java.lang.Object java.lang.invoke.DirectMethodHandle$Holder.invokeSpecial(java.lang.Object, java.lang.Object, long, java.lang.Object, java.lang.Object, java.lang.Object, java.lang.Object, int, java.lang.Object, java.lang.Object, java.lang.Object)'> (0x0000000088cdd5a0) 
thrown [./open/src/hotspot/share/interpreter/linkResolver.cpp, line 782]
Event: 0.408 Thread 0x000001e7275e7770 Exception <a 'java/lang/NoSuchMethodError'{0x0000000088ce2300}: 'java.lang.Object java.lang.invoke.DelegatingMethodHandle$Holder.reinvoke_L(java.lang.Object, long, java.lang.Object, java.lang.Object, java.lang.Object, java.lang.Object, int, java.lang.Object, java.lang.Object, java.lang.Object)'> (0x0000000088ce2300) 
thrown [./open/src/hotspot/share/interpreter/linkResolver.cpp, line 782]
Event: 0.418 Thread 0x000001e7275e7770 Exception <a 'java/lang/NoSuchMethodError'{0x0000000088b63800}: 'java.lang.Object java.lang.invoke.DirectMethodHandle$Holder.invokeSpecial(java.lang.Object, java.lang.Object, long, java.lang.Object, java.lang.Object, java.lang.Object, java.lang.Object, java.lang.Object, java.lang.Object, java.lang.Object)'> (0x0000000088b63800) 
thrown [./open/src/hotspot/share/interpreter/linkResolver.cpp, line 782]
Event: 0.418 Thread 0x000001e7275e7770 Exception <a 'java/lang/NoSuchMethodError'{0x0000000088b68508}: 'java.lang.Object java.lang.invoke.DelegatingMethodHandle$Holder.reinvoke_L(java.lang.Object, long, java.lang.Object, java.lang.Object, java.lang.Object, java.lang.Object, java.lang.Object, java.lang.Object, java.lang.Object)'> (0x0000000088b68508) 
thrown [./open/src/hotspot/share/interpreter/linkResolver.cpp, line 782]
Event: 0.420 Thread 0x000001e7275e7770 Exception <a 'java/lang/NoSuchMethodError'{0x0000000088b80d68}: 'java.lang.Object java.lang.invoke.DirectMethodHandle$Holder.invokeSpecial(java.lang.Object, java.lang.Object, java.lang.Object, java.lang.Object, java.lang.Object, java.lang.Object, java.lang.Object, java.lang.Object, java.lang.Object)'> (0x0000000088b80d68) 
thrown [./open/src/hotspot/share/interpreter/linkResolver.cpp, line 782]
Event: 0.420 Thread 0x000001e7275e7770 Exception <a 'java/lang/NoSuchMethodError'{0x0000000088b85bf0}: 'java.lang.Object java.lang.invoke.Invokers$Holder.linkToTargetMethod(java.lang.Object, java.lang.Object, java.lang.Object, java.lang.Object, java.lang.Object, java.lang.Object, java.lang.Object, java.lang.Object)'> (0x0000000088b85bf0) 
thrown [./open/src/hotspot/share/interpreter/linkResolver.cpp, line 782]
Event: 1.737 Thread 0x000001e7275e7770 Exception <a 'java/lang/NoSuchMethodError'{0x00000000887d4de8}: 'void java.lang.invoke.DirectMethodHandle$Holder.invokeStatic(java.lang.Object, java.lang.Object)'> (0x00000000887d4de8) 
thrown [./open/src/hotspot/share/interpreter/linkResolver.cpp, line 782]
Event: 1.738 Thread 0x000001e7275e7770 Exception <a 'java/lang/NoSuchMethodError'{0x00000000887d8bb0}: 'void java.lang.invoke.DirectMethodHandle$Holder.invokeStaticInit(java.lang.Object, java.lang.Object)'> (0x00000000887d8bb0) 
thrown [./open/src/hotspot/share/interpreter/linkResolver.cpp, line 782]
Event: 1.744 Thread 0x000001e7275e7770 Exception <a 'java/lang/NoSuchMethodError'{0x0000000088603258}: 'java.lang.Object java.lang.invoke.DirectMethodHandle$Holder.invokeStatic(java.lang.Object, int, int, int, int)'> (0x0000000088603258) 
thrown [./open/src/hotspot/share/interpreter/linkResolver.cpp, line 782]
Event: 1.744 Thread 0x000001e7275e7770 Exception <a 'java/lang/NoSuchMethodError'{0x0000000088607020}: 'java.lang.Object java.lang.invoke.DirectMethodHandle$Holder.invokeStaticInit(java.lang.Object, int, int, int, int)'> (0x0000000088607020) 
thrown [./open/src/hotspot/share/interpreter/linkResolver.cpp, line 782]
Event: 1.775 Thread 0x000001e7275e7770 Exception <a 'java/lang/NoSuchMethodError'{0x0000000088676720}: 'java.lang.Object java.lang.invoke.DirectMethodHandle$Holder.invokeStatic(java.lang.Object, java.lang.Object, int, int, int, int)'> (0x0000000088676720) 
thrown [./open/src/hotspot/share/interpreter/linkResolver.cpp, line 782]
Event: 1.775 Thread 0x000001e7275e7770 Exception <a 'java/lang/NoSuchMethodError'{0x000000008867a688}: 'java.lang.Object java.lang.invoke.DirectMethodHandle$Holder.invokeStaticInit(java.lang.Object, java.lang.Object, int, int, int, int)'> (0x000000008867a688) 
thrown [./open/src/hotspot/share/interpreter/linkResolver.cpp, line 782]
Event: 1.847 Thread 0x000001e72f05ee50 Exception <a 'java/lang/NoSuchMethodError'{0x00000000886fad30}: 'java.lang.Object java.lang.invoke.DirectMethodHandle$Holder.newInvokeSpecial(java.lang.Object, java.lang.Object, java.lang.Object, int, int, int, int, int)'> (0x00000000886fad30) 
thrown [./open/src/hotspot/share/interpreter/linkResolver.cpp, line 782]
Event: 1.859 Thread 0x000001e7275e7770 Exception <a 'java/lang/NoSuchMethodError'{0x000000008857dfc0}: 'void java.lang.invoke.DirectMethodHandle$Holder.invokeStaticInit(java.lang.Object)'> (0x000000008857dfc0) 
thrown [./open/src/hotspot/share/interpreter/linkResolver.cpp, line 782]
Event: 1.875 Thread 0x000001e7275e7770 Exception <a 'java/lang/NoSuchMethodError'{0x000000008858e838}: 'int java.lang.invoke.DirectMethodHandle$Holder.invokeStatic(java.lang.Object)'> (0x000000008858e838) 
thrown [./open/src/hotspot/share/interpreter/linkResolver.cpp, line 782]
Event: 3.422 Thread 0x000001e7275e7770 Exception <a 'java/lang/NoSuchMethodError'{0x00000000885cd0d0}: 'void java.lang.invoke.DirectMethodHandle$Holder.invokeStatic(java.lang.Object, java.lang.Object, java.lang.Object)'> (0x00000000885cd0d0) 
thrown [./open/src/hotspot/share/interpreter/linkResolver.cpp, line 782]

Events (20 events):
Event: 3.517 loading class javax/swing/plaf/metal/MetalComboBoxUI$MetalPropertyChangeListener
Event: 3.517 loading class javax/swing/plaf/basic/BasicComboBoxUI$PropertyChangeHandler
Event: 3.517 loading class javax/swing/plaf/basic/BasicComboBoxUI$PropertyChangeHandler done
Event: 3.517 loading class javax/swing/plaf/metal/MetalComboBoxUI$MetalPropertyChangeListener done
Event: 3.517 loading class javax/swing/plaf/basic/BasicComboBoxUI$Handler
Event: 3.518 loading class javax/swing/plaf/basic/BasicComboBoxUI$Handler done
Event: 3.518 loading class javax/swing/plaf/metal/MetalComboBoxButton
Event: 3.518 loading class javax/swing/plaf/metal/MetalComboBoxButton done
Event: 3.518 loading class javax/swing/plaf/metal/MetalComboBoxIcon
Event: 3.518 loading class javax/swing/plaf/metal/MetalComboBoxIcon done
Event: 3.518 loading class javax/swing/plaf/metal/MetalComboBoxButton$1
Event: 3.518 loading class javax/swing/plaf/metal/MetalComboBoxButton$1 done
Event: 3.519 loading class javax/swing/plaf/basic/BasicComboBoxUI$DefaultKeySelectionManager
Event: 3.519 loading class javax/swing/JComboBox$KeySelectionManager
Event: 3.519 loading class javax/swing/JComboBox$KeySelectionManager done
Event: 3.519 loading class javax/swing/plaf/basic/BasicComboBoxUI$DefaultKeySelectionManager done
Event: 3.519 loading class javax/swing/event/ListDataEvent
Event: 3.519 loading class javax/swing/event/ListDataEvent done
Event: 3.519 loading class javax/swing/event/ListSelectionEvent
Event: 3.519 loading class javax/swing/event/ListSelectionEvent done


Dynamic libraries:
0x00007ff62dce0000 - 0x00007ff62dcef000 	C:\Program Files\Java\jdk-15.0.2\bin\javaw.exe
0x00007ffed5f70000 - 0x00007ffed6165000 	C:\Windows\SYSTEM32\ntdll.dll
0x00007ffed5580000 - 0x00007ffed563d000 	C:\Windows\System32\KERNEL32.DLL
0x00007ffed3780000 - 0x00007ffed3a48000 	C:\Windows\System32\KERNELBASE.dll
0x00007ffed3bb0000 - 0x00007ffed3cb0000 	C:\Windows\System32\ucrtbase.dll
0x00007ffec3890000 - 0x00007ffec38a8000 	C:\Program Files\Java\jdk-15.0.2\bin\jli.dll
0x00007ffec3760000 - 0x00007ffec3779000 	C:\Program Files\Java\jdk-15.0.2\bin\VCRUNTIME140.dll
0x00007ffed4120000 - 0x00007ffed41cc000 	C:\Windows\System32\ADVAPI32.dll
0x00007ffed4c00000 - 0x00007ffed4c9e000 	C:\Windows\System32\msvcrt.dll
0x00007ffed5c20000 - 0x00007ffed5cbb000 	C:\Windows\System32\sechost.dll
0x00007ffed4230000 - 0x00007ffed435b000 	C:\Windows\System32\RPCRT4.dll
0x00007ffed56d0000 - 0x00007ffed5870000 	C:\Windows\System32\USER32.dll
0x00007ffeb5150000 - 0x00007ffeb53ea000 	C:\Windows\WinSxS\amd64_microsoft.windows.common-controls_6595b64144ccf1df_6.0.19041.1052_none_60b8f8fd71f5e8cb\COMCTL32.dll
0x00007ffed3d40000 - 0x00007ffed3d62000 	C:\Windows\System32\win32u.dll
0x00007ffed41d0000 - 0x00007ffed41fa000 	C:\Windows\System32\GDI32.dll
0x00007ffed3ed0000 - 0x00007ffed3fdb000 	C:\Windows\System32\gdi32full.dll
0x00007ffed36b0000 - 0x00007ffed374d000 	C:\Windows\System32\msvcp_win.dll
0x00007ffecae70000 - 0x00007ffecae7a000 	C:\Windows\SYSTEM32\VERSION.dll
0x00007ffed4200000 - 0x00007ffed4230000 	C:\Windows\System32\IMM32.DLL
0x00007ffecb970000 - 0x00007ffecb97c000 	C:\Program Files\Java\jdk-15.0.2\bin\vcruntime140_1.dll
0x00007ffeb5ec0000 - 0x00007ffeb5f51000 	C:\Program Files\Java\jdk-15.0.2\bin\msvcp140.dll
0x00007ffe64720000 - 0x00007ffe6527e000 	C:\Program Files\Java\jdk-15.0.2\bin\server\jvm.dll
0x00007ffed5980000 - 0x00007ffed5988000 	C:\Windows\System32\PSAPI.DLL
0x00007ffec3880000 - 0x00007ffec3889000 	C:\Windows\SYSTEM32\WSOCK32.dll
0x00007ffec5230000 - 0x00007ffec5257000 	C:\Windows\SYSTEM32\WINMM.dll
0x00007ffed5cc0000 - 0x00007ffed5d2b000 	C:\Windows\System32\WS2_32.dll
0x00007ffed1f80000 - 0x00007ffed1f92000 	C:\Windows\SYSTEM32\kernel.appcore.dll
0x00007ffec36d0000 - 0x00007ffec36da000 	C:\Program Files\Java\jdk-15.0.2\bin\jimage.dll
0x00007ffed1500000 - 0x00007ffed16e4000 	C:\Windows\SYSTEM32\DBGHELP.DLL
0x00007ffeb8700000 - 0x00007ffeb872c000 	C:\Windows\SYSTEM32\dbgcore.DLL
0x00007ffed3cb0000 - 0x00007ffed3d33000 	C:\Windows\System32\bcryptPrimitives.dll
0x00007ffec0540000 - 0x00007ffec0565000 	C:\Program Files\Java\jdk-15.0.2\bin\java.dll
0x00007ffed4d00000 - 0x00007ffed543f000 	C:\Windows\System32\SHELL32.dll
0x00007ffed16f0000 - 0x00007ffed1e80000 	C:\Windows\SYSTEM32\windows.storage.dll
0x00007ffed48a0000 - 0x00007ffed4bf5000 	C:\Windows\System32\combase.dll
0x00007ffed3120000 - 0x00007ffed314c000 	C:\Windows\SYSTEM32\Wldp.dll
0x00007ffed5870000 - 0x00007ffed591e000 	C:\Windows\System32\SHCORE.dll
0x00007ffed5990000 - 0x00007ffed59e5000 	C:\Windows\System32\shlwapi.dll
0x00007ffed35f0000 - 0x00007ffed360f000 	C:\Windows\SYSTEM32\profapi.dll
0x00007ffe7b640000 - 0x00007ffe7b7c0000 	C:\Program Files\Java\jdk-15.0.2\bin\awt.dll
0x00007ffed4360000 - 0x00007ffed442d000 	C:\Windows\System32\OLEAUT32.dll
0x00007ffed01d0000 - 0x00007ffed0260000 	C:\Windows\SYSTEM32\apphelp.dll
0x00007ffeb7190000 - 0x00007ffeb71a9000 	C:\Program Files\Java\jdk-15.0.2\bin\net.dll
0x00007ffeca6d0000 - 0x00007ffeca7db000 	C:\Windows\SYSTEM32\WINHTTP.dll
0x00007ffed2e90000 - 0x00007ffed2efa000 	C:\Windows\system32\mswsock.dll
0x00007ffeb7170000 - 0x00007ffeb7182000 	C:\Program Files\Java\jdk-15.0.2\bin\nio.dll
0x00007ffeb7150000 - 0x00007ffeb7168000 	C:\Program Files\Java\jdk-15.0.2\bin\zip.dll
0x00007ffed0310000 - 0x00007ffed03ae000 	C:\Windows\system32\uxtheme.dll
0x00007ffed5d30000 - 0x00007ffed5e45000 	C:\Windows\System32\MSCTF.dll
0x00007ffed3ff0000 - 0x00007ffed411a000 	C:\Windows\System32\ole32.dll
0x00007ffed1150000 - 0x00007ffed117f000 	C:\Windows\system32\DWMAPI.DLL
0x00007ffe6e120000 - 0x00007ffe6e246000 	C:\Windows\system32\opengl32.dll
0x00007ffe6e0f0000 - 0x00007ffe6e11c000 	C:\Windows\SYSTEM32\GLU32.dll
0x00007ffec4b20000 - 0x00007ffec4cee000 	C:\Windows\system32\d3d9.dll
0x00007ffec81f0000 - 0x00007ffec82f2000 	C:\Windows\System32\DriverStore\FileRepository\nvlt.inf_amd64_04baa46c48be5bb8\nvldumdx.dll
0x00007ffed32a0000 - 0x00007ffed32b2000 	C:\Windows\SYSTEM32\msasn1.dll
0x00007ffeca8b0000 - 0x00007ffeca8e1000 	C:\Windows\SYSTEM32\cryptnet.dll
0x00007ffed3d70000 - 0x00007ffed3ecf000 	C:\Windows\System32\CRYPT32.dll
0x00007ffed3080000 - 0x00007ffed308c000 	C:\Windows\SYSTEM32\cryptbase.dll
0x00007ffed3aa0000 - 0x00007ffed3b00000 	C:\Windows\System32\WINTRUST.DLL
0x00007ffed5440000 - 0x00007ffed545d000 	C:\Windows\System32\imagehlp.dll
0x00007ffed3060000 - 0x00007ffed3078000 	C:\Windows\SYSTEM32\CRYPTSP.dll
0x00007ffed27c0000 - 0x00007ffed27f4000 	C:\Windows\system32\rsaenh.dll
0x00007ffed3750000 - 0x00007ffed3777000 	C:\Windows\System32\bcrypt.dll
0x00007ffe61680000 - 0x00007ffe6309c000 	C:\Windows\System32\DriverStore\FileRepository\nvlt.inf_amd64_04baa46c48be5bb8\nvd3dumx.dll
0x00007ffed1fa0000 - 0x00007ffed1fc3000 	C:\Windows\SYSTEM32\gpapi.dll
0x00007ffec8400000 - 0x00007ffec843b000 	C:\Windows\SYSTEM32\dxcore.dll
0x00007ffed3a50000 - 0x00007ffed3a9e000 	C:\Windows\System32\cfgmgr32.dll
0x00007ffeaf4b0000 - 0x00007ffeaf535000 	C:\Program Files\Java\jdk-15.0.2\bin\freetype.dll
0x00007ffe934b0000 - 0x00007ffe93559000 	C:\Program Files\Java\jdk-15.0.2\bin\fontmanager.dll
0x00007ffed5470000 - 0x00007ffed5519000 	C:\Windows\System32\clbcatq.dll
0x00007ffecacb0000 - 0x00007ffecae64000 	C:\Windows\SYSTEM32\WindowsCodecs.dll
0x00007ffeaa2d0000 - 0x00007ffeaa30e000 	C:\Windows\system32\dataexchange.dll
0x00007ffece960000 - 0x00007ffecebc4000 	C:\Windows\system32\d3d11.dll
0x00007ffecf5f0000 - 0x00007ffecf7d6000 	C:\Windows\system32\dcomp.dll
0x00007ffed1ff0000 - 0x00007ffed20e4000 	C:\Windows\system32\dxgi.dll
0x00007ffecb630000 - 0x00007ffecb831000 	C:\Windows\system32\twinapi.appcore.dll
0x00007ffeb2820000 - 0x00007ffeb2919000 	C:\Windows\SYSTEM32\textinputframework.dll
0x00007ffecfec0000 - 0x00007ffecffb2000 	C:\Windows\System32\CoreMessaging.dll
0x00007ffecfb60000 - 0x00007ffecfebe000 	C:\Windows\System32\CoreUIComponents.dll
0x00007ffed23f0000 - 0x00007ffed2423000 	C:\Windows\SYSTEM32\ntmarta.dll
0x00007ffed0540000 - 0x00007ffed0694000 	C:\Windows\SYSTEM32\wintypes.dll
0x00007ffed35b0000 - 0x00007ffed35de000 	C:\Windows\SYSTEM32\USERENV.dll
0x00007ffed2b30000 - 0x00007ffed2b6b000 	C:\Windows\SYSTEM32\IPHLPAPI.DLL
0x00007ffed3fe0000 - 0x00007ffed3fe8000 	C:\Windows\System32\NSI.dll
0x00007ffeca7e0000 - 0x00007ffeca7f7000 	C:\Windows\SYSTEM32\dhcpcsvc6.DLL
0x00007ffecba90000 - 0x00007ffecbaad000 	C:\Windows\SYSTEM32\dhcpcsvc.DLL
0x00007ffed2b80000 - 0x00007ffed2c4c000 	C:\Windows\SYSTEM32\DNSAPI.dll
0x0000000067740000 - 0x0000000067818000 	C:\Users\slawe\AppData\Local\Temp\sqlite-3.34.0-97eb7c64-9106-45de-8089-1aa7fb62bbcf-sqlitejdbc.dll
0x00007ffec36c0000 - 0x00007ffec36d0000 	C:\Program Files\Java\jdk-15.0.2\bin\verify.dll

dbghelp: loaded successfully - version: 4.0.5 - missing functions: none
symbol engine: initialized successfully - sym options: 0x614 - pdb path: .;C:\Program Files\Java\jdk-15.0.2\bin;C:\Windows\SYSTEM32;C:\Windows\WinSxS\amd64_microsoft.windows.common-controls_6595b64144ccf1df_6.0.19041.1052_none_60b8f8fd71f5e8cb;C:\Program Files\Java\jdk-15.0.2\bin\server;C:\Windows\System32\DriverStore\FileRepository\nvlt.inf_amd64_04baa46c48be5bb8;C:\Users\slawe\AppData\Local\Temp

VM Arguments:
jvm_args: -Dfile.encoding=Cp1250 -XX:+ShowCodeDetailsInExceptionMessages 
java_command: flota.Main
java_class_path (initial): C:\JAVA\Nowy folder\Git\Flota9 Eclipse\bin;C:\sqlite\sqlite-jdbc-3.34.0.jar;C:\JAVA\Moje bazy danych\jdatepicker-2.0.3.jar;C:\JAVA\Nowy folder\Git\Flota9 Eclipse\jcalendar-1.4.jar;C:\JAVA\Moje bazy danych\rs2xml.jar
Launcher Type: SUN_STANDARD

[Global flags]
     intx CICompilerCount                          = 4                                         {product} {ergonomic}
     uint ConcGCThreads                            = 2                                         {product} {ergonomic}
     uint G1ConcRefinementThreads                  = 8                                         {product} {ergonomic}
   size_t G1HeapRegionSize                         = 1048576                                   {product} {ergonomic}
    uintx GCDrainStackTargetSize                   = 64                                        {product} {ergonomic}
   size_t InitialHeapSize                          = 134217728                                 {product} {ergonomic}
   size_t MarkStackSize                            = 4194304                                   {product} {ergonomic}
   size_t MaxHeapSize                              = 2128609280                                {product} {ergonomic}
   size_t MaxNewSize                               = 1277165568                                {product} {ergonomic}
   size_t MinHeapDeltaBytes                        = 1048576                                   {product} {ergonomic}
   size_t MinHeapSize                              = 8388608                                   {product} {ergonomic}
    uintx NonNMethodCodeHeapSize                   = 5839372                                {pd product} {ergonomic}
    uintx NonProfiledCodeHeapSize                  = 122909434                              {pd product} {ergonomic}
    uintx ProfiledCodeHeapSize                     = 122909434                              {pd product} {ergonomic}
    uintx ReservedCodeCacheSize                    = 251658240                              {pd product} {ergonomic}
     bool SegmentedCodeCache                       = true                                      {product} {ergonomic}
     bool ShowCodeDetailsInExceptionMessages       = true                                   {manageable} {command line}
   size_t SoftMaxHeapSize                          = 2128609280                             {manageable} {ergonomic}
     bool UseCompressedClassPointers               = true                                 {lp64_product} {ergonomic}
     bool UseCompressedOops                        = true                                 {lp64_product} {ergonomic}
     bool UseG1GC                                  = true                                      {product} {ergonomic}
     bool UseLargePagesIndividualAllocation        = false                                  {pd product} {ergonomic}

Logging:
Log output configuration:
 #0: stdout all=warning uptime,level,tags
 #1: stderr all=off uptime,level,tags

Environment Variables:
JAVA_HOME=C:\Program Files\Java\jdk-15.0.2
PATH=C:\Program Files\Common Files\Oracle\Java\javapath;C:\Windows\system32;C:\Windows;C:\Windows\System32\Wbem;C:\Windows\System32\WindowsPowerShell\v1.0\;C:\Windows\System32\OpenSSH\;C:\Program Files\Microsoft SQL Server\Client SDK\ODBC\110\Tools\Binn\;C:\Program Files (x86)\Microsoft SQL Server\120\Tools\Binn\;C:\Program Files\Microsoft SQL Server\120\Tools\Binn\;C:\Program Files\Microsoft SQL Server\120\DTS\Binn\;C:\Program Files (x86)\Microsoft SQL Server\120\Tools\Binn\ManagementStudio\;C:\Program Files (x86)\Microsoft SQL Server\120\DTS\Binn\;C:\Program Files\Git\cmd;"C:\Program Files\Java\jdk-15.0.2\bin"
USERNAME=slawe
OS=Windows_NT
PROCESSOR_IDENTIFIER=Intel64 Family 6 Model 158 Stepping 13, GenuineIntel



---------------  S Y S T E M  ---------------

OS:
 Windows 10 , 64 bit Build 19041 (10.0.19041.1023)
OS uptime: 0 days 13:33 hours

CPU: total 8 (initial active 8) (4 cores per cpu, 2 threads per core) family 6 model 158 stepping 13 microcode 0xde, cmov, cx8, fxsr, mmx, sse, sse2, sse3, ssse3, sse4.1, sse4.2, popcnt, vzeroupper, avx, avx2, aes, clmul, erms, 3dnowpref, lzcnt, ht, tsc, tscinvbit, bmi1, bmi2, adx, fma, clflush, clflushopt

Memory: 4k page, system-wide physical 8112M (1389M free)
TotalPageFile size 32688M (AvailPageFile size 5M)
current process WorkingSet (physical memory assigned to process): 107M, peak: 107M
current process commit charge ("private bytes"): 264M, peak: 265M

vm_info: Java HotSpot(TM) 64-Bit Server VM (15.0.2+7-27) for windows-amd64 JRE (15.0.2+7-27), built on Dec  7 2020 20:07:01 by "mach5one" with unknown MS VC++:1925

END.
